#
# A fatal error has been detected by the Java Runtime Environment:
#
#  EXCEPTION_ACCESS_VIOLATION (0xc0000005) at pc=0x000000007110b5db, pid=15816, tid=0x0000000000000cc8
#
# JRE version: Java(TM) SE Runtime Environment (8.0_291-b10) (build 1.8.0_291-b10)
# Java VM: Java HotSpot(TM) 64-Bit Server VM (25.291-b10 mixed mode windows-amd64 compressed oops)
# Problematic frame:
# C  [jSSC-2.8_x86_64.dll+0xb5db]
#
# Failed to write core dump. Minidumps are not enabled by default on client versions of Windows
#
# If you would like to submit a bug report, please visit:
#   http://bugreport.java.com/bugreport/crash.jsp
# The crash happened outside the Java Virtual Machine in native code.
# See problematic frame for where to report the bug.
#

---------------  T H R E A D  ---------------

Current thread (0x000001d458bf8000):  JavaThread "JavaFX Application Thread" [_thread_in_native, id=3272, stack(0x00000088c8900000,0x00000088c8a00000)]

siginfo: ExceptionCode=0xc0000005, reading address 0x000000005be949f4

Registers:
RAX=0x000000005be949f4, RBX=0x00000088c89fd160, RCX=0x00007ff80b30d744, RDX=0x0000000000000000
RSP=0x00000088c89fd0f0, RBP=0x00000088c89fd270, RSI=0x000001d458bf8200, RDI=0x00000000000006f8
R8 =0x00000088c89fcfe8, R9 =0x00000088c89fd0e0, R10=0x0000000000000000, R11=0x0000000000000246
R12=0x00000088c89fd328, R13=0x000001d458e23dd0, R14=0x00000088c89fd220, R15=0x000001d458bf8000
RIP=0x000000007110b5db, EFLAGS=0x0000000000010202

Top of Stack: (sp=0x00000088c89fd0f0)
0x00000088c89fd0f0:   000001d45d5ec790 000001d458e23b60
0x00000088c89fd100:   000000007110b230 000001d440000000
0x00000088c89fd110:   000001d43ffa0000 0000000000000004
0x00000088c89fd120:   000001d458bf8200 00000000000006f8
0x00000088c89fd130:   00000088c89fd270 0000000071112590
0x00000088c89fd140:   000001d458bf8000 00000088c89fd220
0x00000088c89fd150:   000001d458e23dd0 00000088c89fd328
0x00000088c89fd160:   000001d458e23dd0 00007ff80b2947b1
0x00000088c89fd170:   00000088c89fd1a0 000001d440000000
0x00000088c89fd180:   00000088c89fd270 0000000000000000
0x00000088c89fd190:   0000000071113500 0000000071113be8
0x00000088c89fd1a0:   00000088c89fd1d0 0000000071112641
0x00000088c89fd1b0:   00000088c89fd140 000001d458bf8200
0x00000088c89fd1c0:   0000000000000000 0000000000000000
0x00000088c89fd1d0:   00000088c89fd270 0000000071101595
0x00000088c89fd1e0:   000000000000001c 000001d400000000 

Instructions: (pc=0x000000007110b5db)
0x000000007110b5bb:   c5 0f 1f 40 00 55 57 56 53 48 83 ec 28 48 8b 05
0x000000007110b5cb:   39 33 01 00 48 89 cb 48 85 c0 0f 84 c5 00 00 00
0x000000007110b5db:   8b 38 85 ff 0f 88 ab 00 00 00 48 8b 05 1c 33 01
0x000000007110b5eb:   00 48 85 c0 0f 84 bc 00 00 00 8b 30 85 f6 74 57 


Register to memory mapping:

RAX=0x000000005be949f4 is an unknown value
RBX=0x00000088c89fd160 is pointing into the stack for thread: 0x000001d458bf8000
RCX=0x00007ff80b30d744 is an unknown value
RDX=0x0000000000000000 is an unknown value
RSP=0x00000088c89fd0f0 is pointing into the stack for thread: 0x000001d458bf8000
RBP=0x00000088c89fd270 is pointing into the stack for thread: 0x000001d458bf8000
RSI=0x000001d458bf8200 is an unknown value
RDI=0x00000000000006f8 is an unknown value
R8 =0x00000088c89fcfe8 is pointing into the stack for thread: 0x000001d458bf8000
R9 =0x00000088c89fd0e0 is pointing into the stack for thread: 0x000001d458bf8000
R10=0x0000000000000000 is an unknown value
R11=0x0000000000000246 is an unknown value
R12=0x00000088c89fd328 is pointing into the stack for thread: 0x000001d458bf8000
R13=0x000001d458e23dd0 is an unknown value
R14=0x00000088c89fd220 is pointing into the stack for thread: 0x000001d458bf8000
R15=0x000001d458bf8000 is a thread


Stack: [0x00000088c8900000,0x00000088c8a00000],  sp=0x00000088c89fd0f0,  free space=1012k
Native frames: (J=compiled Java code, j=interpreted, Vv=VM code, C=native code)
C  [jSSC-2.8_x86_64.dll+0xb5db]
C  [jSSC-2.8_x86_64.dll+0x12590]
C  [jSSC-2.8_x86_64.dll+0x1595]
C  0x000001d441a1990e

Java frames: (J=compiled Java code, j=interpreted, Vv=VM code)
j  jssc.SerialNativeInterface.openPort(Ljava/lang/String;Z)J+0
j  jssc.SerialPort.openPort()Z+65
j  sample.DisplayController.initialize(Ljava/net/URL;Ljava/util/ResourceBundle;)V+629
j  javafx.fxml.FXMLLoader.loadImpl(Ljava/io/InputStream;Ljava/lang/Class;)Ljava/lang/Object;+265
j  javafx.fxml.FXMLLoader.loadImpl(Ljava/lang/Class;)Ljava/lang/Object;+30
j  javafx.fxml.FXMLLoader.loadImpl(Ljava/net/URL;Ljava/util/ResourceBundle;Ljavafx/util/BuilderFactory;Ljavafx/util/Callback;Ljava/nio/charset/Charset;Ljava/lang/Class;)Ljava/lang/Object;+34
j  javafx.fxml.FXMLLoader.loadImpl(Ljava/net/URL;Ljava/util/ResourceBundle;Ljavafx/util/BuilderFactory;Ljavafx/util/Callback;Ljava/lang/Class;)Ljava/lang/Object;+11
j  javafx.fxml.FXMLLoader.loadImpl(Ljava/net/URL;Ljava/util/ResourceBundle;Ljavafx/util/BuilderFactory;Ljava/lang/Class;)Ljava/lang/Object;+5
j  javafx.fxml.FXMLLoader.loadImpl(Ljava/net/URL;Ljava/util/ResourceBundle;Ljava/lang/Class;)Ljava/lang/Object;+4
j  javafx.fxml.FXMLLoader.loadImpl(Ljava/net/URL;Ljava/lang/Class;)Ljava/lang/Object;+3
j  javafx.fxml.FXMLLoader.load(Ljava/net/URL;)Ljava/lang/Object;+14
j  sample.Main.start(Ljavafx/stage/Stage;)V+9
j  com.sun.javafx.application.LauncherImpl.lambda$launchApplication1$8(Ljava/util/concurrent/atomic/AtomicBoolean;Ljavafx/application/Application;)V+20
j  com.sun.javafx.application.LauncherImpl$$Lambda$55.run()V+8
j  com.sun.javafx.application.PlatformImpl.lambda$runAndWait$7(Ljava/lang/Runnable;Ljava/util/concurrent/CountDownLatch;)V+1
j  com.sun.javafx.application.PlatformImpl$$Lambda$47.run()V+8
j  com.sun.javafx.application.PlatformImpl.lambda$null$5(Ljava/lang/Runnable;)Ljava/lang/Void;+1
j  com.sun.javafx.application.PlatformImpl$$Lambda$50.run()Ljava/lang/Object;+4
v  ~StubRoutines::call_stub
j  java.security.AccessController.doPrivileged(Ljava/security/PrivilegedAction;Ljava/security/AccessControlContext;)Ljava/lang/Object;+0
j  com.sun.javafx.application.PlatformImpl.lambda$runLater$6(Ljava/lang/Runnable;Ljava/security/AccessControlContext;)V+7
j  com.sun.javafx.application.PlatformImpl$$Lambda$49.run()V+8
j  com.sun.glass.ui.InvokeLaterDispatcher$Future.run()V+4
v  ~StubRoutines::call_stub
j  com.sun.glass.ui.win.WinApplication._runLoop(Ljava/lang/Runnable;)V+0
j  com.sun.glass.ui.win.WinApplication.lambda$null$4(ILjava/lang/Runnable;)V+8
j  com.sun.glass.ui.win.WinApplication$$Lambda$38.run()V+12
j  java.lang.Thread.run()V+11
v  ~StubRoutines::call_stub

---------------  P R O C E S S  ---------------

Java Threads: ( => current thread )
  0x000001d458eee000 JavaThread "Prism Font Disposer" daemon [_thread_blocked, id=7680, stack(0x00000088c8a00000,0x00000088c8b00000)]
  0x000001d458ef0000 JavaThread "Timer-0" [_thread_blocked, id=1984, stack(0x00000088c8d00000,0x00000088c8e00000)]
  0x000001d458ec8800 JavaThread "JavaFX-Launcher" [_thread_blocked, id=14448, stack(0x00000088c8c00000,0x00000088c8d00000)]
  0x000001d458ec3000 JavaThread "Thread-2" daemon [_thread_in_native, id=9372, stack(0x00000088c8b00000,0x00000088c8c00000)]
=>0x000001d458bf8000 JavaThread "JavaFX Application Thread" [_thread_in_native, id=3272, stack(0x00000088c8900000,0x00000088c8a00000)]
  0x000001d458bf7000 JavaThread "Thread-1" daemon [_thread_blocked, id=6436, stack(0x00000088c8800000,0x00000088c8900000)]
  0x000001d458b74800 JavaThread "QuantumRenderer-0" daemon [_thread_blocked, id=2280, stack(0x00000088c8700000,0x00000088c8800000)]
  0x000001d458854800 JavaThread "Service Thread" daemon [_thread_blocked, id=12920, stack(0x00000088c8500000,0x00000088c8600000)]
  0x000001d4587d3800 JavaThread "C1 CompilerThread2" daemon [_thread_blocked, id=2856, stack(0x00000088c8400000,0x00000088c8500000)]
  0x000001d4587bb800 JavaThread "C2 CompilerThread1" daemon [_thread_blocked, id=13120, stack(0x00000088c8300000,0x00000088c8400000)]
  0x000001d4587a4800 JavaThread "C2 CompilerThread0" daemon [_thread_blocked, id=9836, stack(0x00000088c8200000,0x00000088c8300000)]
  0x000001d4587a3800 JavaThread "Monitor Ctrl-Break" daemon [_thread_in_native, id=7428, stack(0x00000088c8100000,0x00000088c8200000)]
  0x000001d457b81800 JavaThread "Attach Listener" daemon [_thread_blocked, id=2348, stack(0x00000088c8000000,0x00000088c8100000)]
  0x000001d457b80800 JavaThread "Signal Dispatcher" daemon [_thread_blocked, id=15456, stack(0x00000088c7f00000,0x00000088c8000000)]
  0x000001d457b59000 JavaThread "Finalizer" daemon [_thread_blocked, id=2984, stack(0x00000088c7e00000,0x00000088c7f00000)]
  0x000001d457b58000 JavaThread "Reference Handler" daemon [_thread_blocked, id=16372, stack(0x00000088c7d00000,0x00000088c7e00000)]
  0x000001d440041000 JavaThread "main" [_thread_blocked, id=16316, stack(0x00000088c7700000,0x00000088c7800000)]

Other Threads:
  0x000001d457b32800 VMThread [stack: 0x00000088c7c00000,0x00000088c7d00000] [id=16368]
  0x000001d458864000 WatcherThread [stack: 0x00000088c8600000,0x00000088c8700000] [id=2976]

VM state:not at safepoint (normal execution)

VM Mutex/Monitor currently owned by a thread: None

heap address: 0x0000000720000000, size: 2560 MB, Compressed Oops mode: Zero based, Oop shift amount: 3
Narrow klass base: 0x0000000000000000, Narrow klass shift: 3
Compressed class space size: 1073741824 Address: 0x00000007c0000000

Heap:
 PSYoungGen      total 47616K, used 7890K [0x000000078ab00000, 0x000000078e000000, 0x00000007c0000000)
  eden space 40960K, 7% used [0x000000078ab00000,0x000000078ae11830,0x000000078d300000)
  from space 6656K, 71% used [0x000000078d300000,0x000000078d7a3338,0x000000078d980000)
  to   space 6656K, 0% used [0x000000078d980000,0x000000078d980000,0x000000078e000000)
 ParOldGen       total 109568K, used 80K [0x0000000720000000, 0x0000000726b00000, 0x000000078ab00000)
  object space 109568K, 0% used [0x0000000720000000,0x0000000720014010,0x0000000726b00000)
 Metaspace       used 14384K, capacity 14838K, committed 15104K, reserved 1062912K
  class space    used 1775K, capacity 1932K, committed 2048K, reserved 1048576K

Card table byte_map: [0x000001d450dc0000,0x000001d4512d0000] byte_map_base: 0x000001d44d4c0000

Marking Bits: (ParMarkBitMap*) 0x0000000069f47fe0
 Begin Bits: [0x000001d451630000, 0x000001d453e30000)
 End Bits:   [0x000001d453e30000, 0x000001d456630000)

Polling page: 0x000001d440110000

CodeCache: size=245760Kb used=4103Kb max_used=4112Kb free=241656Kb
 bounds [0x000001d441a00000, 0x000001d441e10000, 0x000001d450a00000]
 total_blobs=1641 nmethods=1131 adapters=424
 compilation: enabled

Compilation events (10 events):
Event: 2.328 Thread 0x000001d4587d3800 1127       3       java.util.HashSet::remove (20 bytes)
Event: 2.329 Thread 0x000001d4587d3800 nmethod 1127 0x000001d441e02190 code [0x000001d441e02300, 0x000001d441e02590]
Event: 2.329 Thread 0x000001d4587a4800 1128       4       java.util.Arrays::copyOf (19 bytes)
Event: 2.331 Thread 0x000001d4587d3800 1129       3       java.util.HashMap::afterNodeRemoval (1 bytes)
Event: 2.331 Thread 0x000001d4587d3800 nmethod 1129 0x000001d441e05410 code [0x000001d441e05560, 0x000001d441e056b8]
Event: 2.331 Thread 0x000001d4587d3800 1130       3       java.lang.CharacterDataLatin1::getPropertiesEx (11 bytes)
Event: 2.331 Thread 0x000001d4587a4800 nmethod 1128 0x000001d441e05750 code [0x000001d441e058a0, 0x000001d441e05a78]
Event: 2.331 Thread 0x000001d4587d3800 nmethod 1130 0x000001d441e05050 code [0x000001d441e051a0, 0x000001d441e05338]
Event: 2.335 Thread 0x000001d4587d3800 1131       3       java.lang.System::checkKey (34 bytes)
Event: 2.335 Thread 0x000001d4587d3800 nmethod 1131 0x000001d441e04990 code [0x000001d441e04b20, 0x000001d441e04f10]

GC Heap History (2 events):
Event: 2.129 GC heap before
{Heap before GC invocations=1 (full 0):
 PSYoungGen      total 47616K, used 40960K [0x000000078ab00000, 0x000000078e000000, 0x00000007c0000000)
  eden space 40960K, 100% used [0x000000078ab00000,0x000000078d300000,0x000000078d300000)
  from space 6656K, 0% used [0x000000078d980000,0x000000078d980000,0x000000078e000000)
  to   space 6656K, 0% used [0x000000078d300000,0x000000078d300000,0x000000078d980000)
 ParOldGen       total 109568K, used 0K [0x0000000720000000, 0x0000000726b00000, 0x000000078ab00000)
  object space 109568K, 0% used [0x0000000720000000,0x0000000720000000,0x0000000726b00000)
 Metaspace       used 13921K, capacity 14358K, committed 14464K, reserved 1062912K
  class space    used 1715K, capacity 1880K, committed 1920K, reserved 1048576K
Event: 2.137 GC heap after
Heap after GC invocations=1 (full 0):
 PSYoungGen      total 47616K, used 4748K [0x000000078ab00000, 0x000000078e000000, 0x00000007c0000000)
  eden space 40960K, 0% used [0x000000078ab00000,0x000000078ab00000,0x000000078d300000)
  from space 6656K, 71% used [0x000000078d300000,0x000000078d7a3338,0x000000078d980000)
  to   space 6656K, 0% used [0x000000078d980000,0x000000078d980000,0x000000078e000000)
 ParOldGen       total 109568K, used 80K [0x0000000720000000, 0x0000000726b00000, 0x000000078ab00000)
  object space 109568K, 0% used [0x0000000720000000,0x0000000720014010,0x0000000726b00000)
 Metaspace       used 13921K, capacity 14358K, committed 14464K, reserved 1062912K
  class space    used 1715K, capacity 1880K, committed 1920K, reserved 1048576K
}

Deoptimization events (7 events):
Event: 0.461 Thread 0x000001d440041000 Uncommon trap: reason=null_check action=make_not_entrant pc=0x000001d441b271b4 method=java.lang.String.equals(Ljava/lang/Object;)Z @ 8
Event: 1.135 Thread 0x000001d458bf8000 Uncommon trap: reason=unstable_if action=reinterpret pc=0x000001d441bc6fa0 method=java.lang.String.replace(CC)Ljava/lang/String; @ 26
Event: 1.563 Thread 0x000001d458bf8000 Uncommon trap: reason=unstable_if action=reinterpret pc=0x000001d441bed5f8 method=java.lang.String.indexOf([CII[CIII)I @ 3
Event: 1.967 Thread 0x000001d458bf8000 Uncommon trap: reason=unstable_if action=reinterpret pc=0x000001d441cba07c method=java.util.HashMap.getNode(ILjava/lang/Object;)Ljava/util/HashMap$Node; @ 84
Event: 1.967 Thread 0x000001d458bf8000 Uncommon trap: reason=unstable_if action=reinterpret pc=0x000001d441cb3228 method=java.util.HashMap.getNode(ILjava/lang/Object;)Ljava/util/HashMap$Node; @ 84
Event: 2.037 Thread 0x000001d458bf8000 Uncommon trap: reason=unstable_if action=reinterpret pc=0x000001d441cc7924 method=java.lang.AbstractStringBuilder.append(Ljava/lang/String;)Ljava/lang/AbstractStringBuilder; @ 1
Event: 2.258 Thread 0x000001d458bf8000 Uncommon trap: reason=unstable_if action=reinterpret pc=0x000001d441ddd404 method=org.sqlite.SQLiteJDBCLoader.contentsEquals(Ljava/io/InputStream;Ljava/io/InputStream;)Z @ 39

Classes redefined (0 events):
No events

Internal exceptions (10 events):
Event: 1.339 Thread 0x000001d458bf8000 Exception <a 'java/lang/NullPointerException'> (0x000000078bfb0d20) thrown at [C:\jenkins\workspace\8-2-build-windows-amd64-cygwin\jdk8u291\1294\hotspot\src\share\vm\prims\jvm.cpp, line 1527]
Event: 1.530 Thread 0x000001d458bf8000 Exception <a 'java/lang/ArrayIndexOutOfBoundsException'> (0x000000078c4d3830) thrown at [C:\jenkins\workspace\8-2-build-windows-amd64-cygwin\jdk8u291\1294\hotspot\src\share\vm\runtime\sharedRuntime.cpp, line 609]
Event: 1.531 Thread 0x000001d458bf8000 Exception <a 'java/lang/ArrayIndexOutOfBoundsException'> (0x000000078c4d5de8) thrown at [C:\jenkins\workspace\8-2-build-windows-amd64-cygwin\jdk8u291\1294\hotspot\src\share\vm\runtime\sharedRuntime.cpp, line 609]
Event: 1.531 Thread 0x000001d458bf8000 Exception <a 'java/lang/ArrayIndexOutOfBoundsException'> (0x000000078c4d7c90) thrown at [C:\jenkins\workspace\8-2-build-windows-amd64-cygwin\jdk8u291\1294\hotspot\src\share\vm\runtime\sharedRuntime.cpp, line 609]
Event: 1.872 Thread 0x000001d458bf8000 Exception <a 'java/lang/ArrayIndexOutOfBoundsException'> (0x000000078c721e60) thrown at [C:\jenkins\workspace\8-2-build-windows-amd64-cygwin\jdk8u291\1294\hotspot\src\share\vm\runtime\sharedRuntime.cpp, line 609]
Event: 1.872 Thread 0x000001d458bf8000 Exception <a 'java/lang/ArrayIndexOutOfBoundsException'> (0x000000078c722eb8) thrown at [C:\jenkins\workspace\8-2-build-windows-amd64-cygwin\jdk8u291\1294\hotspot\src\share\vm\runtime\sharedRuntime.cpp, line 609]
Event: 2.037 Thread 0x000001d458bf8000 Implicit null exception at 0x000001d441cc7596 to 0x000001d441cc7909
Event: 2.149 Thread 0x000001d458bf8000 Exception <a 'sun/nio/fs/WindowsException'> (0x000000078ac2b430) thrown at [C:\jenkins\workspace\8-2-build-windows-amd64-cygwin\jdk8u291\1294\hotspot\src\share\vm\prims\jni.cpp, line 710]
Event: 2.149 Thread 0x000001d458bf8000 Exception <a 'sun/nio/fs/WindowsException'> (0x000000078ac2bd58) thrown at [C:\jenkins\workspace\8-2-build-windows-amd64-cygwin\jdk8u291\1294\hotspot\src\share\vm\prims\jni.cpp, line 710]
Event: 2.151 Thread 0x000001d458bf8000 Exception <a 'sun/nio/fs/WindowsException'> (0x000000078ac2e220) thrown at [C:\jenkins\workspace\8-2-build-windows-amd64-cygwin\jdk8u291\1294\hotspot\src\share\vm\prims\jni.cpp, line 710]

Events (10 events):
Event: 2.316 loading class org/sqlite/jdbc3/JDBC3ResultSet
Event: 2.316 loading class org/sqlite/jdbc3/JDBC3ResultSet done
Event: 2.332 loading class jssc/SerialPortTimeoutException
Event: 2.332 loading class jssc/SerialPortTimeoutException done
Event: 2.333 loading class jssc/SerialPort$EventThread
Event: 2.333 loading class jssc/SerialPort$EventThread done
Event: 2.333 loading class jssc/SerialPort$LinuxEventThread
Event: 2.333 loading class jssc/SerialPort$LinuxEventThread done
Event: 2.334 loading class jssc/SerialNativeInterface
Event: 2.334 loading class jssc/SerialNativeInterface done


Dynamic libraries:
0x00007ff709770000 - 0x00007ff7097b7000 	C:\Program Files\Java\jdk1.8.0_291\bin\java.exe
0x00007ff80b270000 - 0x00007ff80b468000 	C:\Windows\SYSTEM32\ntdll.dll
0x00007ff80a400000 - 0x00007ff80a4bd000 	C:\Windows\System32\KERNEL32.DLL
0x00007ff808aa0000 - 0x00007ff808d96000 	C:\Windows\System32\KERNELBASE.dll
0x00007ff8096c0000 - 0x00007ff809770000 	C:\Windows\System32\ADVAPI32.dll
0x00007ff80a340000 - 0x00007ff80a3de000 	C:\Windows\System32\msvcrt.dll
0x00007ff80a4c0000 - 0x00007ff80a560000 	C:\Windows\System32\sechost.dll
0x00007ff8097d0000 - 0x00007ff8098f3000 	C:\Windows\System32\RPCRT4.dll
0x00007ff808da0000 - 0x00007ff808dc7000 	C:\Windows\System32\bcrypt.dll
0x00007ff80a0d0000 - 0x00007ff80a26f000 	C:\Windows\System32\USER32.dll
0x00007ff809280000 - 0x00007ff8092a2000 	C:\Windows\System32\win32u.dll
0x00007ff809690000 - 0x00007ff8096bb000 	C:\Windows\System32\GDI32.dll
0x00007ff8090c0000 - 0x00007ff8091d7000 	C:\Windows\System32\gdi32full.dll
0x00007ff8091e0000 - 0x00007ff80927d000 	C:\Windows\System32\msvcp_win.dll
0x00007ff8089a0000 - 0x00007ff808aa0000 	C:\Windows\System32\ucrtbase.dll
0x00007ff801c00000 - 0x00007ff801e9a000 	C:\Windows\WinSxS\amd64_microsoft.windows.common-controls_6595b64144ccf1df_6.0.19041.4355_none_60b8b9eb71f62e16\COMCTL32.dll
0x00007ff80b1e0000 - 0x00007ff80b20f000 	C:\Windows\System32\IMM32.DLL
0x00007ff803230000 - 0x00007ff803245000 	C:\Program Files\Java\jdk1.8.0_291\jre\bin\vcruntime140.dll
0x00007fffe5b20000 - 0x00007fffe5bbb000 	C:\Program Files\Java\jdk1.8.0_291\jre\bin\msvcp140.dll
0x0000000069760000 - 0x0000000069fc0000 	C:\Program Files\Java\jdk1.8.0_291\jre\bin\server\jvm.dll
0x00007ff80a3e0000 - 0x00007ff80a3e8000 	C:\Windows\System32\PSAPI.DLL
0x00007ffff90a0000 - 0x00007ffff90a9000 	C:\Windows\SYSTEM32\WSOCK32.dll
0x00007ff80ac20000 - 0x00007ff80ac8b000 	C:\Windows\System32\WS2_32.dll
0x00007ff802170000 - 0x00007ff802197000 	C:\Windows\SYSTEM32\WINMM.dll
0x00007ff8021a0000 - 0x00007ff8021aa000 	C:\Windows\SYSTEM32\VERSION.dll
0x00007ff807160000 - 0x00007ff807172000 	C:\Windows\SYSTEM32\kernel.appcore.dll
0x00007ff805dc0000 - 0x00007ff805dd0000 	C:\Program Files\Java\jdk1.8.0_291\jre\bin\verify.dll
0x00007ffffaf90000 - 0x00007ffffafbb000 	C:\Program Files\Java\jdk1.8.0_291\jre\bin\java.dll
0x00007fffe8d20000 - 0x00007fffe8d50000 	C:\Program Files\Java\jdk1.8.0_291\jre\bin\instrument.dll
0x00007ff800f70000 - 0x00007ff800f88000 	C:\Program Files\Java\jdk1.8.0_291\jre\bin\zip.dll
0x00007ff809960000 - 0x00007ff80a0cc000 	C:\Windows\System32\SHELL32.dll
0x00007ff8067a0000 - 0x00007ff806f3d000 	C:\Windows\SYSTEM32\windows.storage.dll
0x00007ff809330000 - 0x00007ff809683000 	C:\Windows\System32\combase.dll
0x00007ff808350000 - 0x00007ff80837e000 	C:\Windows\SYSTEM32\Wldp.dll
0x00007ff80a270000 - 0x00007ff80a33d000 	C:\Windows\System32\OLEAUT32.dll
0x00007ff80aca0000 - 0x00007ff80ad4d000 	C:\Windows\System32\SHCORE.dll
0x00007ff809770000 - 0x00007ff8097c5000 	C:\Windows\System32\shlwapi.dll
0x00007ff808860000 - 0x00007ff808884000 	C:\Windows\SYSTEM32\profapi.dll
0x00007ffffc140000 - 0x00007ffffc15a000 	C:\Program Files\JetBrains\IntelliJ IDEA 2022.1.2\bin\breakgen64.dll
0x00007ffff6ed0000 - 0x00007ffff6eec000 	C:\Program Files\Java\jdk1.8.0_291\jre\bin\net.dll
0x00007ff808060000 - 0x00007ff8080ca000 	C:\Windows\system32\mswsock.dll
0x000001d4401a0000 - 0x000001d4401a3000 	C:\Program Files\Java\jdk1.8.0_291\jre\bin\api-ms-win-core-console-l1-1-0.dll
0x000001d4401b0000 - 0x000001d4401b3000 	C:\Program Files\Java\jdk1.8.0_291\jre\bin\api-ms-win-core-console-l1-2-0.dll
0x000001d4401c0000 - 0x000001d4401c3000 	C:\Program Files\Java\jdk1.8.0_291\jre\bin\api-ms-win-core-datetime-l1-1-0.dll
0x000001d4401d0000 - 0x000001d4401d3000 	C:\Program Files\Java\jdk1.8.0_291\jre\bin\api-ms-win-core-debug-l1-1-0.dll
0x000001d4401e0000 - 0x000001d4401e3000 	C:\Program Files\Java\jdk1.8.0_291\jre\bin\api-ms-win-core-errorhandling-l1-1-0.dll
0x000001d4401f0000 - 0x000001d4401f4000 	C:\Program Files\Java\jdk1.8.0_291\jre\bin\api-ms-win-core-file-l1-1-0.dll
0x000001d440200000 - 0x000001d440203000 	C:\Program Files\Java\jdk1.8.0_291\jre\bin\api-ms-win-core-file-l1-2-0.dll
0x000001d440210000 - 0x000001d440213000 	C:\Program Files\Java\jdk1.8.0_291\jre\bin\api-ms-win-core-file-l2-1-0.dll
0x000001d440220000 - 0x000001d440223000 	C:\Program Files\Java\jdk1.8.0_291\jre\bin\api-ms-win-core-handle-l1-1-0.dll
0x000001d440230000 - 0x000001d440233000 	C:\Program Files\Java\jdk1.8.0_291\jre\bin\api-ms-win-core-heap-l1-1-0.dll
0x000001d440240000 - 0x000001d440243000 	C:\Program Files\Java\jdk1.8.0_291\jre\bin\api-ms-win-core-interlocked-l1-1-0.dll
0x000001d459330000 - 0x000001d459333000 	C:\Program Files\Java\jdk1.8.0_291\jre\bin\api-ms-win-core-libraryloader-l1-1-0.dll
0x000001d459340000 - 0x000001d459343000 	C:\Program Files\Java\jdk1.8.0_291\jre\bin\api-ms-win-core-localization-l1-2-0.dll
0x000001d459350000 - 0x000001d459353000 	C:\Program Files\Java\jdk1.8.0_291\jre\bin\api-ms-win-core-memory-l1-1-0.dll
0x000001d459360000 - 0x000001d459363000 	C:\Program Files\Java\jdk1.8.0_291\jre\bin\api-ms-win-core-namedpipe-l1-1-0.dll
0x000001d459370000 - 0x000001d459373000 	C:\Program Files\Java\jdk1.8.0_291\jre\bin\api-ms-win-core-processenvironment-l1-1-0.dll
0x000001d459380000 - 0x000001d459383000 	C:\Program Files\Java\jdk1.8.0_291\jre\bin\api-ms-win-core-processthreads-l1-1-0.dll
0x000001d459390000 - 0x000001d459393000 	C:\Program Files\Java\jdk1.8.0_291\jre\bin\api-ms-win-core-processthreads-l1-1-1.dll
0x000001d4593a0000 - 0x000001d4593a3000 	C:\Program Files\Java\jdk1.8.0_291\jre\bin\api-ms-win-core-profile-l1-1-0.dll
0x000001d4593b0000 - 0x000001d4593b3000 	C:\Program Files\Java\jdk1.8.0_291\jre\bin\api-ms-win-core-rtlsupport-l1-1-0.dll
0x000001d4593c0000 - 0x000001d4593c3000 	C:\Program Files\Java\jdk1.8.0_291\jre\bin\api-ms-win-core-string-l1-1-0.dll
0x000001d4593d0000 - 0x000001d4593d3000 	C:\Program Files\Java\jdk1.8.0_291\jre\bin\api-ms-win-core-synch-l1-1-0.dll
0x000001d4593e0000 - 0x000001d4593e3000 	C:\Program Files\Java\jdk1.8.0_291\jre\bin\api-ms-win-core-synch-l1-2-0.dll
0x000001d4593f0000 - 0x000001d4593f3000 	C:\Program Files\Java\jdk1.8.0_291\jre\bin\api-ms-win-core-sysinfo-l1-1-0.dll
0x000001d459400000 - 0x000001d459403000 	C:\Program Files\Java\jdk1.8.0_291\jre\bin\api-ms-win-core-timezone-l1-1-0.dll
0x000001d459410000 - 0x000001d459413000 	C:\Program Files\Java\jdk1.8.0_291\jre\bin\api-ms-win-core-util-l1-1-0.dll
0x000001d459420000 - 0x000001d459423000 	C:\Program Files\Java\jdk1.8.0_291\jre\bin\api-ms-win-crt-conio-l1-1-0.dll
0x000001d459430000 - 0x000001d459434000 	C:\Program Files\Java\jdk1.8.0_291\jre\bin\api-ms-win-crt-convert-l1-1-0.dll
0x000001d459440000 - 0x000001d459443000 	C:\Program Files\Java\jdk1.8.0_291\jre\bin\api-ms-win-crt-environment-l1-1-0.dll
0x000001d459450000 - 0x000001d459453000 	C:\Program Files\Java\jdk1.8.0_291\jre\bin\api-ms-win-crt-filesystem-l1-1-0.dll
0x000001d459460000 - 0x000001d459463000 	C:\Program Files\Java\jdk1.8.0_291\jre\bin\api-ms-win-crt-heap-l1-1-0.dll
0x000001d459470000 - 0x000001d459473000 	C:\Program Files\Java\jdk1.8.0_291\jre\bin\api-ms-win-crt-locale-l1-1-0.dll
0x000001d459480000 - 0x000001d459485000 	C:\Program Files\Java\jdk1.8.0_291\jre\bin\api-ms-win-crt-math-l1-1-0.dll
0x000001d459490000 - 0x000001d459495000 	C:\Program Files\Java\jdk1.8.0_291\jre\bin\api-ms-win-crt-multibyte-l1-1-0.dll
0x000001d4594a0000 - 0x000001d4594b0000 	C:\Program Files\Java\jdk1.8.0_291\jre\bin\api-ms-win-crt-private-l1-1-0.dll
0x000001d4594b0000 - 0x000001d4594b3000 	C:\Program Files\Java\jdk1.8.0_291\jre\bin\api-ms-win-crt-process-l1-1-0.dll
0x000001d4594c0000 - 0x000001d4594c4000 	C:\Program Files\Java\jdk1.8.0_291\jre\bin\api-ms-win-crt-runtime-l1-1-0.dll
0x000001d4594d0000 - 0x000001d4594d4000 	C:\Program Files\Java\jdk1.8.0_291\jre\bin\api-ms-win-crt-stdio-l1-1-0.dll
0x000001d4594e0000 - 0x000001d4594e4000 	C:\Program Files\Java\jdk1.8.0_291\jre\bin\api-ms-win-crt-string-l1-1-0.dll
0x000001d4594f0000 - 0x000001d4594f3000 	C:\Program Files\Java\jdk1.8.0_291\jre\bin\api-ms-win-crt-time-l1-1-0.dll
0x000001d459500000 - 0x000001d459503000 	C:\Program Files\Java\jdk1.8.0_291\jre\bin\api-ms-win-crt-utility-l1-1-0.dll
0x00007fffdda80000 - 0x00007fffddb7a000 	C:\Program Files\Java\jdk1.8.0_291\jre\bin\ucrtbase.dll
0x00007ff803d80000 - 0x00007ff803d8c000 	C:\Program Files\Java\jdk1.8.0_291\jre\bin\vcruntime140_1.dll
0x00007fffe8c30000 - 0x00007fffe8c53000 	C:\Program Files\Java\jdk1.8.0_291\jre\bin\prism_d3d.dll
0x00007fffd7020000 - 0x00007fffd71ee000 	C:\Windows\system32\d3d9.dll
0x00007ff8062d0000 - 0x00007ff8062ff000 	C:\Windows\SYSTEM32\dwmapi.dll
0x00007ff8060c0000 - 0x00007ff80615e000 	C:\Windows\system32\uxtheme.dll
0x00007fffd5f60000 - 0x00007fffd7016000 	C:\Windows\SYSTEM32\nvd3dumx.dll
0x00007fffe5ad0000 - 0x00007fffe5b12000 	C:\Program Files\Java\jdk1.8.0_291\jre\bin\glass.dll
0x00007ff80b100000 - 0x00007ff80b1da000 	C:\Windows\System32\COMDLG32.dll
0x00007ff80a680000 - 0x00007ff80a7ab000 	C:\Windows\System32\ole32.dll
0x00007ff80a560000 - 0x00007ff80a674000 	C:\Windows\System32\MSCTF.dll
0x00007ff808dd0000 - 0x00007ff808e52000 	C:\Windows\System32\bcryptPrimitives.dll
0x00007ff8080d0000 - 0x00007ff80811b000 	C:\Windows\system32\powrprof.dll
0x00007ff808040000 - 0x00007ff808052000 	C:\Windows\SYSTEM32\UMPDC.dll
0x00007ffffd660000 - 0x00007ffffd7cc000 	C:\Program Files (x86)\NVIDIA Corporation\3D Vision\nvSCPAPI64.dll
0x00007ff80a7b0000 - 0x00007ff80ac1e000 	C:\Windows\System32\SETUPAPI.dll
0x00007ff808e60000 - 0x00007ff808eae000 	C:\Windows\System32\cfgmgr32.dll
0x00007fffe67e0000 - 0x00007fffe67f4000 	C:\Program Files\Java\jdk1.8.0_291\jre\bin\javafx_font.dll
0x00007fffe6f70000 - 0x00007fffe71ef000 	C:\Windows\SYSTEM32\dwrite.dll
0x00007ff8082b0000 - 0x00007ff8082c8000 	C:\Windows\SYSTEM32\CRYPTSP.dll
0x00007ff807960000 - 0x00007ff807994000 	C:\Windows\system32\rsaenh.dll
0x00007ff808810000 - 0x00007ff80883e000 	C:\Windows\SYSTEM32\USERENV.dll
0x00007ff8082a0000 - 0x00007ff8082ac000 	C:\Windows\SYSTEM32\CRYPTBASE.dll
0x00007ff807d20000 - 0x00007ff807d5b000 	C:\Windows\SYSTEM32\IPHLPAPI.DLL
0x00007ff80ac90000 - 0x00007ff80ac98000 	C:\Windows\System32\NSI.dll
0x00007ff803790000 - 0x00007ff8037a7000 	C:\Windows\SYSTEM32\dhcpcsvc6.DLL
0x00007ff803770000 - 0x00007ff80378d000 	C:\Windows\SYSTEM32\dhcpcsvc.DLL
0x00007ff807d60000 - 0x00007ff807e2a000 	C:\Windows\SYSTEM32\DNSAPI.dll
0x00007fffe9b80000 - 0x00007fffe9b93000 	C:\Program Files\Java\jdk1.8.0_291\jre\bin\nio.dll
0x00007fffdd740000 - 0x00007fffdd82c000 	C:\Users\id-05\AppData\Local\Temp\sqlite-3.42.0.1-f3ba37e4-8315-4613-9f58-f04fc6f86147-sqlitejdbc.dll
0x0000000071100000 - 0x0000000071125000 	C:\Users\id-05\.jssc\windows\jSSC-2.8_x86_64.dll
0x00007ffff9570000 - 0x00007ffff9754000 	C:\Windows\SYSTEM32\dbghelp.dll

VM Arguments:
jvm_args: -javaagent:C:\Program Files\JetBrains\IntelliJ IDEA 2022.1.2\lib\idea_rt.jar=52638:C:\Program Files\JetBrains\IntelliJ IDEA 2022.1.2\bin -Dfile.encoding=UTF-8 
java_command: sample.Main
java_class_path (initial): C:\Program Files\Java\jdk1.8.0_291\jre\lib\charsets.jar;C:\Program Files\Java\jdk1.8.0_291\jre\lib\deploy.jar;C:\Program Files\Java\jdk1.8.0_291\jre\lib\ext\access-bridge-64.jar;C:\Program Files\Java\jdk1.8.0_291\jre\lib\ext\cldrdata.jar;C:\Program Files\Java\jdk1.8.0_291\jre\lib\ext\dnsns.jar;C:\Program Files\Java\jdk1.8.0_291\jre\lib\ext\jaccess.jar;C:\Program Files\Java\jdk1.8.0_291\jre\lib\ext\jfxrt.jar;C:\Program Files\Java\jdk1.8.0_291\jre\lib\ext\localedata.jar;C:\Program Files\Java\jdk1.8.0_291\jre\lib\ext\nashorn.jar;C:\Program Files\Java\jdk1.8.0_291\jre\lib\ext\sunec.jar;C:\Program Files\Java\jdk1.8.0_291\jre\lib\ext\sunjce_provider.jar;C:\Program Files\Java\jdk1.8.0_291\jre\lib\ext\sunmscapi.jar;C:\Program Files\Java\jdk1.8.0_291\jre\lib\ext\sunpkcs11.jar;C:\Program Files\Java\jdk1.8.0_291\jre\lib\ext\zipfs.jar;C:\Program Files\Java\jdk1.8.0_291\jre\lib\javaws.jar;C:\Program Files\Java\jdk1.8.0_291\jre\lib\jce.jar;C:\Program Files\Java\jdk1.8.0_291\jre\lib\jfr.jar;C:\Program Files\Java\jdk1.8.0_291\jre\lib\jfxswt.jar;C:\Program Files\Java\jdk1.8.0_291\jre\lib\jsse.jar;C:\Program Files\Java\jdk1.8.0_291\jre\lib\management-agent.jar;C:\Program Files\Java\jdk1.8.0_291\jre\lib\plugin.jar;C:\Program Files\Java\jdk1.8.0_291\jre\lib\resources.jar;C:\Program Files\Java\jdk1.8.0_291\jre\lib\rt.jar;C:\Users\id-05\Dropbox\PROGRAMS_JAVA\RiedelChillerMonitor\out\production\RiedelChillerMonitor;C:\Users\id-05\Dropbox\PROGRAMS_JAVA\jar_files\fontawesomefx-8.2.jar;C:\Users\id-05\Dropbox\PROGRAMS_JAVA\jssc-2.8.0.jar;C:\Users\id-05\Dropbox\PROGRAMS_JAVA\jar_files\sqlite-jdbc-3.42.0.1.jar;C:\Users\id-05\Dropbox\PROGRAMS_JAVA\jar_files\telegrambots-5.0.1.jar;C:\Users\id-05\Dropbox\PROGRAMS_JAVA\jar_files\telegrambots-meta-5.0.1.jar;C:\Users\id-05\Dropbox\PROGRAMS_JAVA\jar_files\gson-2.8.5.jar;C:\Users\id-05\Dropbox\PROGRAMS_JAVA\jar_files\slf4j-api-1.7.30.jar;C:\Users\id-05\Dropbox\PROGRAMS_JAVA\jar_files\jackson-annotations-2.11.4.jar;C:\Users\
Launcher Type: SUN_STANDARD

Environment Variables:
JAVA_HOME=C:\Program Files\OpenJDK\openjdk-8u302-b08
USERNAME=id-05
OS=Windows_NT
PROCESSOR_IDENTIFIER=AMD64 Family 21 Model 2 Stepping 0, AuthenticAMD



---------------  S Y S T E M  ---------------

OS: Windows 10.0 , 64 bit Build 19041 (10.0.19041.3636)

CPU:total 4 (initial active 4) (4 cores per cpu, 1 threads per core) family 21 model 2 stepping 0, cmov, cx8, fxsr, mmx, sse, sse2, sse3, ssse3, sse4.1, sse4.2, popcnt, avx, aes, clmul, mmxext, 3dnowpref, lzcnt, sse4a, tsc, tscinvbit, tscinv, bmi1

Memory: 4k page, physical 10483248k(2735544k free), swap 13497904k(4668676k free)

vm_info: Java HotSpot(TM) 64-Bit Server VM (25.291-b10) for windows-amd64 JRE (1.8.0_291-b10), built on Apr  9 2021 00:02:00 by "java_re" with MS VC++ 15.9 (VS2017)

time: Mon Jun 24 15:13:52 2024
timezone: Забайкальское стандартное время
elapsed time: 2.439303 seconds (0d 0h 0m 2s)

