#
# A fatal error has been detected by the Java Runtime Environment:
#
#  EXCEPTION_ACCESS_VIOLATION (0xc0000005) at pc=0x000000007110b5db, pid=18424, tid=0x00000000000022e8
#
# JRE version: Java(TM) SE Runtime Environment (8.0_291-b10) (build 1.8.0_291-b10)
# Java VM: Java HotSpot(TM) 64-Bit Server VM (25.291-b10 mixed mode windows-amd64 compressed oops)
# Problematic frame:
# C  [jSSC-2.8_x86_64.dll+0xb5db]
#
# Failed to write core dump. Minidumps are not enabled by default on client versions of Windows
#
# If you would like to submit a bug report, please visit:
#   http://bugreport.java.com/bugreport/crash.jsp
# The crash happened outside the Java Virtual Machine in native code.
# See problematic frame for where to report the bug.
#

---------------  T H R E A D  ---------------

Current thread (0x000001dadcd05000):  JavaThread "JavaFX Application Thread" [_thread_in_native, id=8936, stack(0x000000ad7a100000,0x000000ad7a200000)]

siginfo: ExceptionCode=0xc0000005, reading address 0xffffffffdf1445da

Registers:
RAX=0xffffffffdf1445da, RBX=0x000000ad7a1fd270, RCX=0x00007ffeb152d744, RDX=0x0000000000000000
RSP=0x000000ad7a1fd200, RBP=0x000000ad7a1fd380, RSI=0x000001dadcd05200, RDI=0x00000000000006d8
R8 =0x000000ad7a1fd0f8, R9 =0x000000ad7a1fd1f0, R10=0x0000000000000000, R11=0x0000000000000246
R12=0x000000ad7a1fd438, R13=0x000001dadcee5fb0, R14=0x000000ad7a1fd330, R15=0x000001dadcd05000
RIP=0x000000007110b5db, EFLAGS=0x0000000000010202

Top of Stack: (sp=0x000000ad7a1fd200)
0x000000ad7a1fd200:   000001dae17218a0 000001dadcee5bf0
0x000000ad7a1fd210:   000000007110b230 000001dac4040000
0x000000ad7a1fd220:   000001dac4210000 0000000000000004
0x000000ad7a1fd230:   000001dadcd05200 00000000000006d8
0x000000ad7a1fd240:   000000ad7a1fd380 0000000071112590
0x000000ad7a1fd250:   000001dadcd05000 000000ad7a1fd330
0x000000ad7a1fd260:   000001dadcee5fb0 000000ad7a1fd438
0x000000ad7a1fd270:   000001dadcee5fb0 00007ffeb14b47b1
0x000000ad7a1fd280:   000000ad7a1fd2b0 000001dac4040000
0x000000ad7a1fd290:   000000ad7a1fd380 0000000000000000
0x000000ad7a1fd2a0:   0000000071113500 0000000071113be8
0x000000ad7a1fd2b0:   000000ad7a1fd2e0 0000000071112641
0x000000ad7a1fd2c0:   000000ad7a1fd250 000001dadcd05200
0x000000ad7a1fd2d0:   0000000000000000 0000000000000000
0x000000ad7a1fd2e0:   000000ad7a1fd380 0000000071101595
0x000000ad7a1fd2f0:   000000000000001c 000001da00000000 

Instructions: (pc=0x000000007110b5db)
0x000000007110b5bb:   c5 0f 1f 40 00 55 57 56 53 48 83 ec 28 48 8b 05
0x000000007110b5cb:   39 33 01 00 48 89 cb 48 85 c0 0f 84 c5 00 00 00
0x000000007110b5db:   8b 38 85 ff 0f 88 ab 00 00 00 48 8b 05 1c 33 01
0x000000007110b5eb:   00 48 85 c0 0f 84 bc 00 00 00 8b 30 85 f6 74 57 


Register to memory mapping:

RAX=0xffffffffdf1445da is an unknown value
RBX=0x000000ad7a1fd270 is pointing into the stack for thread: 0x000001dadcd05000
RCX=0x00007ffeb152d744 is an unknown value
RDX=0x0000000000000000 is an unknown value
RSP=0x000000ad7a1fd200 is pointing into the stack for thread: 0x000001dadcd05000
RBP=0x000000ad7a1fd380 is pointing into the stack for thread: 0x000001dadcd05000
RSI=0x000001dadcd05200 is an unknown value
RDI=0x00000000000006d8 is an unknown value
R8 =0x000000ad7a1fd0f8 is pointing into the stack for thread: 0x000001dadcd05000
R9 =0x000000ad7a1fd1f0 is pointing into the stack for thread: 0x000001dadcd05000
R10=0x0000000000000000 is an unknown value
R11=0x0000000000000246 is an unknown value
R12=0x000000ad7a1fd438 is pointing into the stack for thread: 0x000001dadcd05000
R13=0x000001dadcee5fb0 is an unknown value
R14=0x000000ad7a1fd330 is pointing into the stack for thread: 0x000001dadcd05000
R15=0x000001dadcd05000 is a thread


Stack: [0x000000ad7a100000,0x000000ad7a200000],  sp=0x000000ad7a1fd200,  free space=1012k
Native frames: (J=compiled Java code, j=interpreted, Vv=VM code, C=native code)
C  [jSSC-2.8_x86_64.dll+0xb5db]
C  [jSSC-2.8_x86_64.dll+0x12590]
C  [jSSC-2.8_x86_64.dll+0x1595]
C  0x000001dac5a6990e

Java frames: (J=compiled Java code, j=interpreted, Vv=VM code)
j  jssc.SerialNativeInterface.openPort(Ljava/lang/String;Z)J+0
j  jssc.SerialPort.openPort()Z+65
j  sample.DisplayController.initialize(Ljava/net/URL;Ljava/util/ResourceBundle;)V+629
j  javafx.fxml.FXMLLoader.loadImpl(Ljava/io/InputStream;Ljava/lang/Class;)Ljava/lang/Object;+265
j  javafx.fxml.FXMLLoader.loadImpl(Ljava/lang/Class;)Ljava/lang/Object;+30
j  javafx.fxml.FXMLLoader.loadImpl(Ljava/net/URL;Ljava/util/ResourceBundle;Ljavafx/util/BuilderFactory;Ljavafx/util/Callback;Ljava/nio/charset/Charset;Ljava/lang/Class;)Ljava/lang/Object;+34
j  javafx.fxml.FXMLLoader.loadImpl(Ljava/net/URL;Ljava/util/ResourceBundle;Ljavafx/util/BuilderFactory;Ljavafx/util/Callback;Ljava/lang/Class;)Ljava/lang/Object;+11
j  javafx.fxml.FXMLLoader.loadImpl(Ljava/net/URL;Ljava/util/ResourceBundle;Ljavafx/util/BuilderFactory;Ljava/lang/Class;)Ljava/lang/Object;+5
j  javafx.fxml.FXMLLoader.loadImpl(Ljava/net/URL;Ljava/util/ResourceBundle;Ljava/lang/Class;)Ljava/lang/Object;+4
j  javafx.fxml.FXMLLoader.loadImpl(Ljava/net/URL;Ljava/lang/Class;)Ljava/lang/Object;+3
j  javafx.fxml.FXMLLoader.load(Ljava/net/URL;)Ljava/lang/Object;+14
j  sample.Main.start(Ljavafx/stage/Stage;)V+9
j  com.sun.javafx.application.LauncherImpl.lambda$launchApplication1$8(Ljava/util/concurrent/atomic/AtomicBoolean;Ljavafx/application/Application;)V+20
j  com.sun.javafx.application.LauncherImpl$$Lambda$55.run()V+8
j  com.sun.javafx.application.PlatformImpl.lambda$runAndWait$7(Ljava/lang/Runnable;Ljava/util/concurrent/CountDownLatch;)V+1
j  com.sun.javafx.application.PlatformImpl$$Lambda$47.run()V+8
j  com.sun.javafx.application.PlatformImpl.lambda$null$5(Ljava/lang/Runnable;)Ljava/lang/Void;+1
j  com.sun.javafx.application.PlatformImpl$$Lambda$50.run()Ljava/lang/Object;+4
v  ~StubRoutines::call_stub
j  java.security.AccessController.doPrivileged(Ljava/security/PrivilegedAction;Ljava/security/AccessControlContext;)Ljava/lang/Object;+0
j  com.sun.javafx.application.PlatformImpl.lambda$runLater$6(Ljava/lang/Runnable;Ljava/security/AccessControlContext;)V+7
j  com.sun.javafx.application.PlatformImpl$$Lambda$49.run()V+8
j  com.sun.glass.ui.InvokeLaterDispatcher$Future.run()V+4
v  ~StubRoutines::call_stub
j  com.sun.glass.ui.win.WinApplication._runLoop(Ljava/lang/Runnable;)V+0
j  com.sun.glass.ui.win.WinApplication.lambda$null$4(ILjava/lang/Runnable;)V+8
j  com.sun.glass.ui.win.WinApplication$$Lambda$38.run()V+12
j  java.lang.Thread.run()V+11
v  ~StubRoutines::call_stub

---------------  P R O C E S S  ---------------

Java Threads: ( => current thread )
  0x000001dadd107800 JavaThread "Prism Font Disposer" daemon [_thread_blocked, id=17232, stack(0x000000ad7a600000,0x000000ad7a700000)]
  0x000001dadcf98800 JavaThread "Thread-4" daemon [_thread_in_native, id=13300, stack(0x000000ad7a200000,0x000000ad7a300000)]
  0x000001dadcf9d000 JavaThread "Timer-0" [_thread_blocked, id=18076, stack(0x000000ad7a400000,0x000000ad7a500000)]
  0x000001dadcf9b000 JavaThread "JavaFX-Launcher" [_thread_blocked, id=13436, stack(0x000000ad7a300000,0x000000ad7a400000)]
=>0x000001dadcd05000 JavaThread "JavaFX Application Thread" [_thread_in_native, id=8936, stack(0x000000ad7a100000,0x000000ad7a200000)]
  0x000001dadcc9b000 JavaThread "Thread-1" daemon [_thread_blocked, id=18412, stack(0x000000ad7a000000,0x000000ad7a100000)]
  0x000001dadcc57800 JavaThread "QuantumRenderer-0" daemon [_thread_blocked, id=9180, stack(0x000000ad79f00000,0x000000ad7a000000)]
  0x000001dadc8f3000 JavaThread "Service Thread" daemon [_thread_blocked, id=18292, stack(0x000000ad79d00000,0x000000ad79e00000)]
  0x000001dadc86e800 JavaThread "C1 CompilerThread2" daemon [_thread_blocked, id=6532, stack(0x000000ad79c00000,0x000000ad79d00000)]
  0x000001dadc857000 JavaThread "C2 CompilerThread1" daemon [_thread_blocked, id=17264, stack(0x000000ad79b00000,0x000000ad79c00000)]
  0x000001dadc851000 JavaThread "C2 CompilerThread0" daemon [_thread_blocked, id=18252, stack(0x000000ad79a00000,0x000000ad79b00000)]
  0x000001dadc84b000 JavaThread "Monitor Ctrl-Break" daemon [_thread_in_native, id=18028, stack(0x000000ad79900000,0x000000ad79a00000)]
  0x000001dadbc14800 JavaThread "Attach Listener" daemon [_thread_blocked, id=12928, stack(0x000000ad79800000,0x000000ad79900000)]
  0x000001dadbc13000 JavaThread "Signal Dispatcher" daemon [_thread_blocked, id=1716, stack(0x000000ad79700000,0x000000ad79800000)]
  0x000001dadbbef800 JavaThread "Finalizer" daemon [_thread_blocked, id=18224, stack(0x000000ad79600000,0x000000ad79700000)]
  0x000001dadbbe8800 JavaThread "Reference Handler" daemon [_thread_blocked, id=588, stack(0x000000ad79500000,0x000000ad79600000)]
  0x000001dac4081800 JavaThread "main" [_thread_blocked, id=12944, stack(0x000000ad78f00000,0x000000ad79000000)]

Other Threads:
  0x000001dadb4bc800 VMThread [stack: 0x000000ad79400000,0x000000ad79500000] [id=4520]
  0x000001dadc8fa800 WatcherThread [stack: 0x000000ad79e00000,0x000000ad79f00000] [id=1220]

VM state:not at safepoint (normal execution)

VM Mutex/Monitor currently owned by a thread: None

heap address: 0x0000000720000000, size: 2560 MB, Compressed Oops mode: Zero based, Oop shift amount: 3
Narrow klass base: 0x0000000000000000, Narrow klass shift: 3
Compressed class space size: 1073741824 Address: 0x00000007c0000000

Heap:
 PSYoungGen      total 47616K, used 7858K [0x000000078ab00000, 0x000000078e000000, 0x00000007c0000000)
  eden space 40960K, 7% used [0x000000078ab00000,0x000000078ae11688,0x000000078d300000)
  from space 6656K, 70% used [0x000000078d300000,0x000000078d79b318,0x000000078d980000)
  to   space 6656K, 0% used [0x000000078d980000,0x000000078d980000,0x000000078e000000)
 ParOldGen       total 109568K, used 80K [0x0000000720000000, 0x0000000726b00000, 0x000000078ab00000)
  object space 109568K, 0% used [0x0000000720000000,0x0000000720014010,0x0000000726b00000)
 Metaspace       used 14386K, capacity 14834K, committed 15104K, reserved 1062912K
  class space    used 1770K, capacity 1932K, committed 2048K, reserved 1048576K

Card table byte_map: [0x000001dad4e10000,0x000001dad5320000] byte_map_base: 0x000001dad1510000

Marking Bits: (ParMarkBitMap*) 0x0000000062917fe0
 Begin Bits: [0x000001dad5680000, 0x000001dad7e80000)
 End Bits:   [0x000001dad7e80000, 0x000001dada680000)

Polling page: 0x000001dac5a20000

CodeCache: size=245760Kb used=4135Kb max_used=4135Kb free=241624Kb
 bounds [0x000001dac5a50000, 0x000001dac5e60000, 0x000001dad4a50000]
 total_blobs=1646 nmethods=1136 adapters=424
 compilation: enabled

Compilation events (10 events):
Event: 1.945 Thread 0x000001dadc86e800 1132       3       java.util.HashMap::remove (26 bytes)
Event: 1.945 Thread 0x000001dadc86e800 nmethod 1132 0x000001dac5e4cad0 code [0x000001dac5e4cc60, 0x000001dac5e4d080]
Event: 1.947 Thread 0x000001dadc86e800 1133       3       java.util.HashSet::remove (20 bytes)
Event: 1.947 Thread 0x000001dadc86e800 nmethod 1133 0x000001dac5e4c610 code [0x000001dac5e4c780, 0x000001dac5e4ca10]
Event: 1.947 Thread 0x000001dadc86e800 1134       3       java.lang.StringCoding::scale (7 bytes)
Event: 1.947 Thread 0x000001dadc86e800 nmethod 1134 0x000001dac5e4c2d0 code [0x000001dac5e4c420, 0x000001dac5e4c598]
Event: 1.949 Thread 0x000001dadc86e800 1135       3       java.util.HashMap::afterNodeRemoval (1 bytes)
Event: 1.949 Thread 0x000001dadc86e800 nmethod 1135 0x000001dac5e4bf90 code [0x000001dac5e4c0e0, 0x000001dac5e4c238]
Event: 1.949 Thread 0x000001dadc86e800 1136       3       java.lang.CharacterDataLatin1::getPropertiesEx (11 bytes)
Event: 1.949 Thread 0x000001dadc86e800 nmethod 1136 0x000001dac5e4bbd0 code [0x000001dac5e4bd20, 0x000001dac5e4beb8]

GC Heap History (2 events):
Event: 1.761 GC heap before
{Heap before GC invocations=1 (full 0):
 PSYoungGen      total 47616K, used 40960K [0x000000078ab00000, 0x000000078e000000, 0x00000007c0000000)
  eden space 40960K, 100% used [0x000000078ab00000,0x000000078d300000,0x000000078d300000)
  from space 6656K, 0% used [0x000000078d980000,0x000000078d980000,0x000000078e000000)
  to   space 6656K, 0% used [0x000000078d300000,0x000000078d300000,0x000000078d980000)
 ParOldGen       total 109568K, used 0K [0x0000000720000000, 0x0000000726b00000, 0x000000078ab00000)
  object space 109568K, 0% used [0x0000000720000000,0x0000000720000000,0x0000000726b00000)
 Metaspace       used 13927K, capacity 14386K, committed 14720K, reserved 1062912K
  class space    used 1709K, capacity 1848K, committed 1920K, reserved 1048576K
Event: 1.768 GC heap after
Heap after GC invocations=1 (full 0):
 PSYoungGen      total 47616K, used 4716K [0x000000078ab00000, 0x000000078e000000, 0x00000007c0000000)
  eden space 40960K, 0% used [0x000000078ab00000,0x000000078ab00000,0x000000078d300000)
  from space 6656K, 70% used [0x000000078d300000,0x000000078d79b318,0x000000078d980000)
  to   space 6656K, 0% used [0x000000078d980000,0x000000078d980000,0x000000078e000000)
 ParOldGen       total 109568K, used 80K [0x0000000720000000, 0x0000000726b00000, 0x000000078ab00000)
  object space 109568K, 0% used [0x0000000720000000,0x0000000720014010,0x0000000726b00000)
 Metaspace       used 13927K, capacity 14386K, committed 14720K, reserved 1062912K
  class space    used 1709K, capacity 1848K, committed 1920K, reserved 1048576K
}

Deoptimization events (7 events):
Event: 0.414 Thread 0x000001dac4081800 Uncommon trap: reason=null_check action=make_not_entrant pc=0x000001dac5b778f4 method=java.lang.String.equals(Ljava/lang/Object;)Z @ 8
Event: 0.844 Thread 0x000001dadcd05000 Uncommon trap: reason=unstable_if action=reinterpret pc=0x000001dac5c1bf20 method=java.lang.String.replace(CC)Ljava/lang/String; @ 26
Event: 1.230 Thread 0x000001dadcd05000 Uncommon trap: reason=unstable_if action=reinterpret pc=0x000001dac5c3a6f8 method=java.lang.String.indexOf([CII[CIII)I @ 3
Event: 1.608 Thread 0x000001dadcd05000 Uncommon trap: reason=unstable_if action=reinterpret pc=0x000001dac5cf56fc method=java.util.HashMap.getNode(ILjava/lang/Object;)Ljava/util/HashMap$Node; @ 84
Event: 1.608 Thread 0x000001dadcd05000 Uncommon trap: reason=unstable_if action=reinterpret pc=0x000001dac5ceefa8 method=java.util.HashMap.getNode(ILjava/lang/Object;)Ljava/util/HashMap$Node; @ 84
Event: 1.674 Thread 0x000001dadcd05000 Uncommon trap: reason=unstable_if action=reinterpret pc=0x000001dac5d2faa4 method=java.lang.AbstractStringBuilder.append(Ljava/lang/String;)Ljava/lang/AbstractStringBuilder; @ 1
Event: 1.878 Thread 0x000001dadcd05000 Uncommon trap: reason=unstable_if action=reinterpret pc=0x000001dac5e3dac4 method=org.sqlite.SQLiteJDBCLoader.contentsEquals(Ljava/io/InputStream;Ljava/io/InputStream;)Z @ 39

Classes redefined (0 events):
No events

Internal exceptions (10 events):
Event: 1.034 Thread 0x000001dadcd05000 Exception <a 'java/lang/NullPointerException'> (0x000000078bee5fd8) thrown at [C:\jenkins\workspace\8-2-build-windows-amd64-cygwin\jdk8u291\1294\hotspot\src\share\vm\prims\jvm.cpp, line 1527]
Event: 1.199 Thread 0x000001dadcd05000 Exception <a 'java/lang/ArrayIndexOutOfBoundsException'> (0x000000078c409648) thrown at [C:\jenkins\workspace\8-2-build-windows-amd64-cygwin\jdk8u291\1294\hotspot\src\share\vm\runtime\sharedRuntime.cpp, line 609]
Event: 1.199 Thread 0x000001dadcd05000 Exception <a 'java/lang/ArrayIndexOutOfBoundsException'> (0x000000078c40bc00) thrown at [C:\jenkins\workspace\8-2-build-windows-amd64-cygwin\jdk8u291\1294\hotspot\src\share\vm\runtime\sharedRuntime.cpp, line 609]
Event: 1.200 Thread 0x000001dadcd05000 Exception <a 'java/lang/ArrayIndexOutOfBoundsException'> (0x000000078c40daa8) thrown at [C:\jenkins\workspace\8-2-build-windows-amd64-cygwin\jdk8u291\1294\hotspot\src\share\vm\runtime\sharedRuntime.cpp, line 609]
Event: 1.515 Thread 0x000001dadcd05000 Exception <a 'java/lang/ArrayIndexOutOfBoundsException'> (0x000000078c727d80) thrown at [C:\jenkins\workspace\8-2-build-windows-amd64-cygwin\jdk8u291\1294\hotspot\src\share\vm\runtime\sharedRuntime.cpp, line 609]
Event: 1.515 Thread 0x000001dadcd05000 Exception <a 'java/lang/ArrayIndexOutOfBoundsException'> (0x000000078c728dd8) thrown at [C:\jenkins\workspace\8-2-build-windows-amd64-cygwin\jdk8u291\1294\hotspot\src\share\vm\runtime\sharedRuntime.cpp, line 609]
Event: 1.674 Thread 0x000001dadcd05000 Implicit null exception at 0x000001dac5d2f716 to 0x000001dac5d2fa89
Event: 1.781 Thread 0x000001dadcd05000 Exception <a 'sun/nio/fs/WindowsException'> (0x000000078ac2d000) thrown at [C:\jenkins\workspace\8-2-build-windows-amd64-cygwin\jdk8u291\1294\hotspot\src\share\vm\prims\jni.cpp, line 710]
Event: 1.781 Thread 0x000001dadcd05000 Exception <a 'sun/nio/fs/WindowsException'> (0x000000078ac2d928) thrown at [C:\jenkins\workspace\8-2-build-windows-amd64-cygwin\jdk8u291\1294\hotspot\src\share\vm\prims\jni.cpp, line 710]
Event: 1.783 Thread 0x000001dadcd05000 Exception <a 'sun/nio/fs/WindowsException'> (0x000000078ac2fdf0) thrown at [C:\jenkins\workspace\8-2-build-windows-amd64-cygwin\jdk8u291\1294\hotspot\src\share\vm\prims\jni.cpp, line 710]

Events (10 events):
Event: 1.935 loading class org/sqlite/jdbc3/JDBC3ResultSet
Event: 1.935 loading class org/sqlite/jdbc3/JDBC3ResultSet done
Event: 1.950 loading class jssc/SerialPortTimeoutException
Event: 1.950 loading class jssc/SerialPortTimeoutException done
Event: 1.951 loading class jssc/SerialPort$EventThread
Event: 1.951 loading class jssc/SerialPort$EventThread done
Event: 1.951 loading class jssc/SerialPort$LinuxEventThread
Event: 1.951 loading class jssc/SerialPort$LinuxEventThread done
Event: 1.952 loading class jssc/SerialNativeInterface
Event: 1.952 loading class jssc/SerialNativeInterface done


Dynamic libraries:
0x00007ff60dfd0000 - 0x00007ff60e017000 	C:\Program Files\Java\jdk1.8.0_291\bin\java.exe
0x00007ffeb1490000 - 0x00007ffeb1688000 	C:\Windows\SYSTEM32\ntdll.dll
0x00007ffeb0610000 - 0x00007ffeb06cd000 	C:\Windows\System32\KERNEL32.DLL
0x00007ffeaec90000 - 0x00007ffeaef86000 	C:\Windows\System32\KERNELBASE.dll
0x00007ffeafd20000 - 0x00007ffeafdd0000 	C:\Windows\System32\ADVAPI32.dll
0x00007ffeb08b0000 - 0x00007ffeb094e000 	C:\Windows\System32\msvcrt.dll
0x00007ffeafa50000 - 0x00007ffeafaf0000 	C:\Windows\System32\sechost.dll
0x00007ffeb0480000 - 0x00007ffeb05a3000 	C:\Windows\System32\RPCRT4.dll
0x00007ffeaf180000 - 0x00007ffeaf1a7000 	C:\Windows\System32\bcrypt.dll
0x00007ffeafb60000 - 0x00007ffeafcff000 	C:\Windows\System32\USER32.dll
0x00007ffeaef90000 - 0x00007ffeaefb2000 	C:\Windows\System32\win32u.dll
0x00007ffeb0450000 - 0x00007ffeb047b000 	C:\Windows\System32\GDI32.dll
0x00007ffeaf250000 - 0x00007ffeaf367000 	C:\Windows\System32\gdi32full.dll
0x00007ffeaf1b0000 - 0x00007ffeaf24d000 	C:\Windows\System32\msvcp_win.dll
0x00007ffeaefc0000 - 0x00007ffeaf0c0000 	C:\Windows\System32\ucrtbase.dll
0x00007ffea4950000 - 0x00007ffea4bea000 	C:\Windows\WinSxS\amd64_microsoft.windows.common-controls_6595b64144ccf1df_6.0.19041.4355_none_60b8b9eb71f62e16\COMCTL32.dll
0x00007ffeb12f0000 - 0x00007ffeb131f000 	C:\Windows\System32\IMM32.DLL
0x00007ffea9ef0000 - 0x00007ffea9f05000 	C:\Program Files\Java\jdk1.8.0_291\jre\bin\vcruntime140.dll
0x00007ffe966e0000 - 0x00007ffe9677b000 	C:\Program Files\Java\jdk1.8.0_291\jre\bin\msvcp140.dll
0x0000000062130000 - 0x0000000062990000 	C:\Program Files\Java\jdk1.8.0_291\jre\bin\server\jvm.dll
0x00007ffeb1440000 - 0x00007ffeb1448000 	C:\Windows\System32\PSAPI.DLL
0x00007ffea7ad0000 - 0x00007ffea7ada000 	C:\Windows\SYSTEM32\VERSION.dll
0x00007ffea4cb0000 - 0x00007ffea4cd7000 	C:\Windows\SYSTEM32\WINMM.dll
0x00007ffe9c880000 - 0x00007ffe9c889000 	C:\Windows\SYSTEM32\WSOCK32.dll
0x00007ffeaf9e0000 - 0x00007ffeafa4b000 	C:\Windows\System32\WS2_32.dll
0x00007ffead380000 - 0x00007ffead392000 	C:\Windows\SYSTEM32\kernel.appcore.dll
0x00007ffea9ee0000 - 0x00007ffea9ef0000 	C:\Program Files\Java\jdk1.8.0_291\jre\bin\verify.dll
0x00007ffea6ce0000 - 0x00007ffea6d0b000 	C:\Program Files\Java\jdk1.8.0_291\jre\bin\java.dll
0x00007ffea6b60000 - 0x00007ffea6b90000 	C:\Program Files\Java\jdk1.8.0_291\jre\bin\instrument.dll
0x00007ffea9d60000 - 0x00007ffea9d78000 	C:\Program Files\Java\jdk1.8.0_291\jre\bin\zip.dll
0x00007ffeb0a40000 - 0x00007ffeb11ac000 	C:\Windows\System32\SHELL32.dll
0x00007ffeaca60000 - 0x00007ffead1fd000 	C:\Windows\SYSTEM32\windows.storage.dll
0x00007ffeaf680000 - 0x00007ffeaf9d3000 	C:\Windows\System32\combase.dll
0x00007ffeae570000 - 0x00007ffeae59e000 	C:\Windows\SYSTEM32\Wldp.dll
0x00007ffeb0730000 - 0x00007ffeb07fd000 	C:\Windows\System32\OLEAUT32.dll
0x00007ffeb0800000 - 0x00007ffeb08ad000 	C:\Windows\System32\SHCORE.dll
0x00007ffeb06d0000 - 0x00007ffeb0725000 	C:\Windows\System32\shlwapi.dll
0x00007ffeaea80000 - 0x00007ffeaeaa4000 	C:\Windows\SYSTEM32\profapi.dll
0x00007ffea30b0000 - 0x00007ffea30ca000 	C:\Program Files\JetBrains\IntelliJ IDEA 2022.1.2\bin\breakgen64.dll
0x00007ffea8070000 - 0x00007ffea808c000 	C:\Program Files\Java\jdk1.8.0_291\jre\bin\net.dll
0x00007ffeae280000 - 0x00007ffeae2ea000 	C:\Windows\system32\mswsock.dll
0x000001dadd3e0000 - 0x000001dadd3e3000 	C:\Program Files\Java\jdk1.8.0_291\jre\bin\api-ms-win-core-console-l1-1-0.dll
0x000001dadd3f0000 - 0x000001dadd3f3000 	C:\Program Files\Java\jdk1.8.0_291\jre\bin\api-ms-win-core-console-l1-2-0.dll
0x000001dadd400000 - 0x000001dadd403000 	C:\Program Files\Java\jdk1.8.0_291\jre\bin\api-ms-win-core-datetime-l1-1-0.dll
0x000001dadd410000 - 0x000001dadd413000 	C:\Program Files\Java\jdk1.8.0_291\jre\bin\api-ms-win-core-debug-l1-1-0.dll
0x000001dadd420000 - 0x000001dadd423000 	C:\Program Files\Java\jdk1.8.0_291\jre\bin\api-ms-win-core-errorhandling-l1-1-0.dll
0x000001dadd430000 - 0x000001dadd434000 	C:\Program Files\Java\jdk1.8.0_291\jre\bin\api-ms-win-core-file-l1-1-0.dll
0x000001dadd440000 - 0x000001dadd443000 	C:\Program Files\Java\jdk1.8.0_291\jre\bin\api-ms-win-core-file-l1-2-0.dll
0x000001dadd450000 - 0x000001dadd453000 	C:\Program Files\Java\jdk1.8.0_291\jre\bin\api-ms-win-core-file-l2-1-0.dll
0x000001dadd460000 - 0x000001dadd463000 	C:\Program Files\Java\jdk1.8.0_291\jre\bin\api-ms-win-core-handle-l1-1-0.dll
0x000001dadd470000 - 0x000001dadd473000 	C:\Program Files\Java\jdk1.8.0_291\jre\bin\api-ms-win-core-heap-l1-1-0.dll
0x000001dadd480000 - 0x000001dadd483000 	C:\Program Files\Java\jdk1.8.0_291\jre\bin\api-ms-win-core-interlocked-l1-1-0.dll
0x000001dadd490000 - 0x000001dadd493000 	C:\Program Files\Java\jdk1.8.0_291\jre\bin\api-ms-win-core-libraryloader-l1-1-0.dll
0x000001dadd4a0000 - 0x000001dadd4a3000 	C:\Program Files\Java\jdk1.8.0_291\jre\bin\api-ms-win-core-localization-l1-2-0.dll
0x000001dadd4b0000 - 0x000001dadd4b3000 	C:\Program Files\Java\jdk1.8.0_291\jre\bin\api-ms-win-core-memory-l1-1-0.dll
0x000001dadd4c0000 - 0x000001dadd4c3000 	C:\Program Files\Java\jdk1.8.0_291\jre\bin\api-ms-win-core-namedpipe-l1-1-0.dll
0x000001dadd4d0000 - 0x000001dadd4d3000 	C:\Program Files\Java\jdk1.8.0_291\jre\bin\api-ms-win-core-processenvironment-l1-1-0.dll
0x000001dadd4e0000 - 0x000001dadd4e3000 	C:\Program Files\Java\jdk1.8.0_291\jre\bin\api-ms-win-core-processthreads-l1-1-0.dll
0x000001dadd4f0000 - 0x000001dadd4f3000 	C:\Program Files\Java\jdk1.8.0_291\jre\bin\api-ms-win-core-processthreads-l1-1-1.dll
0x000001dadd500000 - 0x000001dadd503000 	C:\Program Files\Java\jdk1.8.0_291\jre\bin\api-ms-win-core-profile-l1-1-0.dll
0x000001dadd510000 - 0x000001dadd513000 	C:\Program Files\Java\jdk1.8.0_291\jre\bin\api-ms-win-core-rtlsupport-l1-1-0.dll
0x000001dadd520000 - 0x000001dadd523000 	C:\Program Files\Java\jdk1.8.0_291\jre\bin\api-ms-win-core-string-l1-1-0.dll
0x000001dadd530000 - 0x000001dadd533000 	C:\Program Files\Java\jdk1.8.0_291\jre\bin\api-ms-win-core-synch-l1-1-0.dll
0x000001dadd540000 - 0x000001dadd543000 	C:\Program Files\Java\jdk1.8.0_291\jre\bin\api-ms-win-core-synch-l1-2-0.dll
0x000001dadd550000 - 0x000001dadd553000 	C:\Program Files\Java\jdk1.8.0_291\jre\bin\api-ms-win-core-sysinfo-l1-1-0.dll
0x000001dadd560000 - 0x000001dadd563000 	C:\Program Files\Java\jdk1.8.0_291\jre\bin\api-ms-win-core-timezone-l1-1-0.dll
0x000001dadd570000 - 0x000001dadd573000 	C:\Program Files\Java\jdk1.8.0_291\jre\bin\api-ms-win-core-util-l1-1-0.dll
0x000001dadd580000 - 0x000001dadd583000 	C:\Program Files\Java\jdk1.8.0_291\jre\bin\api-ms-win-crt-conio-l1-1-0.dll
0x000001dadd590000 - 0x000001dadd594000 	C:\Program Files\Java\jdk1.8.0_291\jre\bin\api-ms-win-crt-convert-l1-1-0.dll
0x000001dadd5a0000 - 0x000001dadd5a3000 	C:\Program Files\Java\jdk1.8.0_291\jre\bin\api-ms-win-crt-environment-l1-1-0.dll
0x000001dadd5b0000 - 0x000001dadd5b3000 	C:\Program Files\Java\jdk1.8.0_291\jre\bin\api-ms-win-crt-filesystem-l1-1-0.dll
0x000001dadd5c0000 - 0x000001dadd5c3000 	C:\Program Files\Java\jdk1.8.0_291\jre\bin\api-ms-win-crt-heap-l1-1-0.dll
0x000001dadd5d0000 - 0x000001dadd5d3000 	C:\Program Files\Java\jdk1.8.0_291\jre\bin\api-ms-win-crt-locale-l1-1-0.dll
0x000001dadd5e0000 - 0x000001dadd5e5000 	C:\Program Files\Java\jdk1.8.0_291\jre\bin\api-ms-win-crt-math-l1-1-0.dll
0x000001dadd5f0000 - 0x000001dadd5f5000 	C:\Program Files\Java\jdk1.8.0_291\jre\bin\api-ms-win-crt-multibyte-l1-1-0.dll
0x000001dadd600000 - 0x000001dadd610000 	C:\Program Files\Java\jdk1.8.0_291\jre\bin\api-ms-win-crt-private-l1-1-0.dll
0x000001dadd610000 - 0x000001dadd613000 	C:\Program Files\Java\jdk1.8.0_291\jre\bin\api-ms-win-crt-process-l1-1-0.dll
0x000001dadd620000 - 0x000001dadd624000 	C:\Program Files\Java\jdk1.8.0_291\jre\bin\api-ms-win-crt-runtime-l1-1-0.dll
0x000001dadd630000 - 0x000001dadd634000 	C:\Program Files\Java\jdk1.8.0_291\jre\bin\api-ms-win-crt-stdio-l1-1-0.dll
0x000001dadd640000 - 0x000001dadd644000 	C:\Program Files\Java\jdk1.8.0_291\jre\bin\api-ms-win-crt-string-l1-1-0.dll
0x000001dadd650000 - 0x000001dadd653000 	C:\Program Files\Java\jdk1.8.0_291\jre\bin\api-ms-win-crt-time-l1-1-0.dll
0x000001dadd660000 - 0x000001dadd663000 	C:\Program Files\Java\jdk1.8.0_291\jre\bin\api-ms-win-crt-utility-l1-1-0.dll
0x00007ffe7b160000 - 0x00007ffe7b25a000 	C:\Program Files\Java\jdk1.8.0_291\jre\bin\ucrtbase.dll
0x00007ffea8d30000 - 0x00007ffea8d3c000 	C:\Program Files\Java\jdk1.8.0_291\jre\bin\vcruntime140_1.dll
0x00007ffe9e0f0000 - 0x00007ffe9e113000 	C:\Program Files\Java\jdk1.8.0_291\jre\bin\prism_d3d.dll
0x00007ffe76a60000 - 0x00007ffe76c2e000 	C:\Windows\system32\d3d9.dll
0x00007ffeac470000 - 0x00007ffeac49f000 	C:\Windows\SYSTEM32\dwmapi.dll
0x00007ffeac4e0000 - 0x00007ffeac57e000 	C:\Windows\system32\uxtheme.dll
0x00007ffe5f770000 - 0x00007ffe60826000 	C:\Windows\SYSTEM32\nvd3dumx.dll
0x00007ffe965d0000 - 0x00007ffe96612000 	C:\Program Files\Java\jdk1.8.0_291\jre\bin\glass.dll
0x00007ffeafdd0000 - 0x00007ffeafeaa000 	C:\Windows\System32\COMDLG32.dll
0x00007ffeb0320000 - 0x00007ffeb044b000 	C:\Windows\System32\ole32.dll
0x00007ffeb1320000 - 0x00007ffeb1434000 	C:\Windows\System32\MSCTF.dll
0x00007ffeaeb50000 - 0x00007ffeaebd2000 	C:\Windows\System32\bcryptPrimitives.dll
0x00007ffeae2f0000 - 0x00007ffeae33b000 	C:\Windows\system32\powrprof.dll
0x00007ffeae260000 - 0x00007ffeae272000 	C:\Windows\SYSTEM32\UMPDC.dll
0x00007ffe9f8c0000 - 0x00007ffe9fa2c000 	C:\Program Files (x86)\NVIDIA Corporation\3D Vision\nvSCPAPI64.dll
0x00007ffeafeb0000 - 0x00007ffeb031e000 	C:\Windows\System32\SETUPAPI.dll
0x00007ffeaf0c0000 - 0x00007ffeaf10e000 	C:\Windows\System32\cfgmgr32.dll
0x00007ffe9e3b0000 - 0x00007ffe9e3c4000 	C:\Program Files\Java\jdk1.8.0_291\jre\bin\javafx_font.dll
0x00007ffe9f640000 - 0x00007ffe9f8bf000 	C:\Windows\SYSTEM32\dwrite.dll
0x00007ffeae4d0000 - 0x00007ffeae4e8000 	C:\Windows\SYSTEM32\CRYPTSP.dll
0x00007ffeadb20000 - 0x00007ffeadb54000 	C:\Windows\system32\rsaenh.dll
0x00007ffeaea30000 - 0x00007ffeaea5e000 	C:\Windows\SYSTEM32\USERENV.dll
0x00007ffeae4c0000 - 0x00007ffeae4cc000 	C:\Windows\SYSTEM32\CRYPTBASE.dll
0x00007ffeadf40000 - 0x00007ffeadf7b000 	C:\Windows\SYSTEM32\IPHLPAPI.DLL
0x00007ffeb0a30000 - 0x00007ffeb0a38000 	C:\Windows\System32\NSI.dll
0x00007ffea9c00000 - 0x00007ffea9c17000 	C:\Windows\SYSTEM32\dhcpcsvc6.DLL
0x00007ffea9be0000 - 0x00007ffea9bfd000 	C:\Windows\SYSTEM32\dhcpcsvc.DLL
0x00007ffeadf80000 - 0x00007ffeae04a000 	C:\Windows\SYSTEM32\DNSAPI.dll
0x00007ffea6b30000 - 0x00007ffea6b43000 	C:\Program Files\Java\jdk1.8.0_291\jre\bin\nio.dll
0x00007ffe8d280000 - 0x00007ffe8d36c000 	C:\Users\id-05\AppData\Local\Temp\sqlite-3.42.0.1-186d4281-6ed6-41a3-921e-63c3da3fcd22-sqlitejdbc.dll
0x0000000071100000 - 0x0000000071125000 	C:\Users\id-05\.jssc\windows\jSSC-2.8_x86_64.dll
0x00007ffea78c0000 - 0x00007ffea7aa4000 	C:\Windows\SYSTEM32\dbghelp.dll

VM Arguments:
jvm_args: -javaagent:C:\Program Files\JetBrains\IntelliJ IDEA 2022.1.2\lib\idea_rt.jar=51933:C:\Program Files\JetBrains\IntelliJ IDEA 2022.1.2\bin -Dfile.encoding=UTF-8 
java_command: sample.Main
java_class_path (initial): C:\Program Files\Java\jdk1.8.0_291\jre\lib\charsets.jar;C:\Program Files\Java\jdk1.8.0_291\jre\lib\deploy.jar;C:\Program Files\Java\jdk1.8.0_291\jre\lib\ext\access-bridge-64.jar;C:\Program Files\Java\jdk1.8.0_291\jre\lib\ext\cldrdata.jar;C:\Program Files\Java\jdk1.8.0_291\jre\lib\ext\dnsns.jar;C:\Program Files\Java\jdk1.8.0_291\jre\lib\ext\jaccess.jar;C:\Program Files\Java\jdk1.8.0_291\jre\lib\ext\jfxrt.jar;C:\Program Files\Java\jdk1.8.0_291\jre\lib\ext\localedata.jar;C:\Program Files\Java\jdk1.8.0_291\jre\lib\ext\nashorn.jar;C:\Program Files\Java\jdk1.8.0_291\jre\lib\ext\sunec.jar;C:\Program Files\Java\jdk1.8.0_291\jre\lib\ext\sunjce_provider.jar;C:\Program Files\Java\jdk1.8.0_291\jre\lib\ext\sunmscapi.jar;C:\Program Files\Java\jdk1.8.0_291\jre\lib\ext\sunpkcs11.jar;C:\Program Files\Java\jdk1.8.0_291\jre\lib\ext\zipfs.jar;C:\Program Files\Java\jdk1.8.0_291\jre\lib\javaws.jar;C:\Program Files\Java\jdk1.8.0_291\jre\lib\jce.jar;C:\Program Files\Java\jdk1.8.0_291\jre\lib\jfr.jar;C:\Program Files\Java\jdk1.8.0_291\jre\lib\jfxswt.jar;C:\Program Files\Java\jdk1.8.0_291\jre\lib\jsse.jar;C:\Program Files\Java\jdk1.8.0_291\jre\lib\management-agent.jar;C:\Program Files\Java\jdk1.8.0_291\jre\lib\plugin.jar;C:\Program Files\Java\jdk1.8.0_291\jre\lib\resources.jar;C:\Program Files\Java\jdk1.8.0_291\jre\lib\rt.jar;C:\Users\id-05\Dropbox\PROGRAMS_JAVA\RiedelChillerMonitor\out\production\RiedelChillerMonitor;C:\Users\id-05\Dropbox\PROGRAMS_JAVA\jar_files\fontawesomefx-8.2.jar;C:\Users\id-05\Dropbox\PROGRAMS_JAVA\jssc-2.8.0.jar;C:\Users\id-05\Dropbox\PROGRAMS_JAVA\jar_files\sqlite-jdbc-3.42.0.1.jar;C:\Users\id-05\Dropbox\PROGRAMS_JAVA\jar_files\telegrambots-5.0.1.jar;C:\Users\id-05\Dropbox\PROGRAMS_JAVA\jar_files\telegrambots-meta-5.0.1.jar;C:\Users\id-05\Dropbox\PROGRAMS_JAVA\jar_files\gson-2.8.5.jar;C:\Users\id-05\Dropbox\PROGRAMS_JAVA\jar_files\slf4j-api-1.7.30.jar;C:\Users\id-05\Dropbox\PROGRAMS_JAVA\jar_files\jackson-annotations-2.11.4.jar;C:\Users\
Launcher Type: SUN_STANDARD

Environment Variables:
JAVA_HOME=C:\Program Files\OpenJDK\openjdk-8u302-b08
USERNAME=id-05
OS=Windows_NT
PROCESSOR_IDENTIFIER=AMD64 Family 21 Model 2 Stepping 0, AuthenticAMD



---------------  S Y S T E M  ---------------

OS: Windows 10.0 , 64 bit Build 19041 (10.0.19041.3636)

CPU:total 4 (initial active 4) (4 cores per cpu, 1 threads per core) family 21 model 2 stepping 0, cmov, cx8, fxsr, mmx, sse, sse2, sse3, ssse3, sse4.1, sse4.2, popcnt, avx, aes, clmul, mmxext, 3dnowpref, lzcnt, sse4a, tsc, tscinvbit, tscinv, bmi1

Memory: 4k page, physical 10483248k(1485016k free), swap 19364388k(3488628k free)

vm_info: Java HotSpot(TM) 64-Bit Server VM (25.291-b10) for windows-amd64 JRE (1.8.0_291-b10), built on Apr  9 2021 00:02:00 by "java_re" with MS VC++ 15.9 (VS2017)

time: Mon Jun 24 15:02:26 2024
timezone: Забайкальское стандартное время
elapsed time: 2.056100 seconds (0d 0h 0m 2s)

