#
# A fatal error has been detected by the Java Runtime Environment:
#
#  EXCEPTION_ACCESS_VIOLATION (0xc0000005) at pc=0x000000007110b5db, pid=15256, tid=0x0000000000003118
#
# JRE version: Java(TM) SE Runtime Environment (8.0_291-b10) (build 1.8.0_291-b10)
# Java VM: Java HotSpot(TM) 64-Bit Server VM (25.291-b10 mixed mode windows-amd64 compressed oops)
# Problematic frame:
# C  [jSSC-2.8_x86_64.dll+0xb5db]
#
# Failed to write core dump. Minidumps are not enabled by default on client versions of Windows
#
# If you would like to submit a bug report, please visit:
#   http://bugreport.java.com/bugreport/crash.jsp
# The crash happened outside the Java Virtual Machine in native code.
# See problematic frame for where to report the bug.
#

---------------  T H R E A D  ---------------

Current thread (0x000001ccedaeb800):  JavaThread "JavaFX Application Thread" [_thread_in_native, id=12568, stack(0x0000000ebaa00000,0x0000000ebab00000)]

siginfo: ExceptionCode=0xc0000005, reading address 0xffffffffefe249cc

Registers:
RAX=0xffffffffefe249cc, RBX=0x0000000ebaafd0c0, RCX=0x00007ff80b30d744, RDX=0x0000000000000000
RSP=0x0000000ebaafd050, RBP=0x0000000ebaafd1d0, RSI=0x000001ccedaeba00, RDI=0x0000000000000680
R8 =0x0000000ebaafcf48, R9 =0x0000000ebaafd040, R10=0x0000000000000000, R11=0x0000000000000246
R12=0x0000000ebaafd288, R13=0x000001ccedd34540, R14=0x0000000ebaafd180, R15=0x000001ccedaeb800
RIP=0x000000007110b5db, EFLAGS=0x0000000000010202

Top of Stack: (sp=0x0000000ebaafd050)
0x0000000ebaafd050:   000001ccf24560c0 000001ccedd343f0
0x0000000ebaafd060:   000000007110b230 000001ccd4ca0000
0x0000000ebaafd070:   000001ccd4c50000 0000000000000004
0x0000000ebaafd080:   000001ccedaeba00 0000000000000680
0x0000000ebaafd090:   0000000ebaafd1d0 0000000071112590
0x0000000ebaafd0a0:   000001ccedaeb800 0000000ebaafd180
0x0000000ebaafd0b0:   000001ccedd34540 0000000ebaafd288
0x0000000ebaafd0c0:   000001ccedd34540 00007ff80b2947b1
0x0000000ebaafd0d0:   0000000ebaafd100 000001ccd4ca0000
0x0000000ebaafd0e0:   0000000ebaafd1d0 0000000000000000
0x0000000ebaafd0f0:   0000000071113500 0000000071113be8
0x0000000ebaafd100:   0000000ebaafd130 0000000071112641
0x0000000ebaafd110:   0000000ebaafd0a0 000001ccedaeba00
0x0000000ebaafd120:   0000000000000000 0000000000000000
0x0000000ebaafd130:   0000000ebaafd1d0 0000000071101595
0x0000000ebaafd140:   000000000000001c 000001cc00000000 

Instructions: (pc=0x000000007110b5db)
0x000000007110b5bb:   c5 0f 1f 40 00 55 57 56 53 48 83 ec 28 48 8b 05
0x000000007110b5cb:   39 33 01 00 48 89 cb 48 85 c0 0f 84 c5 00 00 00
0x000000007110b5db:   8b 38 85 ff 0f 88 ab 00 00 00 48 8b 05 1c 33 01
0x000000007110b5eb:   00 48 85 c0 0f 84 bc 00 00 00 8b 30 85 f6 74 57 


Register to memory mapping:

RAX=0xffffffffefe249cc is an unknown value
RBX=0x0000000ebaafd0c0 is pointing into the stack for thread: 0x000001ccedaeb800
RCX=0x00007ff80b30d744 is an unknown value
RDX=0x0000000000000000 is an unknown value
RSP=0x0000000ebaafd050 is pointing into the stack for thread: 0x000001ccedaeb800
RBP=0x0000000ebaafd1d0 is pointing into the stack for thread: 0x000001ccedaeb800
RSI=0x000001ccedaeba00 is an unknown value
RDI=0x0000000000000680 is an unknown value
R8 =0x0000000ebaafcf48 is pointing into the stack for thread: 0x000001ccedaeb800
R9 =0x0000000ebaafd040 is pointing into the stack for thread: 0x000001ccedaeb800
R10=0x0000000000000000 is an unknown value
R11=0x0000000000000246 is an unknown value
R12=0x0000000ebaafd288 is pointing into the stack for thread: 0x000001ccedaeb800
R13=0x000001ccedd34540 is an unknown value
R14=0x0000000ebaafd180 is pointing into the stack for thread: 0x000001ccedaeb800
R15=0x000001ccedaeb800 is a thread


Stack: [0x0000000ebaa00000,0x0000000ebab00000],  sp=0x0000000ebaafd050,  free space=1012k
Native frames: (J=compiled Java code, j=interpreted, Vv=VM code, C=native code)
C  [jSSC-2.8_x86_64.dll+0xb5db]
C  [jSSC-2.8_x86_64.dll+0x12590]
C  [jSSC-2.8_x86_64.dll+0x1595]
C  0x000001ccd66d990e

Java frames: (J=compiled Java code, j=interpreted, Vv=VM code)
j  jssc.SerialNativeInterface.openPort(Ljava/lang/String;Z)J+0
j  jssc.SerialPort.openPort()Z+65
j  sample.DisplayController.initialize(Ljava/net/URL;Ljava/util/ResourceBundle;)V+629
j  javafx.fxml.FXMLLoader.loadImpl(Ljava/io/InputStream;Ljava/lang/Class;)Ljava/lang/Object;+265
j  javafx.fxml.FXMLLoader.loadImpl(Ljava/lang/Class;)Ljava/lang/Object;+30
j  javafx.fxml.FXMLLoader.loadImpl(Ljava/net/URL;Ljava/util/ResourceBundle;Ljavafx/util/BuilderFactory;Ljavafx/util/Callback;Ljava/nio/charset/Charset;Ljava/lang/Class;)Ljava/lang/Object;+34
j  javafx.fxml.FXMLLoader.loadImpl(Ljava/net/URL;Ljava/util/ResourceBundle;Ljavafx/util/BuilderFactory;Ljavafx/util/Callback;Ljava/lang/Class;)Ljava/lang/Object;+11
j  javafx.fxml.FXMLLoader.loadImpl(Ljava/net/URL;Ljava/util/ResourceBundle;Ljavafx/util/BuilderFactory;Ljava/lang/Class;)Ljava/lang/Object;+5
j  javafx.fxml.FXMLLoader.loadImpl(Ljava/net/URL;Ljava/util/ResourceBundle;Ljava/lang/Class;)Ljava/lang/Object;+4
j  javafx.fxml.FXMLLoader.loadImpl(Ljava/net/URL;Ljava/lang/Class;)Ljava/lang/Object;+3
j  javafx.fxml.FXMLLoader.load(Ljava/net/URL;)Ljava/lang/Object;+14
j  sample.Main.start(Ljavafx/stage/Stage;)V+9
j  com.sun.javafx.application.LauncherImpl.lambda$launchApplication1$8(Ljava/util/concurrent/atomic/AtomicBoolean;Ljavafx/application/Application;)V+20
j  com.sun.javafx.application.LauncherImpl$$Lambda$55.run()V+8
j  com.sun.javafx.application.PlatformImpl.lambda$runAndWait$7(Ljava/lang/Runnable;Ljava/util/concurrent/CountDownLatch;)V+1
j  com.sun.javafx.application.PlatformImpl$$Lambda$47.run()V+8
j  com.sun.javafx.application.PlatformImpl.lambda$null$5(Ljava/lang/Runnable;)Ljava/lang/Void;+1
j  com.sun.javafx.application.PlatformImpl$$Lambda$50.run()Ljava/lang/Object;+4
v  ~StubRoutines::call_stub
j  java.security.AccessController.doPrivileged(Ljava/security/PrivilegedAction;Ljava/security/AccessControlContext;)Ljava/lang/Object;+0
j  com.sun.javafx.application.PlatformImpl.lambda$runLater$6(Ljava/lang/Runnable;Ljava/security/AccessControlContext;)V+7
j  com.sun.javafx.application.PlatformImpl$$Lambda$48.run()V+8
j  com.sun.glass.ui.InvokeLaterDispatcher$Future.run()V+4
v  ~StubRoutines::call_stub
j  com.sun.glass.ui.win.WinApplication._runLoop(Ljava/lang/Runnable;)V+0
j  com.sun.glass.ui.win.WinApplication.lambda$null$4(ILjava/lang/Runnable;)V+8
j  com.sun.glass.ui.win.WinApplication$$Lambda$38.run()V+12
j  java.lang.Thread.run()V+11
v  ~StubRoutines::call_stub

---------------  P R O C E S S  ---------------

Java Threads: ( => current thread )
  0x000001ccee076000 JavaThread "Prism Font Disposer" daemon [_thread_blocked, id=7956, stack(0x0000000ebab00000,0x0000000ebac00000)]
  0x000001ccedddd800 JavaThread "Timer-0" [_thread_blocked, id=9208, stack(0x0000000ebae00000,0x0000000ebaf00000)]
  0x000001ccedddc000 JavaThread "JavaFX-Launcher" [_thread_blocked, id=2300, stack(0x0000000ebad00000,0x0000000ebae00000)]
  0x000001cceddea000 JavaThread "Thread-2" daemon [_thread_in_native, id=4144, stack(0x0000000ebac00000,0x0000000ebad00000)]
=>0x000001ccedaeb800 JavaThread "JavaFX Application Thread" [_thread_in_native, id=12568, stack(0x0000000ebaa00000,0x0000000ebab00000)]
  0x000001ccedaea800 JavaThread "Thread-1" daemon [_thread_blocked, id=15836, stack(0x0000000eba900000,0x0000000ebaa00000)]
  0x000001cceda97800 JavaThread "QuantumRenderer-0" daemon [_thread_blocked, id=11296, stack(0x0000000eba800000,0x0000000eba900000)]
  0x000001cced4db800 JavaThread "Service Thread" daemon [_thread_blocked, id=5548, stack(0x0000000eba600000,0x0000000eba700000)]
  0x000001cced4d6800 JavaThread "C1 CompilerThread2" daemon [_thread_blocked, id=3932, stack(0x0000000eba500000,0x0000000eba600000)]
  0x000001cced471800 JavaThread "C2 CompilerThread1" daemon [_thread_blocked, id=11236, stack(0x0000000eba400000,0x0000000eba500000)]
  0x000001cced470000 JavaThread "C2 CompilerThread0" daemon [_thread_blocked, id=11992, stack(0x0000000eba300000,0x0000000eba400000)]
  0x000001cced438000 JavaThread "Monitor Ctrl-Break" daemon [_thread_in_native, id=10756, stack(0x0000000eba200000,0x0000000eba300000)]
  0x000001ccec841000 JavaThread "Attach Listener" daemon [_thread_blocked, id=15536, stack(0x0000000eba100000,0x0000000eba200000)]
  0x000001ccec846800 JavaThread "Signal Dispatcher" daemon [_thread_blocked, id=15512, stack(0x0000000eba000000,0x0000000eba100000)]
  0x000001ccec819000 JavaThread "Finalizer" daemon [_thread_blocked, id=16220, stack(0x0000000eb9f00000,0x0000000eba000000)]
  0x000001ccec818000 JavaThread "Reference Handler" daemon [_thread_blocked, id=16196, stack(0x0000000eb9e00000,0x0000000eb9f00000)]
  0x000001ccd4ce1000 JavaThread "main" [_thread_blocked, id=15524, stack(0x0000000eb9800000,0x0000000eb9900000)]

Other Threads:
  0x000001ccec7f2000 VMThread [stack: 0x0000000eb9d00000,0x0000000eb9e00000] [id=16260]
  0x000001cced50e000 WatcherThread [stack: 0x0000000eba700000,0x0000000eba800000] [id=7664]

VM state:not at safepoint (normal execution)

VM Mutex/Monitor currently owned by a thread: None

heap address: 0x0000000720000000, size: 2560 MB, Compressed Oops mode: Zero based, Oop shift amount: 3
Narrow klass base: 0x0000000000000000, Narrow klass shift: 3
Compressed class space size: 1073741824 Address: 0x00000007c0000000

Heap:
 PSYoungGen      total 47616K, used 7877K [0x000000078ab00000, 0x000000078e000000, 0x00000007c0000000)
  eden space 40960K, 7% used [0x000000078ab00000,0x000000078ae0e4d0,0x000000078d300000)
  from space 6656K, 71% used [0x000000078d300000,0x000000078d7a3318,0x000000078d980000)
  to   space 6656K, 0% used [0x000000078d980000,0x000000078d980000,0x000000078e000000)
 ParOldGen       total 109568K, used 80K [0x0000000720000000, 0x0000000726b00000, 0x000000078ab00000)
  object space 109568K, 0% used [0x0000000720000000,0x0000000720014010,0x0000000726b00000)
 Metaspace       used 14371K, capacity 14834K, committed 15104K, reserved 1062912K
  class space    used 1774K, capacity 1932K, committed 2048K, reserved 1048576K

Card table byte_map: [0x000001cce5a80000,0x000001cce5f90000] byte_map_base: 0x000001cce2180000

Marking Bits: (ParMarkBitMap*) 0x0000000069f47fe0
 Begin Bits: [0x000001cce62f0000, 0x000001cce8af0000)
 End Bits:   [0x000001cce8af0000, 0x000001cceb2f0000)

Polling page: 0x000001ccd4e90000

CodeCache: size=245760Kb used=4139Kb max_used=4150Kb free=241620Kb
 bounds [0x000001ccd66c0000, 0x000001ccd6ad0000, 0x000001cce56c0000]
 total_blobs=1645 nmethods=1135 adapters=424
 compilation: enabled

Compilation events (10 events):
Event: 2.850 Thread 0x000001cced4d6800 nmethod 1131 0x000001ccd6abd790 code [0x000001ccd6abd920, 0x000001ccd6abdd40]
Event: 2.850 Thread 0x000001cced4d6800 1129       1       java.util.Formatter::access$000 (5 bytes)
Event: 2.850 Thread 0x000001cced4d6800 nmethod 1129 0x000001ccd6abd4d0 code [0x000001ccd6abd620, 0x000001ccd6abd718]
Event: 2.851 Thread 0x000001cced4d6800 1132       3       java.util.HashSet::remove (20 bytes)
Event: 2.851 Thread 0x000001cced4d6800 nmethod 1132 0x000001ccd6aca6d0 code [0x000001ccd6aca840, 0x000001ccd6acaad0]
Event: 2.854 Thread 0x000001cced4d6800 1133       3       java.util.HashMap::afterNodeRemoval (1 bytes)
Event: 2.854 Thread 0x000001cced4d6800 nmethod 1133 0x000001ccd6abd190 code [0x000001ccd6abd2e0, 0x000001ccd6abd438]
Event: 2.854 Thread 0x000001cced4d6800 1134       3       java.lang.CharacterDataLatin1::getPropertiesEx (11 bytes)
Event: 2.854 Thread 0x000001cced4d6800 nmethod 1134 0x000001ccd6acab90 code [0x000001ccd6acace0, 0x000001ccd6acae78]
Event: 2.856 Thread 0x000001cced471800 nmethod 1130 0x000001ccd6ace210 code [0x000001ccd6ace3c0, 0x000001ccd6acea20]

GC Heap History (2 events):
Event: 2.664 GC heap before
{Heap before GC invocations=1 (full 0):
 PSYoungGen      total 47616K, used 40960K [0x000000078ab00000, 0x000000078e000000, 0x00000007c0000000)
  eden space 40960K, 100% used [0x000000078ab00000,0x000000078d300000,0x000000078d300000)
  from space 6656K, 0% used [0x000000078d980000,0x000000078d980000,0x000000078e000000)
  to   space 6656K, 0% used [0x000000078d300000,0x000000078d300000,0x000000078d980000)
 ParOldGen       total 109568K, used 0K [0x0000000720000000, 0x0000000726b00000, 0x000000078ab00000)
  object space 109568K, 0% used [0x0000000720000000,0x0000000720000000,0x0000000726b00000)
 Metaspace       used 13922K, capacity 14386K, committed 14720K, reserved 1062912K
  class space    used 1712K, capacity 1848K, committed 1920K, reserved 1048576K
Event: 2.672 GC heap after
Heap after GC invocations=1 (full 0):
 PSYoungGen      total 47616K, used 4748K [0x000000078ab00000, 0x000000078e000000, 0x00000007c0000000)
  eden space 40960K, 0% used [0x000000078ab00000,0x000000078ab00000,0x000000078d300000)
  from space 6656K, 71% used [0x000000078d300000,0x000000078d7a3318,0x000000078d980000)
  to   space 6656K, 0% used [0x000000078d980000,0x000000078d980000,0x000000078e000000)
 ParOldGen       total 109568K, used 80K [0x0000000720000000, 0x0000000726b00000, 0x000000078ab00000)
  object space 109568K, 0% used [0x0000000720000000,0x0000000720014010,0x0000000726b00000)
 Metaspace       used 13922K, capacity 14386K, committed 14720K, reserved 1062912K
  class space    used 1712K, capacity 1848K, committed 1920K, reserved 1048576K
}

Deoptimization events (7 events):
Event: 0.766 Thread 0x000001ccd4ce1000 Uncommon trap: reason=null_check action=make_not_entrant pc=0x000001ccd67ea304 method=java.lang.String.equals(Ljava/lang/Object;)Z @ 8
Event: 1.498 Thread 0x000001ccedaeb800 Uncommon trap: reason=unstable_if action=reinterpret pc=0x000001ccd688e0a0 method=java.lang.String.replace(CC)Ljava/lang/String; @ 26
Event: 2.116 Thread 0x000001ccedaeb800 Uncommon trap: reason=unstable_if action=reinterpret pc=0x000001ccd68b2538 method=java.lang.String.indexOf([CII[CIII)I @ 3
Event: 2.490 Thread 0x000001ccedaeb800 Uncommon trap: reason=unstable_if action=reinterpret pc=0x000001ccd6985f7c method=java.util.HashMap.getNode(ILjava/lang/Object;)Ljava/util/HashMap$Node; @ 84
Event: 2.490 Thread 0x000001ccedaeb800 Uncommon trap: reason=unstable_if action=reinterpret pc=0x000001ccd697f828 method=java.util.HashMap.getNode(ILjava/lang/Object;)Ljava/util/HashMap$Node; @ 84
Event: 2.562 Thread 0x000001ccedaeb800 Uncommon trap: reason=unstable_if action=reinterpret pc=0x000001ccd69945a4 method=java.lang.AbstractStringBuilder.append(Ljava/lang/String;)Ljava/lang/AbstractStringBuilder; @ 1
Event: 2.783 Thread 0x000001ccedaeb800 Uncommon trap: reason=unstable_if action=reinterpret pc=0x000001ccd6aad404 method=org.sqlite.SQLiteJDBCLoader.contentsEquals(Ljava/io/InputStream;Ljava/io/InputStream;)Z @ 39

Classes redefined (0 events):
No events

Internal exceptions (10 events):
Event: 1.884 Thread 0x000001ccedaeb800 Exception <a 'java/lang/NullPointerException'> (0x000000078bfb5f48) thrown at [C:\jenkins\workspace\8-2-build-windows-amd64-cygwin\jdk8u291\1294\hotspot\src\share\vm\prims\jvm.cpp, line 1527]
Event: 2.084 Thread 0x000001ccedaeb800 Exception <a 'java/lang/ArrayIndexOutOfBoundsException'> (0x000000078c4d9a58) thrown at [C:\jenkins\workspace\8-2-build-windows-amd64-cygwin\jdk8u291\1294\hotspot\src\share\vm\runtime\sharedRuntime.cpp, line 609]
Event: 2.085 Thread 0x000001ccedaeb800 Exception <a 'java/lang/ArrayIndexOutOfBoundsException'> (0x000000078c4dc010) thrown at [C:\jenkins\workspace\8-2-build-windows-amd64-cygwin\jdk8u291\1294\hotspot\src\share\vm\runtime\sharedRuntime.cpp, line 609]
Event: 2.085 Thread 0x000001ccedaeb800 Exception <a 'java/lang/ArrayIndexOutOfBoundsException'> (0x000000078c4ddeb8) thrown at [C:\jenkins\workspace\8-2-build-windows-amd64-cygwin\jdk8u291\1294\hotspot\src\share\vm\runtime\sharedRuntime.cpp, line 609]
Event: 2.388 Thread 0x000001ccedaeb800 Exception <a 'java/lang/ArrayIndexOutOfBoundsException'> (0x000000078c729990) thrown at [C:\jenkins\workspace\8-2-build-windows-amd64-cygwin\jdk8u291\1294\hotspot\src\share\vm\runtime\sharedRuntime.cpp, line 609]
Event: 2.389 Thread 0x000001ccedaeb800 Exception <a 'java/lang/ArrayIndexOutOfBoundsException'> (0x000000078c72a9e8) thrown at [C:\jenkins\workspace\8-2-build-windows-amd64-cygwin\jdk8u291\1294\hotspot\src\share\vm\runtime\sharedRuntime.cpp, line 609]
Event: 2.562 Thread 0x000001ccedaeb800 Implicit null exception at 0x000001ccd6994216 to 0x000001ccd6994589
Event: 2.685 Thread 0x000001ccedaeb800 Exception <a 'sun/nio/fs/WindowsException'> (0x000000078ac307b8) thrown at [C:\jenkins\workspace\8-2-build-windows-amd64-cygwin\jdk8u291\1294\hotspot\src\share\vm\prims\jni.cpp, line 710]
Event: 2.685 Thread 0x000001ccedaeb800 Exception <a 'sun/nio/fs/WindowsException'> (0x000000078ac310e0) thrown at [C:\jenkins\workspace\8-2-build-windows-amd64-cygwin\jdk8u291\1294\hotspot\src\share\vm\prims\jni.cpp, line 710]
Event: 2.687 Thread 0x000001ccedaeb800 Exception <a 'sun/nio/fs/WindowsException'> (0x000000078ac335a8) thrown at [C:\jenkins\workspace\8-2-build-windows-amd64-cygwin\jdk8u291\1294\hotspot\src\share\vm\prims\jni.cpp, line 710]

Events (10 events):
Event: 2.838 loading class org/sqlite/jdbc3/JDBC3ResultSet
Event: 2.838 loading class org/sqlite/jdbc3/JDBC3ResultSet done
Event: 2.856 loading class jssc/SerialPort$EventThread
Event: 2.856 loading class jssc/SerialPort$EventThread done
Event: 2.856 loading class jssc/SerialPort$LinuxEventThread
Event: 2.856 loading class jssc/SerialPort$LinuxEventThread done
Event: 2.857 loading class jssc/SerialPortTimeoutException
Event: 2.857 loading class jssc/SerialPortTimeoutException done
Event: 2.858 loading class jssc/SerialNativeInterface
Event: 2.858 loading class jssc/SerialNativeInterface done


Dynamic libraries:
0x00007ff709770000 - 0x00007ff7097b7000 	C:\Program Files\Java\jdk1.8.0_291\bin\java.exe
0x00007ff80b270000 - 0x00007ff80b468000 	C:\Windows\SYSTEM32\ntdll.dll
0x00007ff80a400000 - 0x00007ff80a4bd000 	C:\Windows\System32\KERNEL32.DLL
0x00007ff808aa0000 - 0x00007ff808d96000 	C:\Windows\System32\KERNELBASE.dll
0x00007ff8096c0000 - 0x00007ff809770000 	C:\Windows\System32\ADVAPI32.dll
0x00007ff80a340000 - 0x00007ff80a3de000 	C:\Windows\System32\msvcrt.dll
0x00007ff80a4c0000 - 0x00007ff80a560000 	C:\Windows\System32\sechost.dll
0x00007ff8097d0000 - 0x00007ff8098f3000 	C:\Windows\System32\RPCRT4.dll
0x00007ff808da0000 - 0x00007ff808dc7000 	C:\Windows\System32\bcrypt.dll
0x00007ff80a0d0000 - 0x00007ff80a26f000 	C:\Windows\System32\USER32.dll
0x00007ff809280000 - 0x00007ff8092a2000 	C:\Windows\System32\win32u.dll
0x00007ff809690000 - 0x00007ff8096bb000 	C:\Windows\System32\GDI32.dll
0x00007ff8090c0000 - 0x00007ff8091d7000 	C:\Windows\System32\gdi32full.dll
0x00007ff8091e0000 - 0x00007ff80927d000 	C:\Windows\System32\msvcp_win.dll
0x00007ff8089a0000 - 0x00007ff808aa0000 	C:\Windows\System32\ucrtbase.dll
0x00007ff801c00000 - 0x00007ff801e9a000 	C:\Windows\WinSxS\amd64_microsoft.windows.common-controls_6595b64144ccf1df_6.0.19041.4355_none_60b8b9eb71f62e16\COMCTL32.dll
0x00007ff80b1e0000 - 0x00007ff80b20f000 	C:\Windows\System32\IMM32.DLL
0x00007ff800f70000 - 0x00007ff800f85000 	C:\Program Files\Java\jdk1.8.0_291\jre\bin\vcruntime140.dll
0x00007fffe5b20000 - 0x00007fffe5bbb000 	C:\Program Files\Java\jdk1.8.0_291\jre\bin\msvcp140.dll
0x0000000069760000 - 0x0000000069fc0000 	C:\Program Files\Java\jdk1.8.0_291\jre\bin\server\jvm.dll
0x00007ff80a3e0000 - 0x00007ff80a3e8000 	C:\Windows\System32\PSAPI.DLL
0x00007ffff90a0000 - 0x00007ffff90a9000 	C:\Windows\SYSTEM32\WSOCK32.dll
0x00007ff80ac20000 - 0x00007ff80ac8b000 	C:\Windows\System32\WS2_32.dll
0x00007ff802170000 - 0x00007ff802197000 	C:\Windows\SYSTEM32\WINMM.dll
0x00007ff8021a0000 - 0x00007ff8021aa000 	C:\Windows\SYSTEM32\VERSION.dll
0x00007ff807160000 - 0x00007ff807172000 	C:\Windows\SYSTEM32\kernel.appcore.dll
0x00007ff805dc0000 - 0x00007ff805dd0000 	C:\Program Files\Java\jdk1.8.0_291\jre\bin\verify.dll
0x00007ffffaf90000 - 0x00007ffffafbb000 	C:\Program Files\Java\jdk1.8.0_291\jre\bin\java.dll
0x00007fffe9b50000 - 0x00007fffe9b80000 	C:\Program Files\Java\jdk1.8.0_291\jre\bin\instrument.dll
0x00007ffffc140000 - 0x00007ffffc158000 	C:\Program Files\Java\jdk1.8.0_291\jre\bin\zip.dll
0x00007ff809960000 - 0x00007ff80a0cc000 	C:\Windows\System32\SHELL32.dll
0x00007ff8067a0000 - 0x00007ff806f3d000 	C:\Windows\SYSTEM32\windows.storage.dll
0x00007ff809330000 - 0x00007ff809683000 	C:\Windows\System32\combase.dll
0x00007ff808350000 - 0x00007ff80837e000 	C:\Windows\SYSTEM32\Wldp.dll
0x00007ff80a270000 - 0x00007ff80a33d000 	C:\Windows\System32\OLEAUT32.dll
0x00007ff80aca0000 - 0x00007ff80ad4d000 	C:\Windows\System32\SHCORE.dll
0x00007ff809770000 - 0x00007ff8097c5000 	C:\Windows\System32\shlwapi.dll
0x00007ff808860000 - 0x00007ff808884000 	C:\Windows\SYSTEM32\profapi.dll
0x00007fffe8d30000 - 0x00007fffe8d4a000 	C:\Program Files\JetBrains\IntelliJ IDEA 2022.1.2\bin\breakgen64.dll
0x00007fffe8c40000 - 0x00007fffe8c5c000 	C:\Program Files\Java\jdk1.8.0_291\jre\bin\net.dll
0x00007ff808060000 - 0x00007ff8080ca000 	C:\Windows\system32\mswsock.dll
0x000001cced800000 - 0x000001cced803000 	C:\Program Files\Java\jdk1.8.0_291\jre\bin\api-ms-win-core-console-l1-1-0.dll
0x000001cced810000 - 0x000001cced813000 	C:\Program Files\Java\jdk1.8.0_291\jre\bin\api-ms-win-core-console-l1-2-0.dll
0x000001cced820000 - 0x000001cced823000 	C:\Program Files\Java\jdk1.8.0_291\jre\bin\api-ms-win-core-datetime-l1-1-0.dll
0x000001cced830000 - 0x000001cced833000 	C:\Program Files\Java\jdk1.8.0_291\jre\bin\api-ms-win-core-debug-l1-1-0.dll
0x000001cced840000 - 0x000001cced843000 	C:\Program Files\Java\jdk1.8.0_291\jre\bin\api-ms-win-core-errorhandling-l1-1-0.dll
0x000001cced850000 - 0x000001cced854000 	C:\Program Files\Java\jdk1.8.0_291\jre\bin\api-ms-win-core-file-l1-1-0.dll
0x000001cced860000 - 0x000001cced863000 	C:\Program Files\Java\jdk1.8.0_291\jre\bin\api-ms-win-core-file-l1-2-0.dll
0x000001cced870000 - 0x000001cced873000 	C:\Program Files\Java\jdk1.8.0_291\jre\bin\api-ms-win-core-file-l2-1-0.dll
0x000001cced880000 - 0x000001cced883000 	C:\Program Files\Java\jdk1.8.0_291\jre\bin\api-ms-win-core-handle-l1-1-0.dll
0x000001cced890000 - 0x000001cced893000 	C:\Program Files\Java\jdk1.8.0_291\jre\bin\api-ms-win-core-heap-l1-1-0.dll
0x000001cced8a0000 - 0x000001cced8a3000 	C:\Program Files\Java\jdk1.8.0_291\jre\bin\api-ms-win-core-interlocked-l1-1-0.dll
0x000001cced8b0000 - 0x000001cced8b3000 	C:\Program Files\Java\jdk1.8.0_291\jre\bin\api-ms-win-core-libraryloader-l1-1-0.dll
0x000001cced8c0000 - 0x000001cced8c3000 	C:\Program Files\Java\jdk1.8.0_291\jre\bin\api-ms-win-core-localization-l1-2-0.dll
0x000001cced8d0000 - 0x000001cced8d3000 	C:\Program Files\Java\jdk1.8.0_291\jre\bin\api-ms-win-core-memory-l1-1-0.dll
0x000001cced8e0000 - 0x000001cced8e3000 	C:\Program Files\Java\jdk1.8.0_291\jre\bin\api-ms-win-core-namedpipe-l1-1-0.dll
0x000001cced8f0000 - 0x000001cced8f3000 	C:\Program Files\Java\jdk1.8.0_291\jre\bin\api-ms-win-core-processenvironment-l1-1-0.dll
0x000001cced900000 - 0x000001cced903000 	C:\Program Files\Java\jdk1.8.0_291\jre\bin\api-ms-win-core-processthreads-l1-1-0.dll
0x000001cced910000 - 0x000001cced913000 	C:\Program Files\Java\jdk1.8.0_291\jre\bin\api-ms-win-core-processthreads-l1-1-1.dll
0x000001cced920000 - 0x000001cced923000 	C:\Program Files\Java\jdk1.8.0_291\jre\bin\api-ms-win-core-profile-l1-1-0.dll
0x000001cced930000 - 0x000001cced933000 	C:\Program Files\Java\jdk1.8.0_291\jre\bin\api-ms-win-core-rtlsupport-l1-1-0.dll
0x000001cced940000 - 0x000001cced943000 	C:\Program Files\Java\jdk1.8.0_291\jre\bin\api-ms-win-core-string-l1-1-0.dll
0x000001cced950000 - 0x000001cced953000 	C:\Program Files\Java\jdk1.8.0_291\jre\bin\api-ms-win-core-synch-l1-1-0.dll
0x000001cced960000 - 0x000001cced963000 	C:\Program Files\Java\jdk1.8.0_291\jre\bin\api-ms-win-core-synch-l1-2-0.dll
0x000001cced970000 - 0x000001cced973000 	C:\Program Files\Java\jdk1.8.0_291\jre\bin\api-ms-win-core-sysinfo-l1-1-0.dll
0x000001cced980000 - 0x000001cced983000 	C:\Program Files\Java\jdk1.8.0_291\jre\bin\api-ms-win-core-timezone-l1-1-0.dll
0x000001cced990000 - 0x000001cced993000 	C:\Program Files\Java\jdk1.8.0_291\jre\bin\api-ms-win-core-util-l1-1-0.dll
0x000001cced9a0000 - 0x000001cced9a3000 	C:\Program Files\Java\jdk1.8.0_291\jre\bin\api-ms-win-crt-conio-l1-1-0.dll
0x000001cced9b0000 - 0x000001cced9b4000 	C:\Program Files\Java\jdk1.8.0_291\jre\bin\api-ms-win-crt-convert-l1-1-0.dll
0x000001cced9c0000 - 0x000001cced9c3000 	C:\Program Files\Java\jdk1.8.0_291\jre\bin\api-ms-win-crt-environment-l1-1-0.dll
0x000001cced9d0000 - 0x000001cced9d3000 	C:\Program Files\Java\jdk1.8.0_291\jre\bin\api-ms-win-crt-filesystem-l1-1-0.dll
0x000001cced9e0000 - 0x000001cced9e3000 	C:\Program Files\Java\jdk1.8.0_291\jre\bin\api-ms-win-crt-heap-l1-1-0.dll
0x000001cced9f0000 - 0x000001cced9f3000 	C:\Program Files\Java\jdk1.8.0_291\jre\bin\api-ms-win-crt-locale-l1-1-0.dll
0x000001cceda00000 - 0x000001cceda05000 	C:\Program Files\Java\jdk1.8.0_291\jre\bin\api-ms-win-crt-math-l1-1-0.dll
0x000001cceda10000 - 0x000001cceda15000 	C:\Program Files\Java\jdk1.8.0_291\jre\bin\api-ms-win-crt-multibyte-l1-1-0.dll
0x000001cceda20000 - 0x000001cceda30000 	C:\Program Files\Java\jdk1.8.0_291\jre\bin\api-ms-win-crt-private-l1-1-0.dll
0x000001cceda30000 - 0x000001cceda33000 	C:\Program Files\Java\jdk1.8.0_291\jre\bin\api-ms-win-crt-process-l1-1-0.dll
0x000001cceda40000 - 0x000001cceda44000 	C:\Program Files\Java\jdk1.8.0_291\jre\bin\api-ms-win-crt-runtime-l1-1-0.dll
0x000001cceda50000 - 0x000001cceda54000 	C:\Program Files\Java\jdk1.8.0_291\jre\bin\api-ms-win-crt-stdio-l1-1-0.dll
0x000001cceda60000 - 0x000001cceda64000 	C:\Program Files\Java\jdk1.8.0_291\jre\bin\api-ms-win-crt-string-l1-1-0.dll
0x000001cceda70000 - 0x000001cceda73000 	C:\Program Files\Java\jdk1.8.0_291\jre\bin\api-ms-win-crt-time-l1-1-0.dll
0x000001cceda80000 - 0x000001cceda83000 	C:\Program Files\Java\jdk1.8.0_291\jre\bin\api-ms-win-crt-utility-l1-1-0.dll
0x00007fffdee30000 - 0x00007fffdef2a000 	C:\Program Files\Java\jdk1.8.0_291\jre\bin\ucrtbase.dll
0x00007ff801540000 - 0x00007ff80154c000 	C:\Program Files\Java\jdk1.8.0_291\jre\bin\vcruntime140_1.dll
0x00007fffe5f10000 - 0x00007fffe5f33000 	C:\Program Files\Java\jdk1.8.0_291\jre\bin\prism_d3d.dll
0x00007fffd7020000 - 0x00007fffd71ee000 	C:\Windows\system32\d3d9.dll
0x00007ff8062d0000 - 0x00007ff8062ff000 	C:\Windows\SYSTEM32\dwmapi.dll
0x00007ff8060c0000 - 0x00007ff80615e000 	C:\Windows\system32\uxtheme.dll
0x00007fffd5f60000 - 0x00007fffd7016000 	C:\Windows\SYSTEM32\nvd3dumx.dll
0x00007fffe5ad0000 - 0x00007fffe5b12000 	C:\Program Files\Java\jdk1.8.0_291\jre\bin\glass.dll
0x00007ff80b100000 - 0x00007ff80b1da000 	C:\Windows\System32\COMDLG32.dll
0x00007ff80a680000 - 0x00007ff80a7ab000 	C:\Windows\System32\ole32.dll
0x00007ff80a560000 - 0x00007ff80a674000 	C:\Windows\System32\MSCTF.dll
0x00007ff808dd0000 - 0x00007ff808e52000 	C:\Windows\System32\bcryptPrimitives.dll
0x00007ff8080d0000 - 0x00007ff80811b000 	C:\Windows\system32\powrprof.dll
0x00007ff808040000 - 0x00007ff808052000 	C:\Windows\SYSTEM32\UMPDC.dll
0x00007ffffd660000 - 0x00007ffffd7cc000 	C:\Program Files (x86)\NVIDIA Corporation\3D Vision\nvSCPAPI64.dll
0x00007ff80a7b0000 - 0x00007ff80ac1e000 	C:\Windows\System32\SETUPAPI.dll
0x00007ff808e60000 - 0x00007ff808eae000 	C:\Windows\System32\cfgmgr32.dll
0x00007fffe67d0000 - 0x00007fffe67e4000 	C:\Program Files\Java\jdk1.8.0_291\jre\bin\javafx_font.dll
0x00007fffe6f70000 - 0x00007fffe71ef000 	C:\Windows\SYSTEM32\dwrite.dll
0x00007ff8082b0000 - 0x00007ff8082c8000 	C:\Windows\SYSTEM32\CRYPTSP.dll
0x00007ff807960000 - 0x00007ff807994000 	C:\Windows\system32\rsaenh.dll
0x00007ff808810000 - 0x00007ff80883e000 	C:\Windows\SYSTEM32\USERENV.dll
0x00007ff8082a0000 - 0x00007ff8082ac000 	C:\Windows\SYSTEM32\CRYPTBASE.dll
0x00007ff807d20000 - 0x00007ff807d5b000 	C:\Windows\SYSTEM32\IPHLPAPI.DLL
0x00007ff80ac90000 - 0x00007ff80ac98000 	C:\Windows\System32\NSI.dll
0x00007ff803790000 - 0x00007ff8037a7000 	C:\Windows\SYSTEM32\dhcpcsvc6.DLL
0x00007ff803770000 - 0x00007ff80378d000 	C:\Windows\SYSTEM32\dhcpcsvc.DLL
0x00007ff807d60000 - 0x00007ff807e2a000 	C:\Windows\SYSTEM32\DNSAPI.dll
0x00007fffe8c20000 - 0x00007fffe8c33000 	C:\Program Files\Java\jdk1.8.0_291\jre\bin\nio.dll
0x00007fffded40000 - 0x00007fffdee2c000 	C:\Users\id-05\AppData\Local\Temp\sqlite-3.42.0.1-924311ea-270d-4e50-83a4-beac344b1e8d-sqlitejdbc.dll
0x0000000071100000 - 0x0000000071125000 	C:\Users\id-05\.jssc\windows\jSSC-2.8_x86_64.dll
0x00007ffff9570000 - 0x00007ffff9754000 	C:\Windows\SYSTEM32\dbghelp.dll

VM Arguments:
jvm_args: -javaagent:C:\Program Files\JetBrains\IntelliJ IDEA 2022.1.2\lib\idea_rt.jar=52348:C:\Program Files\JetBrains\IntelliJ IDEA 2022.1.2\bin -Dfile.encoding=UTF-8 
java_command: sample.Main
java_class_path (initial): C:\Program Files\Java\jdk1.8.0_291\jre\lib\charsets.jar;C:\Program Files\Java\jdk1.8.0_291\jre\lib\deploy.jar;C:\Program Files\Java\jdk1.8.0_291\jre\lib\ext\access-bridge-64.jar;C:\Program Files\Java\jdk1.8.0_291\jre\lib\ext\cldrdata.jar;C:\Program Files\Java\jdk1.8.0_291\jre\lib\ext\dnsns.jar;C:\Program Files\Java\jdk1.8.0_291\jre\lib\ext\jaccess.jar;C:\Program Files\Java\jdk1.8.0_291\jre\lib\ext\jfxrt.jar;C:\Program Files\Java\jdk1.8.0_291\jre\lib\ext\localedata.jar;C:\Program Files\Java\jdk1.8.0_291\jre\lib\ext\nashorn.jar;C:\Program Files\Java\jdk1.8.0_291\jre\lib\ext\sunec.jar;C:\Program Files\Java\jdk1.8.0_291\jre\lib\ext\sunjce_provider.jar;C:\Program Files\Java\jdk1.8.0_291\jre\lib\ext\sunmscapi.jar;C:\Program Files\Java\jdk1.8.0_291\jre\lib\ext\sunpkcs11.jar;C:\Program Files\Java\jdk1.8.0_291\jre\lib\ext\zipfs.jar;C:\Program Files\Java\jdk1.8.0_291\jre\lib\javaws.jar;C:\Program Files\Java\jdk1.8.0_291\jre\lib\jce.jar;C:\Program Files\Java\jdk1.8.0_291\jre\lib\jfr.jar;C:\Program Files\Java\jdk1.8.0_291\jre\lib\jfxswt.jar;C:\Program Files\Java\jdk1.8.0_291\jre\lib\jsse.jar;C:\Program Files\Java\jdk1.8.0_291\jre\lib\management-agent.jar;C:\Program Files\Java\jdk1.8.0_291\jre\lib\plugin.jar;C:\Program Files\Java\jdk1.8.0_291\jre\lib\resources.jar;C:\Program Files\Java\jdk1.8.0_291\jre\lib\rt.jar;C:\Users\id-05\Dropbox\PROGRAMS_JAVA\RiedelChillerMonitor\out\production\RiedelChillerMonitor;C:\Users\id-05\Dropbox\PROGRAMS_JAVA\jar_files\fontawesomefx-8.2.jar;C:\Users\id-05\Dropbox\PROGRAMS_JAVA\jssc-2.8.0.jar;C:\Users\id-05\Dropbox\PROGRAMS_JAVA\jar_files\sqlite-jdbc-3.42.0.1.jar;C:\Users\id-05\Dropbox\PROGRAMS_JAVA\jar_files\telegrambots-5.0.1.jar;C:\Users\id-05\Dropbox\PROGRAMS_JAVA\jar_files\telegrambots-meta-5.0.1.jar;C:\Users\id-05\Dropbox\PROGRAMS_JAVA\jar_files\gson-2.8.5.jar;C:\Users\id-05\Dropbox\PROGRAMS_JAVA\jar_files\slf4j-api-1.7.30.jar;C:\Users\id-05\Dropbox\PROGRAMS_JAVA\jar_files\jackson-annotations-2.11.4.jar;C:\Users\
Launcher Type: SUN_STANDARD

Environment Variables:
JAVA_HOME=C:\Program Files\OpenJDK\openjdk-8u302-b08
USERNAME=id-05
OS=Windows_NT
PROCESSOR_IDENTIFIER=AMD64 Family 21 Model 2 Stepping 0, AuthenticAMD



---------------  S Y S T E M  ---------------

OS: Windows 10.0 , 64 bit Build 19041 (10.0.19041.3636)

CPU:total 4 (initial active 4) (4 cores per cpu, 1 threads per core) family 21 model 2 stepping 0, cmov, cx8, fxsr, mmx, sse, sse2, sse3, ssse3, sse4.1, sse4.2, popcnt, avx, aes, clmul, mmxext, 3dnowpref, lzcnt, sse4a, tsc, tscinvbit, tscinv, bmi1

Memory: 4k page, physical 10483248k(2953348k free), swap 13497904k(4866476k free)

vm_info: Java HotSpot(TM) 64-Bit Server VM (25.291-b10) for windows-amd64 JRE (1.8.0_291-b10), built on Apr  9 2021 00:02:00 by "java_re" with MS VC++ 15.9 (VS2017)

time: Mon Jun 24 15:11:49 2024
timezone: Забайкальское стандартное время
elapsed time: 2.969689 seconds (0d 0h 0m 2s)

