#
# A fatal error has been detected by the Java Runtime Environment:
#
#  EXCEPTION_ACCESS_VIOLATION (0xc0000005) at pc=0x000000007110b5db, pid=7460, tid=0x000000000000406c
#
# JRE version: Java(TM) SE Runtime Environment (8.0_291-b10) (build 1.8.0_291-b10)
# Java VM: Java HotSpot(TM) 64-Bit Server VM (25.291-b10 mixed mode windows-amd64 compressed oops)
# Problematic frame:
# C  [jSSC-2.8_x86_64.dll+0xb5db]
#
# Failed to write core dump. Minidumps are not enabled by default on client versions of Windows
#
# If you would like to submit a bug report, please visit:
#   http://bugreport.java.com/bugreport/crash.jsp
# The crash happened outside the Java Virtual Machine in native code.
# See problematic frame for where to report the bug.
#

---------------  T H R E A D  ---------------

Current thread (0x0000022022feb000):  JavaThread "JavaFX Application Thread" [_thread_in_native, id=16492, stack(0x00000091d1500000,0x00000091d1600000)]

siginfo: ExceptionCode=0xc0000005, reading address 0x0000000026464760

Registers:
RAX=0x0000000026464760, RBX=0x00000091d15fcfb0, RCX=0x00007ffeb152d744, RDX=0x0000000000000000
RSP=0x00000091d15fcf40, RBP=0x00000091d15fd0c0, RSI=0x0000022022feb200, RDI=0x00000000000006f0
R8 =0x00000091d15fce38, R9 =0x00000091d15fcf30, R10=0x0000000000000000, R11=0x0000000000000246
R12=0x00000091d15fd178, R13=0x00000220234aad40, R14=0x00000091d15fd070, R15=0x0000022022feb000
RIP=0x000000007110b5db, EFLAGS=0x0000000000010206

Top of Stack: (sp=0x00000091d15fcf40)
0x00000091d15fcf40:   0000022027d76410 00000220234aaa40
0x00000091d15fcf50:   000000007110b230 000002200a580000
0x00000091d15fcf60:   000002200a4b0000 0000000000000004
0x00000091d15fcf70:   0000022022feb200 00000000000006f0
0x00000091d15fcf80:   00000091d15fd0c0 0000000071112590
0x00000091d15fcf90:   0000022022feb000 00000091d15fd070
0x00000091d15fcfa0:   00000220234aad40 00000091d15fd178
0x00000091d15fcfb0:   00000220234aad40 00007ffeb14b47b1
0x00000091d15fcfc0:   00000091d15fcff0 000002200a580000
0x00000091d15fcfd0:   00000091d15fd0c0 0000000000000000
0x00000091d15fcfe0:   0000000071113500 0000000071113be8
0x00000091d15fcff0:   00000091d15fd020 0000000071112641
0x00000091d15fd000:   00000091d15fcf90 0000022022feb200
0x00000091d15fd010:   0000000000000000 0000000000000000
0x00000091d15fd020:   00000091d15fd0c0 0000000071101595
0x00000091d15fd030:   000000000000001c 0000022000000000 

Instructions: (pc=0x000000007110b5db)
0x000000007110b5bb:   c5 0f 1f 40 00 55 57 56 53 48 83 ec 28 48 8b 05
0x000000007110b5cb:   39 33 01 00 48 89 cb 48 85 c0 0f 84 c5 00 00 00
0x000000007110b5db:   8b 38 85 ff 0f 88 ab 00 00 00 48 8b 05 1c 33 01
0x000000007110b5eb:   00 48 85 c0 0f 84 bc 00 00 00 8b 30 85 f6 74 57 


Register to memory mapping:

RAX=0x0000000026464760 is an unknown value
RBX=0x00000091d15fcfb0 is pointing into the stack for thread: 0x0000022022feb000
RCX=0x00007ffeb152d744 is an unknown value
RDX=0x0000000000000000 is an unknown value
RSP=0x00000091d15fcf40 is pointing into the stack for thread: 0x0000022022feb000
RBP=0x00000091d15fd0c0 is pointing into the stack for thread: 0x0000022022feb000
RSI=0x0000022022feb200 is an unknown value
RDI=0x00000000000006f0 is an unknown value
R8 =0x00000091d15fce38 is pointing into the stack for thread: 0x0000022022feb000
R9 =0x00000091d15fcf30 is pointing into the stack for thread: 0x0000022022feb000
R10=0x0000000000000000 is an unknown value
R11=0x0000000000000246 is an unknown value
R12=0x00000091d15fd178 is pointing into the stack for thread: 0x0000022022feb000
R13=0x00000220234aad40 is an unknown value
R14=0x00000091d15fd070 is pointing into the stack for thread: 0x0000022022feb000
R15=0x0000022022feb000 is a thread


Stack: [0x00000091d1500000,0x00000091d1600000],  sp=0x00000091d15fcf40,  free space=1011k
Native frames: (J=compiled Java code, j=interpreted, Vv=VM code, C=native code)
C  [jSSC-2.8_x86_64.dll+0xb5db]
C  [jSSC-2.8_x86_64.dll+0x12590]
C  [jSSC-2.8_x86_64.dll+0x1595]
C  0x000002200bfc990e

Java frames: (J=compiled Java code, j=interpreted, Vv=VM code)
j  jssc.SerialNativeInterface.openPort(Ljava/lang/String;Z)J+0
j  jssc.SerialPort.openPort()Z+65
j  sample.DisplayController.initialize(Ljava/net/URL;Ljava/util/ResourceBundle;)V+629
j  javafx.fxml.FXMLLoader.loadImpl(Ljava/io/InputStream;Ljava/lang/Class;)Ljava/lang/Object;+265
j  javafx.fxml.FXMLLoader.loadImpl(Ljava/lang/Class;)Ljava/lang/Object;+30
j  javafx.fxml.FXMLLoader.loadImpl(Ljava/net/URL;Ljava/util/ResourceBundle;Ljavafx/util/BuilderFactory;Ljavafx/util/Callback;Ljava/nio/charset/Charset;Ljava/lang/Class;)Ljava/lang/Object;+34
j  javafx.fxml.FXMLLoader.loadImpl(Ljava/net/URL;Ljava/util/ResourceBundle;Ljavafx/util/BuilderFactory;Ljavafx/util/Callback;Ljava/lang/Class;)Ljava/lang/Object;+11
j  javafx.fxml.FXMLLoader.loadImpl(Ljava/net/URL;Ljava/util/ResourceBundle;Ljavafx/util/BuilderFactory;Ljava/lang/Class;)Ljava/lang/Object;+5
j  javafx.fxml.FXMLLoader.loadImpl(Ljava/net/URL;Ljava/util/ResourceBundle;Ljava/lang/Class;)Ljava/lang/Object;+4
j  javafx.fxml.FXMLLoader.loadImpl(Ljava/net/URL;Ljava/lang/Class;)Ljava/lang/Object;+3
j  javafx.fxml.FXMLLoader.load(Ljava/net/URL;)Ljava/lang/Object;+14
j  sample.Main.start(Ljavafx/stage/Stage;)V+9
j  com.sun.javafx.application.LauncherImpl.lambda$launchApplication1$8(Ljava/util/concurrent/atomic/AtomicBoolean;Ljavafx/application/Application;)V+20
j  com.sun.javafx.application.LauncherImpl$$Lambda$55.run()V+8
j  com.sun.javafx.application.PlatformImpl.lambda$runAndWait$7(Ljava/lang/Runnable;Ljava/util/concurrent/CountDownLatch;)V+1
j  com.sun.javafx.application.PlatformImpl$$Lambda$47.run()V+8
j  com.sun.javafx.application.PlatformImpl.lambda$null$5(Ljava/lang/Runnable;)Ljava/lang/Void;+1
j  com.sun.javafx.application.PlatformImpl$$Lambda$50.run()Ljava/lang/Object;+4
v  ~StubRoutines::call_stub
j  java.security.AccessController.doPrivileged(Ljava/security/PrivilegedAction;Ljava/security/AccessControlContext;)Ljava/lang/Object;+0
j  com.sun.javafx.application.PlatformImpl.lambda$runLater$6(Ljava/lang/Runnable;Ljava/security/AccessControlContext;)V+7
j  com.sun.javafx.application.PlatformImpl$$Lambda$49.run()V+8
j  com.sun.glass.ui.InvokeLaterDispatcher$Future.run()V+4
v  ~StubRoutines::call_stub
j  com.sun.glass.ui.win.WinApplication._runLoop(Ljava/lang/Runnable;)V+0
j  com.sun.glass.ui.win.WinApplication.lambda$null$4(ILjava/lang/Runnable;)V+8
j  com.sun.glass.ui.win.WinApplication$$Lambda$38.run()V+12
j  java.lang.Thread.run()V+11
v  ~StubRoutines::call_stub

---------------  P R O C E S S  ---------------

Java Threads: ( => current thread )
  0x0000022023704000 JavaThread "Prism Font Disposer" daemon [_thread_blocked, id=15848, stack(0x00000091d1900000,0x00000091d1a00000)]
  0x0000022023562800 JavaThread "Timer-0" [_thread_blocked, id=16496, stack(0x00000091d1800000,0x00000091d1900000)]
  0x0000022023560000 JavaThread "JavaFX-Launcher" [_thread_blocked, id=18424, stack(0x00000091d1700000,0x00000091d1800000)]
  0x0000022023552000 JavaThread "Thread-2" daemon [_thread_in_native, id=944, stack(0x00000091d1600000,0x00000091d1700000)]
=>0x0000022022feb000 JavaThread "JavaFX Application Thread" [_thread_in_native, id=16492, stack(0x00000091d1500000,0x00000091d1600000)]
  0x000002202326f800 JavaThread "Thread-1" daemon [_thread_blocked, id=2564, stack(0x00000091d1400000,0x00000091d1500000)]
  0x0000022022fdb000 JavaThread "QuantumRenderer-0" daemon [_thread_blocked, id=7196, stack(0x00000091d1300000,0x00000091d1400000)]
  0x0000022022ce1800 JavaThread "Service Thread" daemon [_thread_blocked, id=15764, stack(0x00000091d1100000,0x00000091d1200000)]
  0x0000022022cd3000 JavaThread "C1 CompilerThread2" daemon [_thread_blocked, id=4200, stack(0x00000091d1000000,0x00000091d1100000)]
  0x0000022022c71000 JavaThread "C2 CompilerThread1" daemon [_thread_blocked, id=3580, stack(0x00000091d0f00000,0x00000091d1000000)]
  0x000002202214e000 JavaThread "C2 CompilerThread0" daemon [_thread_blocked, id=1712, stack(0x00000091d0e00000,0x00000091d0f00000)]
  0x000002202214d000 JavaThread "Monitor Ctrl-Break" daemon [_thread_in_native, id=14264, stack(0x00000091d0d00000,0x00000091d0e00000)]
  0x0000022022043000 JavaThread "Attach Listener" daemon [_thread_blocked, id=3884, stack(0x00000091d0c00000,0x00000091d0d00000)]
  0x0000022022042000 JavaThread "Signal Dispatcher" daemon [_thread_blocked, id=17476, stack(0x00000091d0b00000,0x00000091d0c00000)]
  0x0000022022020000 JavaThread "Finalizer" daemon [_thread_blocked, id=15016, stack(0x00000091d0a00000,0x00000091d0b00000)]
  0x0000022022018000 JavaThread "Reference Handler" daemon [_thread_blocked, id=6104, stack(0x00000091d0900000,0x00000091d0a00000)]
  0x000002200a5c0800 JavaThread "main" [_thread_blocked, id=15520, stack(0x00000091d0300000,0x00000091d0400000)]

Other Threads:
  0x0000022021ff2800 VMThread [stack: 0x00000091d0800000,0x00000091d0900000] [id=16860]
  0x0000022022d04000 WatcherThread [stack: 0x00000091d1200000,0x00000091d1300000] [id=15552]

VM state:not at safepoint (normal execution)

VM Mutex/Monitor currently owned by a thread: None

heap address: 0x0000000720000000, size: 2560 MB, Compressed Oops mode: Zero based, Oop shift amount: 3
Narrow klass base: 0x0000000000000000, Narrow klass shift: 3
Compressed class space size: 1073741824 Address: 0x00000007c0000000

Heap:
 PSYoungGen      total 47616K, used 7867K [0x000000078ab00000, 0x000000078e000000, 0x00000007c0000000)
  eden space 40960K, 7% used [0x000000078ab00000,0x000000078ae118a8,0x000000078d300000)
  from space 6656K, 70% used [0x000000078d300000,0x000000078d79d3e0,0x000000078d980000)
  to   space 6656K, 0% used [0x000000078d980000,0x000000078d980000,0x000000078e000000)
 ParOldGen       total 109568K, used 80K [0x0000000720000000, 0x0000000726b00000, 0x000000078ab00000)
  object space 109568K, 0% used [0x0000000720000000,0x0000000720014010,0x0000000726b00000)
 Metaspace       used 14380K, capacity 14870K, committed 15104K, reserved 1062912K
  class space    used 1779K, capacity 1942K, committed 2048K, reserved 1048576K

Card table byte_map: [0x000002201b370000,0x000002201b880000] byte_map_base: 0x0000022017a70000

Marking Bits: (ParMarkBitMap*) 0x0000000062917fe0
 Begin Bits: [0x000002201bbe0000, 0x000002201e3e0000)
 End Bits:   [0x000002201e3e0000, 0x0000022020be0000)

Polling page: 0x000002200a520000

CodeCache: size=245760Kb used=4083Kb max_used=4095Kb free=241676Kb
 bounds [0x000002200bfb0000, 0x000002200c3c0000, 0x000002201afb0000]
 total_blobs=1643 nmethods=1132 adapters=425
 compilation: enabled

Compilation events (10 events):
Event: 2.263 Thread 0x0000022022cd3000 1128       3       java.lang.CharacterDataLatin1::getPropertiesEx (11 bytes)
Event: 2.263 Thread 0x0000022022cd3000 nmethod 1128 0x000002200c3acc50 code [0x000002200c3acda0, 0x000002200c3acf38]
Event: 2.263 Thread 0x0000022022cd3000 1129       3       java.util.concurrent.atomic.AtomicBoolean::get (13 bytes)
Event: 2.263 Thread 0x0000022022cd3000 nmethod 1129 0x000002200c3ad010 code [0x000002200c3ad160, 0x000002200c3ad318]
Event: 2.263 Thread 0x0000022022cd3000 1130       3       java.lang.StringCoding::scale (7 bytes)
Event: 2.263 Thread 0x0000022022cd3000 nmethod 1130 0x000002200c3ad390 code [0x000002200c3ad4e0, 0x000002200c3ad658]
Event: 2.266 Thread 0x000002202214e000 1131       4       java.util.HashMap::newNode (13 bytes)
Event: 2.267 Thread 0x000002202214e000 nmethod 1131 0x000002200c3b03d0 code [0x000002200c3b0520, 0x000002200c3b0638]
Event: 2.270 Thread 0x0000022022c71000 1132       4       java.lang.String::indexOf (166 bytes)
Event: 2.277 Thread 0x0000022022c71000 nmethod 1132 0x000002200c3ae650 code [0x000002200c3ae7a0, 0x000002200c3aec38]

GC Heap History (2 events):
Event: 1.934 GC heap before
{Heap before GC invocations=1 (full 0):
 PSYoungGen      total 47616K, used 40960K [0x000000078ab00000, 0x000000078e000000, 0x00000007c0000000)
  eden space 40960K, 100% used [0x000000078ab00000,0x000000078d300000,0x000000078d300000)
  from space 6656K, 0% used [0x000000078d980000,0x000000078d980000,0x000000078e000000)
  to   space 6656K, 0% used [0x000000078d300000,0x000000078d300000,0x000000078d980000)
 ParOldGen       total 109568K, used 0K [0x0000000720000000, 0x0000000726b00000, 0x000000078ab00000)
  object space 109568K, 0% used [0x0000000720000000,0x0000000720000000,0x0000000726b00000)
 Metaspace       used 13920K, capacity 14358K, committed 14464K, reserved 1062912K
  class space    used 1714K, capacity 1880K, committed 1920K, reserved 1048576K
Event: 1.942 GC heap after
Heap after GC invocations=1 (full 0):
 PSYoungGen      total 47616K, used 4724K [0x000000078ab00000, 0x000000078e000000, 0x00000007c0000000)
  eden space 40960K, 0% used [0x000000078ab00000,0x000000078ab00000,0x000000078d300000)
  from space 6656K, 70% used [0x000000078d300000,0x000000078d79d3e0,0x000000078d980000)
  to   space 6656K, 0% used [0x000000078d980000,0x000000078d980000,0x000000078e000000)
 ParOldGen       total 109568K, used 80K [0x0000000720000000, 0x0000000726b00000, 0x000000078ab00000)
  object space 109568K, 0% used [0x0000000720000000,0x0000000720014010,0x0000000726b00000)
 Metaspace       used 13920K, capacity 14358K, committed 14464K, reserved 1062912K
  class space    used 1714K, capacity 1880K, committed 1920K, reserved 1048576K
}

Deoptimization events (7 events):
Event: 0.460 Thread 0x000002200a5c0800 Uncommon trap: reason=null_check action=make_not_entrant pc=0x000002200c0dc044 method=java.lang.String.equals(Ljava/lang/Object;)Z @ 8
Event: 0.988 Thread 0x0000022022feb000 Uncommon trap: reason=unstable_if action=reinterpret pc=0x000002200c181060 method=java.lang.String.replace(CC)Ljava/lang/String; @ 26
Event: 1.413 Thread 0x0000022022feb000 Uncommon trap: reason=unstable_if action=reinterpret pc=0x000002200c1a33f8 method=java.lang.String.indexOf([CII[CIII)I @ 3
Event: 1.768 Thread 0x0000022022feb000 Uncommon trap: reason=unstable_if action=reinterpret pc=0x000002200c24e8bc method=java.util.HashMap.getNode(ILjava/lang/Object;)Ljava/util/HashMap$Node; @ 84
Event: 1.768 Thread 0x0000022022feb000 Uncommon trap: reason=unstable_if action=reinterpret pc=0x000002200c24fba8 method=java.util.HashMap.getNode(ILjava/lang/Object;)Ljava/util/HashMap$Node; @ 84
Event: 1.836 Thread 0x0000022022feb000 Uncommon trap: reason=unstable_if action=reinterpret pc=0x000002200c242a00 method=java.lang.AbstractStringBuilder.append(Ljava/lang/String;)Ljava/lang/AbstractStringBuilder; @ 1
Event: 2.060 Thread 0x0000022022feb000 Uncommon trap: reason=unstable_if action=reinterpret pc=0x000002200c388f04 method=org.sqlite.SQLiteJDBCLoader.contentsEquals(Ljava/io/InputStream;Ljava/io/InputStream;)Z @ 39

Classes redefined (0 events):
No events

Internal exceptions (10 events):
Event: 1.380 Thread 0x0000022022feb000 Exception <a 'java/lang/ArrayIndexOutOfBoundsException'> (0x000000078c4d83f8) thrown at [C:\jenkins\workspace\8-2-build-windows-amd64-cygwin\jdk8u291\1294\hotspot\src\share\vm\runtime\sharedRuntime.cpp, line 609]
Event: 1.380 Thread 0x0000022022feb000 Exception <a 'java/lang/ArrayIndexOutOfBoundsException'> (0x000000078c4da2a0) thrown at [C:\jenkins\workspace\8-2-build-windows-amd64-cygwin\jdk8u291\1294\hotspot\src\share\vm\runtime\sharedRuntime.cpp, line 609]
Event: 1.677 Thread 0x0000022022feb000 Exception <a 'java/lang/ArrayIndexOutOfBoundsException'> (0x000000078c724128) thrown at [C:\jenkins\workspace\8-2-build-windows-amd64-cygwin\jdk8u291\1294\hotspot\src\share\vm\runtime\sharedRuntime.cpp, line 609]
Event: 1.677 Thread 0x0000022022feb000 Exception <a 'java/lang/ArrayIndexOutOfBoundsException'> (0x000000078c725180) thrown at [C:\jenkins\workspace\8-2-build-windows-amd64-cygwin\jdk8u291\1294\hotspot\src\share\vm\runtime\sharedRuntime.cpp, line 609]
Event: 1.836 Thread 0x0000022022feb000 Implicit null exception at 0x000002200c242654 to 0x000002200c2429e9
Event: 1.914 Thread 0x0000022022feb000 Exception <a 'sun/nio/fs/WindowsException'> (0x000000078cff9768) thrown at [C:\jenkins\workspace\8-2-build-windows-amd64-cygwin\jdk8u291\1294\hotspot\src\share\vm\prims\jni.cpp, line 710]
Event: 1.914 Thread 0x0000022022feb000 Exception <a 'sun/nio/fs/WindowsException'> (0x000000078cffa090) thrown at [C:\jenkins\workspace\8-2-build-windows-amd64-cygwin\jdk8u291\1294\hotspot\src\share\vm\prims\jni.cpp, line 710]
Event: 1.953 Thread 0x0000022022feb000 Exception <a 'sun/nio/fs/WindowsException'> (0x000000078ac2c5b0) thrown at [C:\jenkins\workspace\8-2-build-windows-amd64-cygwin\jdk8u291\1294\hotspot\src\share\vm\prims\jni.cpp, line 710]
Event: 1.953 Thread 0x0000022022feb000 Exception <a 'sun/nio/fs/WindowsException'> (0x000000078ac2ced8) thrown at [C:\jenkins\workspace\8-2-build-windows-amd64-cygwin\jdk8u291\1294\hotspot\src\share\vm\prims\jni.cpp, line 710]
Event: 1.954 Thread 0x0000022022feb000 Exception <a 'sun/nio/fs/WindowsException'> (0x000000078ac2eaa8) thrown at [C:\jenkins\workspace\8-2-build-windows-amd64-cygwin\jdk8u291\1294\hotspot\src\share\vm\prims\jni.cpp, line 710]

Events (10 events):
Event: 2.267 loading class jssc/SerialPortTimeoutException
Event: 2.267 loading class jssc/SerialPortTimeoutException done
Event: 2.268 loading class jssc/SerialPort$EventThread
Event: 2.268 loading class jssc/SerialPort$EventThread done
Event: 2.268 loading class jssc/SerialPort$LinuxEventThread
Event: 2.268 loading class jssc/SerialPort$LinuxEventThread done
Event: 2.270 loading class jssc/SerialNativeInterface
Event: 2.270 loading class jssc/SerialNativeInterface done
Event: 2.270 Thread 0x0000022022feb000 DEOPT PACKING pc=0x000002200c2cd576 sp=0x00000091d15fadb0
Event: 2.270 Thread 0x0000022022feb000 DEOPT UNPACKING pc=0x000002200bff7498 sp=0x00000091d15faa88 mode 0


Dynamic libraries:
0x00007ff60dfd0000 - 0x00007ff60e017000 	C:\Program Files\Java\jdk1.8.0_291\bin\java.exe
0x00007ffeb1490000 - 0x00007ffeb1688000 	C:\Windows\SYSTEM32\ntdll.dll
0x00007ffeb0610000 - 0x00007ffeb06cd000 	C:\Windows\System32\KERNEL32.DLL
0x00007ffeaec90000 - 0x00007ffeaef86000 	C:\Windows\System32\KERNELBASE.dll
0x00007ffeafd20000 - 0x00007ffeafdd0000 	C:\Windows\System32\ADVAPI32.dll
0x00007ffeb08b0000 - 0x00007ffeb094e000 	C:\Windows\System32\msvcrt.dll
0x00007ffeafa50000 - 0x00007ffeafaf0000 	C:\Windows\System32\sechost.dll
0x00007ffeb0480000 - 0x00007ffeb05a3000 	C:\Windows\System32\RPCRT4.dll
0x00007ffeaf180000 - 0x00007ffeaf1a7000 	C:\Windows\System32\bcrypt.dll
0x00007ffeafb60000 - 0x00007ffeafcff000 	C:\Windows\System32\USER32.dll
0x00007ffeaef90000 - 0x00007ffeaefb2000 	C:\Windows\System32\win32u.dll
0x00007ffeb0450000 - 0x00007ffeb047b000 	C:\Windows\System32\GDI32.dll
0x00007ffeaf250000 - 0x00007ffeaf367000 	C:\Windows\System32\gdi32full.dll
0x00007ffeaf1b0000 - 0x00007ffeaf24d000 	C:\Windows\System32\msvcp_win.dll
0x00007ffeaefc0000 - 0x00007ffeaf0c0000 	C:\Windows\System32\ucrtbase.dll
0x00007ffea4950000 - 0x00007ffea4bea000 	C:\Windows\WinSxS\amd64_microsoft.windows.common-controls_6595b64144ccf1df_6.0.19041.4355_none_60b8b9eb71f62e16\COMCTL32.dll
0x00007ffeb12f0000 - 0x00007ffeb131f000 	C:\Windows\System32\IMM32.DLL
0x00007ffea9ef0000 - 0x00007ffea9f05000 	C:\Program Files\Java\jdk1.8.0_291\jre\bin\vcruntime140.dll
0x00007ffe966e0000 - 0x00007ffe9677b000 	C:\Program Files\Java\jdk1.8.0_291\jre\bin\msvcp140.dll
0x0000000062130000 - 0x0000000062990000 	C:\Program Files\Java\jdk1.8.0_291\jre\bin\server\jvm.dll
0x00007ffeb1440000 - 0x00007ffeb1448000 	C:\Windows\System32\PSAPI.DLL
0x00007ffea4cb0000 - 0x00007ffea4cd7000 	C:\Windows\SYSTEM32\WINMM.dll
0x00007ffea7ad0000 - 0x00007ffea7ada000 	C:\Windows\SYSTEM32\VERSION.dll
0x00007ffe9c880000 - 0x00007ffe9c889000 	C:\Windows\SYSTEM32\WSOCK32.dll
0x00007ffeaf9e0000 - 0x00007ffeafa4b000 	C:\Windows\System32\WS2_32.dll
0x00007ffead380000 - 0x00007ffead392000 	C:\Windows\SYSTEM32\kernel.appcore.dll
0x00007ffea9ee0000 - 0x00007ffea9ef0000 	C:\Program Files\Java\jdk1.8.0_291\jre\bin\verify.dll
0x00007ffea6ce0000 - 0x00007ffea6d0b000 	C:\Program Files\Java\jdk1.8.0_291\jre\bin\java.dll
0x00007ffea6b60000 - 0x00007ffea6b90000 	C:\Program Files\Java\jdk1.8.0_291\jre\bin\instrument.dll
0x00007ffea9d60000 - 0x00007ffea9d78000 	C:\Program Files\Java\jdk1.8.0_291\jre\bin\zip.dll
0x00007ffeb0a40000 - 0x00007ffeb11ac000 	C:\Windows\System32\SHELL32.dll
0x00007ffeaca60000 - 0x00007ffead1fd000 	C:\Windows\SYSTEM32\windows.storage.dll
0x00007ffeaf680000 - 0x00007ffeaf9d3000 	C:\Windows\System32\combase.dll
0x00007ffeae570000 - 0x00007ffeae59e000 	C:\Windows\SYSTEM32\Wldp.dll
0x00007ffeb0730000 - 0x00007ffeb07fd000 	C:\Windows\System32\OLEAUT32.dll
0x00007ffeb0800000 - 0x00007ffeb08ad000 	C:\Windows\System32\SHCORE.dll
0x00007ffeb06d0000 - 0x00007ffeb0725000 	C:\Windows\System32\shlwapi.dll
0x00007ffeaea80000 - 0x00007ffeaeaa4000 	C:\Windows\SYSTEM32\profapi.dll
0x00007ffe9e100000 - 0x00007ffe9e11a000 	C:\Program Files\JetBrains\IntelliJ IDEA 2022.1.2\bin\breakgen64.dll
0x00007ffea8070000 - 0x00007ffea808c000 	C:\Program Files\Java\jdk1.8.0_291\jre\bin\net.dll
0x00007ffeae280000 - 0x00007ffeae2ea000 	C:\Windows\system32\mswsock.dll
0x000002200a570000 - 0x000002200a573000 	C:\Program Files\Java\jdk1.8.0_291\jre\bin\api-ms-win-core-console-l1-1-0.dll
0x000002200a7c0000 - 0x000002200a7c3000 	C:\Program Files\Java\jdk1.8.0_291\jre\bin\api-ms-win-core-console-l1-2-0.dll
0x000002200a7d0000 - 0x000002200a7d3000 	C:\Program Files\Java\jdk1.8.0_291\jre\bin\api-ms-win-core-datetime-l1-1-0.dll
0x000002200a7e0000 - 0x000002200a7e3000 	C:\Program Files\Java\jdk1.8.0_291\jre\bin\api-ms-win-core-debug-l1-1-0.dll
0x000002200a7f0000 - 0x000002200a7f3000 	C:\Program Files\Java\jdk1.8.0_291\jre\bin\api-ms-win-core-errorhandling-l1-1-0.dll
0x0000022022ff0000 - 0x0000022022ff4000 	C:\Program Files\Java\jdk1.8.0_291\jre\bin\api-ms-win-core-file-l1-1-0.dll
0x0000022023000000 - 0x0000022023003000 	C:\Program Files\Java\jdk1.8.0_291\jre\bin\api-ms-win-core-file-l1-2-0.dll
0x0000022023010000 - 0x0000022023013000 	C:\Program Files\Java\jdk1.8.0_291\jre\bin\api-ms-win-core-file-l2-1-0.dll
0x0000022023020000 - 0x0000022023023000 	C:\Program Files\Java\jdk1.8.0_291\jre\bin\api-ms-win-core-handle-l1-1-0.dll
0x0000022023030000 - 0x0000022023033000 	C:\Program Files\Java\jdk1.8.0_291\jre\bin\api-ms-win-core-heap-l1-1-0.dll
0x0000022023040000 - 0x0000022023043000 	C:\Program Files\Java\jdk1.8.0_291\jre\bin\api-ms-win-core-interlocked-l1-1-0.dll
0x0000022023050000 - 0x0000022023053000 	C:\Program Files\Java\jdk1.8.0_291\jre\bin\api-ms-win-core-libraryloader-l1-1-0.dll
0x0000022023060000 - 0x0000022023063000 	C:\Program Files\Java\jdk1.8.0_291\jre\bin\api-ms-win-core-localization-l1-2-0.dll
0x0000022023070000 - 0x0000022023073000 	C:\Program Files\Java\jdk1.8.0_291\jre\bin\api-ms-win-core-memory-l1-1-0.dll
0x0000022023080000 - 0x0000022023083000 	C:\Program Files\Java\jdk1.8.0_291\jre\bin\api-ms-win-core-namedpipe-l1-1-0.dll
0x0000022023090000 - 0x0000022023093000 	C:\Program Files\Java\jdk1.8.0_291\jre\bin\api-ms-win-core-processenvironment-l1-1-0.dll
0x00000220230a0000 - 0x00000220230a3000 	C:\Program Files\Java\jdk1.8.0_291\jre\bin\api-ms-win-core-processthreads-l1-1-0.dll
0x00000220230b0000 - 0x00000220230b3000 	C:\Program Files\Java\jdk1.8.0_291\jre\bin\api-ms-win-core-processthreads-l1-1-1.dll
0x00000220230c0000 - 0x00000220230c3000 	C:\Program Files\Java\jdk1.8.0_291\jre\bin\api-ms-win-core-profile-l1-1-0.dll
0x00000220230d0000 - 0x00000220230d3000 	C:\Program Files\Java\jdk1.8.0_291\jre\bin\api-ms-win-core-rtlsupport-l1-1-0.dll
0x00000220230e0000 - 0x00000220230e3000 	C:\Program Files\Java\jdk1.8.0_291\jre\bin\api-ms-win-core-string-l1-1-0.dll
0x00000220230f0000 - 0x00000220230f3000 	C:\Program Files\Java\jdk1.8.0_291\jre\bin\api-ms-win-core-synch-l1-1-0.dll
0x0000022023100000 - 0x0000022023103000 	C:\Program Files\Java\jdk1.8.0_291\jre\bin\api-ms-win-core-synch-l1-2-0.dll
0x0000022023110000 - 0x0000022023113000 	C:\Program Files\Java\jdk1.8.0_291\jre\bin\api-ms-win-core-sysinfo-l1-1-0.dll
0x0000022023120000 - 0x0000022023123000 	C:\Program Files\Java\jdk1.8.0_291\jre\bin\api-ms-win-core-timezone-l1-1-0.dll
0x0000022023130000 - 0x0000022023133000 	C:\Program Files\Java\jdk1.8.0_291\jre\bin\api-ms-win-core-util-l1-1-0.dll
0x0000022023140000 - 0x0000022023143000 	C:\Program Files\Java\jdk1.8.0_291\jre\bin\api-ms-win-crt-conio-l1-1-0.dll
0x0000022023150000 - 0x0000022023154000 	C:\Program Files\Java\jdk1.8.0_291\jre\bin\api-ms-win-crt-convert-l1-1-0.dll
0x0000022023160000 - 0x0000022023163000 	C:\Program Files\Java\jdk1.8.0_291\jre\bin\api-ms-win-crt-environment-l1-1-0.dll
0x0000022023170000 - 0x0000022023173000 	C:\Program Files\Java\jdk1.8.0_291\jre\bin\api-ms-win-crt-filesystem-l1-1-0.dll
0x0000022023180000 - 0x0000022023183000 	C:\Program Files\Java\jdk1.8.0_291\jre\bin\api-ms-win-crt-heap-l1-1-0.dll
0x0000022023190000 - 0x0000022023193000 	C:\Program Files\Java\jdk1.8.0_291\jre\bin\api-ms-win-crt-locale-l1-1-0.dll
0x00000220231a0000 - 0x00000220231a5000 	C:\Program Files\Java\jdk1.8.0_291\jre\bin\api-ms-win-crt-math-l1-1-0.dll
0x00000220231b0000 - 0x00000220231b5000 	C:\Program Files\Java\jdk1.8.0_291\jre\bin\api-ms-win-crt-multibyte-l1-1-0.dll
0x00000220231c0000 - 0x00000220231d0000 	C:\Program Files\Java\jdk1.8.0_291\jre\bin\api-ms-win-crt-private-l1-1-0.dll
0x00000220231d0000 - 0x00000220231d3000 	C:\Program Files\Java\jdk1.8.0_291\jre\bin\api-ms-win-crt-process-l1-1-0.dll
0x00000220231e0000 - 0x00000220231e4000 	C:\Program Files\Java\jdk1.8.0_291\jre\bin\api-ms-win-crt-runtime-l1-1-0.dll
0x00000220231f0000 - 0x00000220231f4000 	C:\Program Files\Java\jdk1.8.0_291\jre\bin\api-ms-win-crt-stdio-l1-1-0.dll
0x0000022023200000 - 0x0000022023204000 	C:\Program Files\Java\jdk1.8.0_291\jre\bin\api-ms-win-crt-string-l1-1-0.dll
0x0000022023210000 - 0x0000022023213000 	C:\Program Files\Java\jdk1.8.0_291\jre\bin\api-ms-win-crt-time-l1-1-0.dll
0x0000022023220000 - 0x0000022023223000 	C:\Program Files\Java\jdk1.8.0_291\jre\bin\api-ms-win-crt-utility-l1-1-0.dll
0x00007ffe7a9e0000 - 0x00007ffe7aada000 	C:\Program Files\Java\jdk1.8.0_291\jre\bin\ucrtbase.dll
0x00007ffea9ec0000 - 0x00007ffea9ecc000 	C:\Program Files\Java\jdk1.8.0_291\jre\bin\vcruntime140_1.dll
0x00007ffe9cef0000 - 0x00007ffe9cf13000 	C:\Program Files\Java\jdk1.8.0_291\jre\bin\prism_d3d.dll
0x00007ffe76a60000 - 0x00007ffe76c2e000 	C:\Windows\system32\d3d9.dll
0x00007ffeac470000 - 0x00007ffeac49f000 	C:\Windows\SYSTEM32\dwmapi.dll
0x00007ffeac4e0000 - 0x00007ffeac57e000 	C:\Windows\system32\uxtheme.dll
0x00007ffe5f770000 - 0x00007ffe60826000 	C:\Windows\SYSTEM32\nvd3dumx.dll
0x00007ffe8ee60000 - 0x00007ffe8eea2000 	C:\Program Files\Java\jdk1.8.0_291\jre\bin\glass.dll
0x00007ffeafdd0000 - 0x00007ffeafeaa000 	C:\Windows\System32\COMDLG32.dll
0x00007ffeb0320000 - 0x00007ffeb044b000 	C:\Windows\System32\ole32.dll
0x00007ffeb1320000 - 0x00007ffeb1434000 	C:\Windows\System32\MSCTF.dll
0x00007ffeaeb50000 - 0x00007ffeaebd2000 	C:\Windows\System32\bcryptPrimitives.dll
0x00007ffeae2f0000 - 0x00007ffeae33b000 	C:\Windows\system32\powrprof.dll
0x00007ffeae260000 - 0x00007ffeae272000 	C:\Windows\SYSTEM32\UMPDC.dll
0x00007ffe9f8c0000 - 0x00007ffe9fa2c000 	C:\Program Files (x86)\NVIDIA Corporation\3D Vision\nvSCPAPI64.dll
0x00007ffeafeb0000 - 0x00007ffeb031e000 	C:\Windows\System32\SETUPAPI.dll
0x00007ffeaf0c0000 - 0x00007ffeaf10e000 	C:\Windows\System32\cfgmgr32.dll
0x00007ffe96950000 - 0x00007ffe96964000 	C:\Program Files\Java\jdk1.8.0_291\jre\bin\javafx_font.dll
0x00007ffe9f640000 - 0x00007ffe9f8bf000 	C:\Windows\SYSTEM32\dwrite.dll
0x00007ffeae4d0000 - 0x00007ffeae4e8000 	C:\Windows\SYSTEM32\CRYPTSP.dll
0x00007ffeadb20000 - 0x00007ffeadb54000 	C:\Windows\system32\rsaenh.dll
0x00007ffeaea30000 - 0x00007ffeaea5e000 	C:\Windows\SYSTEM32\USERENV.dll
0x00007ffeae4c0000 - 0x00007ffeae4cc000 	C:\Windows\SYSTEM32\CRYPTBASE.dll
0x00007ffeadf40000 - 0x00007ffeadf7b000 	C:\Windows\SYSTEM32\IPHLPAPI.DLL
0x00007ffeb0a30000 - 0x00007ffeb0a38000 	C:\Windows\System32\NSI.dll
0x00007ffea9c00000 - 0x00007ffea9c17000 	C:\Windows\SYSTEM32\dhcpcsvc6.DLL
0x00007ffea9be0000 - 0x00007ffea9bfd000 	C:\Windows\SYSTEM32\dhcpcsvc.DLL
0x00007ffeadf80000 - 0x00007ffeae04a000 	C:\Windows\SYSTEM32\DNSAPI.dll
0x00007ffea6b30000 - 0x00007ffea6b43000 	C:\Program Files\Java\jdk1.8.0_291\jre\bin\nio.dll
0x00007ffe8d280000 - 0x00007ffe8d36c000 	C:\Users\id-05\AppData\Local\Temp\sqlite-3.42.0.1-f1c206a8-05c1-48f8-97e5-1e0895797b2a-sqlitejdbc.dll
0x0000000071100000 - 0x0000000071125000 	C:\Users\id-05\.jssc\windows\jSSC-2.8_x86_64.dll
0x00007ffea78c0000 - 0x00007ffea7aa4000 	C:\Windows\SYSTEM32\dbghelp.dll

VM Arguments:
jvm_args: -javaagent:C:\Program Files\JetBrains\IntelliJ IDEA 2022.1.2\lib\idea_rt.jar=51604:C:\Program Files\JetBrains\IntelliJ IDEA 2022.1.2\bin -Dfile.encoding=UTF-8 
java_command: sample.Main
java_class_path (initial): C:\Program Files\Java\jdk1.8.0_291\jre\lib\charsets.jar;C:\Program Files\Java\jdk1.8.0_291\jre\lib\deploy.jar;C:\Program Files\Java\jdk1.8.0_291\jre\lib\ext\access-bridge-64.jar;C:\Program Files\Java\jdk1.8.0_291\jre\lib\ext\cldrdata.jar;C:\Program Files\Java\jdk1.8.0_291\jre\lib\ext\dnsns.jar;C:\Program Files\Java\jdk1.8.0_291\jre\lib\ext\jaccess.jar;C:\Program Files\Java\jdk1.8.0_291\jre\lib\ext\jfxrt.jar;C:\Program Files\Java\jdk1.8.0_291\jre\lib\ext\localedata.jar;C:\Program Files\Java\jdk1.8.0_291\jre\lib\ext\nashorn.jar;C:\Program Files\Java\jdk1.8.0_291\jre\lib\ext\sunec.jar;C:\Program Files\Java\jdk1.8.0_291\jre\lib\ext\sunjce_provider.jar;C:\Program Files\Java\jdk1.8.0_291\jre\lib\ext\sunmscapi.jar;C:\Program Files\Java\jdk1.8.0_291\jre\lib\ext\sunpkcs11.jar;C:\Program Files\Java\jdk1.8.0_291\jre\lib\ext\zipfs.jar;C:\Program Files\Java\jdk1.8.0_291\jre\lib\javaws.jar;C:\Program Files\Java\jdk1.8.0_291\jre\lib\jce.jar;C:\Program Files\Java\jdk1.8.0_291\jre\lib\jfr.jar;C:\Program Files\Java\jdk1.8.0_291\jre\lib\jfxswt.jar;C:\Program Files\Java\jdk1.8.0_291\jre\lib\jsse.jar;C:\Program Files\Java\jdk1.8.0_291\jre\lib\management-agent.jar;C:\Program Files\Java\jdk1.8.0_291\jre\lib\plugin.jar;C:\Program Files\Java\jdk1.8.0_291\jre\lib\resources.jar;C:\Program Files\Java\jdk1.8.0_291\jre\lib\rt.jar;C:\Users\id-05\Dropbox\PROGRAMS_JAVA\RiedelChillerMonitor\out\production\RiedelChillerMonitor;C:\Users\id-05\Dropbox\PROGRAMS_JAVA\jar_files\fontawesomefx-8.2.jar;C:\Users\id-05\Dropbox\PROGRAMS_JAVA\jssc-2.8.0.jar;C:\Users\id-05\Dropbox\PROGRAMS_JAVA\jar_files\sqlite-jdbc-3.42.0.1.jar;C:\Users\id-05\Dropbox\PROGRAMS_JAVA\jar_files\telegrambots-5.0.1.jar;C:\Users\id-05\Dropbox\PROGRAMS_JAVA\jar_files\telegrambots-meta-5.0.1.jar;C:\Users\id-05\Dropbox\PROGRAMS_JAVA\jar_files\gson-2.8.5.jar;C:\Users\id-05\Dropbox\PROGRAMS_JAVA\jar_files\slf4j-api-1.7.30.jar;C:\Users\id-05\Dropbox\PROGRAMS_JAVA\jar_files\jackson-annotations-2.11.4.jar;C:\Users\
Launcher Type: SUN_STANDARD

Environment Variables:
JAVA_HOME=C:\Program Files\OpenJDK\openjdk-8u302-b08
USERNAME=id-05
OS=Windows_NT
PROCESSOR_IDENTIFIER=AMD64 Family 21 Model 2 Stepping 0, AuthenticAMD



---------------  S Y S T E M  ---------------

OS: Windows 10.0 , 64 bit Build 19041 (10.0.19041.3636)

CPU:total 4 (initial active 4) (4 cores per cpu, 1 threads per core) family 21 model 2 stepping 0, cmov, cx8, fxsr, mmx, sse, sse2, sse3, ssse3, sse4.1, sse4.2, popcnt, avx, aes, clmul, mmxext, 3dnowpref, lzcnt, sse4a, tsc, tscinvbit, tscinv, bmi1

Memory: 4k page, physical 10483248k(1502580k free), swap 19364388k(3531860k free)

vm_info: Java HotSpot(TM) 64-Bit Server VM (25.291-b10) for windows-amd64 JRE (1.8.0_291-b10), built on Apr  9 2021 00:02:00 by "java_re" with MS VC++ 15.9 (VS2017)

time: Mon Jun 24 15:00:54 2024
timezone: Забайкальское стандартное время
elapsed time: 2.389863 seconds (0d 0h 0m 2s)

