#
# A fatal error has been detected by the Java Runtime Environment:
#
#  EXCEPTION_ACCESS_VIOLATION (0xc0000005) at pc=0x000000007110b5db, pid=356, tid=0x0000000000001910
#
# JRE version: Java(TM) SE Runtime Environment (8.0_311-b11) (build 1.8.0_311-b11)
# Java VM: Java HotSpot(TM) 64-Bit Server VM (25.311-b11 mixed mode windows-amd64 compressed oops)
# Problematic frame:
# C  [jSSC-2.8_x86_64.dll+0xb5db]
#
# Failed to write core dump. Minidumps are not enabled by default on client versions of Windows
#
# If you would like to submit a bug report, please visit:
#   http://bugreport.java.com/bugreport/crash.jsp
# The crash happened outside the Java Virtual Machine in native code.
# See problematic frame for where to report the bug.
#

---------------  T H R E A D  ---------------

Current thread (0x00000232ed3f0000):  JavaThread "JavaFX Application Thread" [_thread_in_native, id=6416, stack(0x0000003389600000,0x0000003389700000)]

siginfo: ExceptionCode=0xc0000005, reading address 0xfffffffff26c3632

Registers:
RAX=0xfffffffff26c3632, RBX=0x00000033896fd340, RCX=0x00007fffbb42afb4, RDX=0x0000000000000000
RSP=0x00000033896fd2d0, RBP=0x00000033896fd450, RSI=0x00000232ed3f0200, RDI=0x000000000000069c
R8 =0x00000033896fd1c8, R9 =0x00000033896fd2c0, R10=0x0000000000000000, R11=0x0000000000000246
R12=0x00000033896fd508, R13=0x00000232ed888080, R14=0x00000033896fd400, R15=0x00000232ed3f0000
RIP=0x000000007110b5db, EFLAGS=0x0000000000010206

Top of Stack: (sp=0x00000033896fd2d0)
0x00000033896fd2d0:   00000232edee5e40 00000232ed887d80
0x00000033896fd2e0:   000000007110b230 00000232d5010000
0x00000033896fd2f0:   00000232d4f70000 0000000000000004
0x00000033896fd300:   00000232ed3f0200 000000000000069c
0x00000033896fd310:   00000033896fd450 0000000071112590
0x00000033896fd320:   00000232ed3f0000 00000033896fd400
0x00000033896fd330:   00000232ed888080 00000033896fd508
0x00000033896fd340:   00000232ed888080 00007fffbb3a5d21
0x00000033896fd350:   00000033896fd380 00000232d5010000
0x00000033896fd360:   00000033896fd450 0000000000000000
0x00000033896fd370:   0000000071113500 0000000071113be8
0x00000033896fd380:   00000033896fd3b0 0000000071112641
0x00000033896fd390:   00000033896fd320 00000232ed3f0200
0x00000033896fd3a0:   0000000000000000 0000000000000000
0x00000033896fd3b0:   00000033896fd450 0000000071101595
0x00000033896fd3c0:   000000000000001c 0000023200000000 

Instructions: (pc=0x000000007110b5db)
0x000000007110b5bb:   c5 0f 1f 40 00 55 57 56 53 48 83 ec 28 48 8b 05
0x000000007110b5cb:   39 33 01 00 48 89 cb 48 85 c0 0f 84 c5 00 00 00
0x000000007110b5db:   8b 38 85 ff 0f 88 ab 00 00 00 48 8b 05 1c 33 01
0x000000007110b5eb:   00 48 85 c0 0f 84 bc 00 00 00 8b 30 85 f6 74 57 


Register to memory mapping:

RAX=0xfffffffff26c3632 is an unknown value
RBX=0x00000033896fd340 is pointing into the stack for thread: 0x00000232ed3f0000
RCX=0x00007fffbb42afb4 is an unknown value
RDX=0x0000000000000000 is an unknown value
RSP=0x00000033896fd2d0 is pointing into the stack for thread: 0x00000232ed3f0000
RBP=0x00000033896fd450 is pointing into the stack for thread: 0x00000232ed3f0000
RSI=0x00000232ed3f0200 is an unknown value
RDI=0x000000000000069c is an unknown value
R8 =0x00000033896fd1c8 is pointing into the stack for thread: 0x00000232ed3f0000
R9 =0x00000033896fd2c0 is pointing into the stack for thread: 0x00000232ed3f0000
R10=0x0000000000000000 is an unknown value
R11=0x0000000000000246 is an unknown value
R12=0x00000033896fd508 is pointing into the stack for thread: 0x00000232ed3f0000
R13=0x00000232ed888080 is an unknown value
R14=0x00000033896fd400 is pointing into the stack for thread: 0x00000232ed3f0000
R15=0x00000232ed3f0000 is a thread


Stack: [0x0000003389600000,0x0000003389700000],  sp=0x00000033896fd2d0,  free space=1012k
Native frames: (J=compiled Java code, j=interpreted, Vv=VM code, C=native code)
C  [jSSC-2.8_x86_64.dll+0xb5db]
C  [jSSC-2.8_x86_64.dll+0x12590]
C  [jSSC-2.8_x86_64.dll+0x1595]
C  0x00000232d69fa02e

Java frames: (J=compiled Java code, j=interpreted, Vv=VM code)
j  jssc.SerialNativeInterface.openPort(Ljava/lang/String;Z)J+0
j  jssc.SerialPort.openPort()Z+65
j  main.DisplayController.comPortInit()V+446
j  main.DisplayController.initialize(Ljava/net/URL;Ljava/util/ResourceBundle;)V+35
j  javafx.fxml.FXMLLoader.loadImpl(Ljava/io/InputStream;Ljava/lang/Class;)Ljava/lang/Object;+265
j  javafx.fxml.FXMLLoader.loadImpl(Ljava/lang/Class;)Ljava/lang/Object;+30
j  javafx.fxml.FXMLLoader.loadImpl(Ljava/net/URL;Ljava/util/ResourceBundle;Ljavafx/util/BuilderFactory;Ljavafx/util/Callback;Ljava/nio/charset/Charset;Ljava/lang/Class;)Ljava/lang/Object;+34
j  javafx.fxml.FXMLLoader.loadImpl(Ljava/net/URL;Ljava/util/ResourceBundle;Ljavafx/util/BuilderFactory;Ljavafx/util/Callback;Ljava/lang/Class;)Ljava/lang/Object;+11
j  javafx.fxml.FXMLLoader.loadImpl(Ljava/net/URL;Ljava/util/ResourceBundle;Ljavafx/util/BuilderFactory;Ljava/lang/Class;)Ljava/lang/Object;+5
j  javafx.fxml.FXMLLoader.loadImpl(Ljava/net/URL;Ljava/util/ResourceBundle;Ljava/lang/Class;)Ljava/lang/Object;+4
j  javafx.fxml.FXMLLoader.loadImpl(Ljava/net/URL;Ljava/lang/Class;)Ljava/lang/Object;+3
j  javafx.fxml.FXMLLoader.load(Ljava/net/URL;)Ljava/lang/Object;+14
j  main.Main.start(Ljavafx/stage/Stage;)V+9
j  com.sun.javafx.application.LauncherImpl.lambda$launchApplication1$8(Ljava/util/concurrent/atomic/AtomicBoolean;Ljavafx/application/Application;)V+20
j  com.sun.javafx.application.LauncherImpl$$Lambda$55.run()V+8
j  com.sun.javafx.application.PlatformImpl.lambda$runAndWait$7(Ljava/lang/Runnable;Ljava/util/concurrent/CountDownLatch;)V+1
j  com.sun.javafx.application.PlatformImpl$$Lambda$48.run()V+8
j  com.sun.javafx.application.PlatformImpl.lambda$null$5(Ljava/lang/Runnable;)Ljava/lang/Void;+1
j  com.sun.javafx.application.PlatformImpl$$Lambda$50.run()Ljava/lang/Object;+4
v  ~StubRoutines::call_stub
j  java.security.AccessController.doPrivileged(Ljava/security/PrivilegedAction;Ljava/security/AccessControlContext;)Ljava/lang/Object;+0
j  com.sun.javafx.application.PlatformImpl.lambda$runLater$6(Ljava/lang/Runnable;Ljava/security/AccessControlContext;)V+7
j  com.sun.javafx.application.PlatformImpl$$Lambda$49.run()V+8
j  com.sun.glass.ui.InvokeLaterDispatcher$Future.run()V+4
v  ~StubRoutines::call_stub
j  com.sun.glass.ui.win.WinApplication._runLoop(Ljava/lang/Runnable;)V+0
j  com.sun.glass.ui.win.WinApplication.lambda$null$4(ILjava/lang/Runnable;)V+8
j  com.sun.glass.ui.win.WinApplication$$Lambda$38.run()V+12
j  java.lang.Thread.run()V+11
v  ~StubRoutines::call_stub

---------------  P R O C E S S  ---------------

Java Threads: ( => current thread )
  0x00000232edb20000 JavaThread "Prism Font Disposer" daemon [_thread_blocked, id=17768, stack(0x0000003389d00000,0x0000003389e00000)]
  0x00000232ed9b7000 JavaThread "Thread-4" daemon [_thread_in_native, id=2260, stack(0x0000003389a00000,0x0000003389b00000)]
  0x00000232ed9f1800 JavaThread "Timer-0" [_thread_blocked, id=16828, stack(0x0000003389c00000,0x0000003389d00000)]
  0x00000232eda54800 JavaThread "JavaFX-Launcher" [_thread_blocked, id=18536, stack(0x0000003389b00000,0x0000003389c00000)]
=>0x00000232ed3f0000 JavaThread "JavaFX Application Thread" [_thread_in_native, id=6416, stack(0x0000003389600000,0x0000003389700000)]
  0x00000232ed846000 JavaThread "Thread-1" daemon [_thread_blocked, id=3980, stack(0x0000003389500000,0x0000003389600000)]
  0x00000232ed3e2000 JavaThread "QuantumRenderer-0" daemon [_thread_blocked, id=9392, stack(0x0000003389400000,0x0000003389500000)]
  0x00000232ed009800 JavaThread "Service Thread" daemon [_thread_blocked, id=15560, stack(0x0000003389200000,0x0000003389300000)]
  0x00000232ebc42000 JavaThread "C1 CompilerThread3" daemon [_thread_blocked, id=14488, stack(0x0000003389100000,0x0000003389200000)]
  0x00000232ebc34800 JavaThread "C2 CompilerThread2" daemon [_thread_blocked, id=16728, stack(0x0000003389000000,0x0000003389100000)]
  0x00000232ebc32000 JavaThread "C2 CompilerThread1" daemon [_thread_blocked, id=14380, stack(0x0000003388f00000,0x0000003389000000)]
  0x00000232ebc29000 JavaThread "C2 CompilerThread0" daemon [_thread_blocked, id=9348, stack(0x0000003388e00000,0x0000003388f00000)]
  0x00000232ebc24000 JavaThread "Attach Listener" daemon [_thread_blocked, id=5468, stack(0x0000003388d00000,0x0000003388e00000)]
  0x00000232ebc23000 JavaThread "Signal Dispatcher" daemon [_thread_blocked, id=1268, stack(0x0000003388c00000,0x0000003388d00000)]
  0x00000232eb01e000 JavaThread "Finalizer" daemon [_thread_blocked, id=17556, stack(0x0000003388b00000,0x0000003388c00000)]
  0x00000232eb016800 JavaThread "Reference Handler" daemon [_thread_blocked, id=16272, stack(0x0000003388a00000,0x0000003388b00000)]
  0x00000232d503f000 JavaThread "main" [_thread_blocked, id=10088, stack(0x0000003388000000,0x0000003388100000)]

Other Threads:
  0x00000232ebbe3800 VMThread [stack: 0x0000003388900000,0x0000003388a00000] [id=14024]
  0x00000232ed038000 WatcherThread [stack: 0x0000003389300000,0x0000003389400000] [id=10112]

VM state:not at safepoint (normal execution)

VM Mutex/Monitor currently owned by a thread: None

heap address: 0x0000000082600000, size: 2010 MB, Compressed Oops mode: 32-bit
Narrow klass base: 0x0000000000000000, Narrow klass shift: 3
Compressed class space size: 1073741824 Address: 0x0000000100000000

Heap:
 PSYoungGen      total 37888K, used 28187K [0x00000000d6200000, 0x00000000d8c00000, 0x0000000100000000)
  eden space 32768K, 86% used [0x00000000d6200000,0x00000000d7d86f00,0x00000000d8200000)
  from space 5120K, 0% used [0x00000000d8700000,0x00000000d8700000,0x00000000d8c00000)
  to   space 5120K, 0% used [0x00000000d8200000,0x00000000d8200000,0x00000000d8700000)
 ParOldGen       total 86016K, used 0K [0x0000000082600000, 0x0000000087a00000, 0x00000000d6200000)
  object space 86016K, 0% used [0x0000000082600000,0x0000000082600000,0x0000000087a00000)
 Metaspace       used 13959K, capacity 14448K, committed 14720K, reserved 1062912K
  class space    used 1754K, capacity 1902K, committed 1920K, reserved 1048576K

Card table byte_map: [0x00000232e5da0000,0x00000232e6190000] byte_map_base: 0x00000232e598d000

Marking Bits: (ParMarkBitMap*) 0x0000000062ca8030
 Begin Bits: [0x00000232e6430000, 0x00000232e8398000)
 End Bits:   [0x00000232e8398000, 0x00000232ea300000)

Polling page: 0x00000232d5370000

CodeCache: size=245760Kb used=3777Kb max_used=3790Kb free=241982Kb
 bounds [0x00000232d69e0000, 0x00000232d6da0000, 0x00000232e59e0000]
 total_blobs=1581 nmethods=1069 adapters=425
 compilation: enabled

Compilation events (10 events):
Event: 0.833 Thread 0x00000232ebc42000 1066       3       java.lang.invoke.LambdaForm$DMH/1580066828::invokeStatic_L_L (14 bytes)
Event: 0.833 Thread 0x00000232ebc42000 nmethod 1066 0x00000232d6d80550 code [0x00000232d6d806e0, 0x00000232d6d80b40]
Event: 0.833 Thread 0x00000232ebc42000 1061       3       jdk.internal.org.objectweb.asm.MethodWriter::visitEnd (1 bytes)
Event: 0.833 Thread 0x00000232ebc42000 nmethod 1061 0x00000232d6d80210 code [0x00000232d6d80360, 0x00000232d6d804b8]
Event: 0.833 Thread 0x00000232ebc42000 1062       3       jdk.internal.org.objectweb.asm.MethodWriter::getSize (838 bytes)
Event: 0.835 Thread 0x00000232ebc42000 nmethod 1062 0x00000232d6d8dfd0 code [0x00000232d6d8e440, 0x00000232d6d90830]
Event: 0.835 Thread 0x00000232ebc42000 1069       3       java.lang.System::checkKey (34 bytes)
Event: 0.835 Thread 0x00000232ebc42000 nmethod 1069 0x00000232d6d7fb50 code [0x00000232d6d7fce0, 0x00000232d6d800d0]
Event: 0.835 Thread 0x00000232ebc42000 1067       1       java.util.Formatter$FormatSpecifier::index (5 bytes)
Event: 0.835 Thread 0x00000232ebc42000 nmethod 1067 0x00000232d6d7f890 code [0x00000232d6d7f9e0, 0x00000232d6d7faf8]

GC Heap History (0 events):
No events

Deoptimization events (6 events):
Event: 0.250 Thread 0x00000232ed3f0000 Uncommon trap: reason=unstable_if action=reinterpret pc=0x00000232d6b96810 method=java.lang.String.replace(CC)Ljava/lang/String; @ 26
Event: 0.395 Thread 0x00000232ed3f0000 Uncommon trap: reason=unstable_if action=reinterpret pc=0x00000232d6bd6a78 method=java.lang.String.indexOf([CII[CIII)I @ 3
Event: 0.701 Thread 0x00000232ed3f0000 Uncommon trap: reason=unstable_if action=reinterpret pc=0x00000232d6c544d8 method=java.util.HashMap.getNode(ILjava/lang/Object;)Ljava/util/HashMap$Node; @ 84
Event: 0.701 Thread 0x00000232ed3f0000 Uncommon trap: reason=unstable_if action=reinterpret pc=0x00000232d6c4f150 method=java.util.HashMap.getNode(ILjava/lang/Object;)Ljava/util/HashMap$Node; @ 84
Event: 0.732 Thread 0x00000232ed3f0000 Uncommon trap: reason=unstable_if action=reinterpret pc=0x00000232d6c4c8a0 method=java.lang.AbstractStringBuilder.append(Ljava/lang/String;)Ljava/lang/AbstractStringBuilder; @ 1
Event: 0.808 Thread 0x00000232ed3f0000 Uncommon trap: reason=unstable_if action=reinterpret pc=0x00000232d6d66e44 method=org.sqlite.SQLiteJDBCLoader.contentsEquals(Ljava/io/InputStream;Ljava/io/InputStream;)Z @ 39

Classes redefined (0 events):
No events

Internal exceptions (10 events):
Event: 0.102 Thread 0x00000232d503f000 Exception <a 'java/lang/NullPointerException'> (0x00000000d64de0a8) thrown at [C:\jenkins\workspace\8-2-build-windows-amd64-cygwin\jdk8u311\1894\hotspot\src\share\vm\interpreter\linkResolver.cpp, line 1185]
Event: 0.318 Thread 0x00000232ed3f0000 Exception <a 'java/lang/NullPointerException'> (0x00000000d6fddc48) thrown at [C:\jenkins\workspace\8-2-build-windows-amd64-cygwin\jdk8u311\1894\hotspot\src\share\vm\interpreter\linkResolver.cpp, line 1185]
Event: 0.318 Thread 0x00000232ed3f0000 Exception <a 'java/lang/NullPointerException'> (0x00000000d6fddc48) thrown at [C:\jenkins\workspace\8-2-build-windows-amd64-cygwin\jdk8u311\1894\hotspot\src\share\vm\prims\jvm.cpp, line 1527]
Event: 0.326 Thread 0x00000232ed3f0000 Exception <a 'java/io/IOException'> (0x00000000d70168e8) thrown at [C:\jenkins\workspace\8-2-build-windows-amd64-cygwin\jdk8u311\1894\hotspot\src\share\vm\prims\jni.cpp, line 710]
Event: 0.732 Thread 0x00000232ed3f0000 Implicit null exception at 0x00000232d6c4c4d4 to 0x00000232d6c4c889
Event: 0.759 Thread 0x00000232ed3f0000 Exception <a 'sun/nio/fs/WindowsException'> (0x00000000d7b8d680) thrown at [C:\jenkins\workspace\8-2-build-windows-amd64-cygwin\jdk8u311\1894\hotspot\src\share\vm\prims\jni.cpp, line 710]
Event: 0.759 Thread 0x00000232ed3f0000 Exception <a 'sun/nio/fs/WindowsException'> (0x00000000d7b8dfa8) thrown at [C:\jenkins\workspace\8-2-build-windows-amd64-cygwin\jdk8u311\1894\hotspot\src\share\vm\prims\jni.cpp, line 710]
Event: 0.764 Thread 0x00000232ed3f0000 Exception <a 'sun/nio/fs/WindowsException'> (0x00000000d7c09390) thrown at [C:\jenkins\workspace\8-2-build-windows-amd64-cygwin\jdk8u311\1894\hotspot\src\share\vm\prims\jni.cpp, line 710]
Event: 0.764 Thread 0x00000232ed3f0000 Exception <a 'sun/nio/fs/WindowsException'> (0x00000000d7c09cb8) thrown at [C:\jenkins\workspace\8-2-build-windows-amd64-cygwin\jdk8u311\1894\hotspot\src\share\vm\prims\jni.cpp, line 710]
Event: 0.764 Thread 0x00000232ed3f0000 Exception <a 'sun/nio/fs/WindowsException'> (0x00000000d7c0b3e8) thrown at [C:\jenkins\workspace\8-2-build-windows-amd64-cygwin\jdk8u311\1894\hotspot\src\share\vm\prims\jni.cpp, line 710]

Events (10 events):
Event: 0.828 loading class org/sqlite/jdbc3/JDBC3ResultSet
Event: 0.828 loading class org/sqlite/jdbc3/JDBC3ResultSet done
Event: 0.832 loading class jssc/SerialPort$EventThread
Event: 0.832 loading class jssc/SerialPort$EventThread done
Event: 0.833 loading class jssc/SerialPort$LinuxEventThread
Event: 0.833 loading class jssc/SerialPort$LinuxEventThread done
Event: 0.833 loading class jssc/SerialPortTimeoutException
Event: 0.833 loading class jssc/SerialPortTimeoutException done
Event: 0.833 loading class jssc/SerialNativeInterface
Event: 0.833 loading class jssc/SerialNativeInterface done


Dynamic libraries:
0x00007ff640860000 - 0x00007ff6408a7000 	C:\Program Files\Java\jre1.8.0_311\bin\javaw.exe
0x00007fffbb390000 - 0x00007fffbb584000 	C:\Windows\SYSTEM32\ntdll.dll
0x00007fffb9560000 - 0x00007fffb961d000 	C:\Windows\System32\KERNEL32.DLL
0x00007fffb8d30000 - 0x00007fffb8ff7000 	C:\Windows\System32\KERNELBASE.dll
0x00007fffb9ab0000 - 0x00007fffb9b5a000 	C:\Windows\System32\ADVAPI32.dll
0x00007fffba3d0000 - 0x00007fffba46e000 	C:\Windows\System32\msvcrt.dll
0x00007fffb9640000 - 0x00007fffb96db000 	C:\Windows\System32\sechost.dll
0x00007fffb9980000 - 0x00007fffb9aa3000 	C:\Windows\System32\RPCRT4.dll
0x00007fffb9750000 - 0x00007fffb98f0000 	C:\Windows\System32\USER32.dll
0x00007fffb9160000 - 0x00007fffb9182000 	C:\Windows\System32\win32u.dll
0x00007fffb9530000 - 0x00007fffb955a000 	C:\Windows\System32\GDI32.dll
0x00007fffb8ad0000 - 0x00007fffb8bda000 	C:\Windows\System32\gdi32full.dll
0x00007fffb8c60000 - 0x00007fffb8cfd000 	C:\Windows\System32\msvcp_win.dll
0x00007fffb92a0000 - 0x00007fffb93a0000 	C:\Windows\System32\ucrtbase.dll
0x00007fffa5cc0000 - 0x00007fffa5f5a000 	C:\Windows\WinSxS\amd64_microsoft.windows.common-controls_6595b64144ccf1df_6.0.19041.1_none_b555e41d4684ddec\COMCTL32.dll
0x00007fffbb320000 - 0x00007fffbb350000 	C:\Windows\System32\IMM32.DLL
0x00007fffaaa10000 - 0x00007fffaaa25000 	C:\Program Files\Java\jre1.8.0_311\bin\vcruntime140.dll
0x00007fff6bbd0000 - 0x00007fff6bc6b000 	C:\Program Files\Java\jre1.8.0_311\bin\msvcp140.dll
0x00000000624c0000 - 0x0000000062d20000 	C:\Program Files\Java\jre1.8.0_311\bin\server\jvm.dll
0x00007fffb96e0000 - 0x00007fffb96e8000 	C:\Windows\System32\PSAPI.DLL
0x00007fffa2850000 - 0x00007fffa2859000 	C:\Windows\SYSTEM32\WSOCK32.dll
0x00007fffa6b60000 - 0x00007fffa6b87000 	C:\Windows\SYSTEM32\WINMM.dll
0x00007fffb2720000 - 0x00007fffb272a000 	C:\Windows\SYSTEM32\VERSION.dll
0x00007fffba360000 - 0x00007fffba3cb000 	C:\Windows\System32\WS2_32.dll
0x00007fffb7430000 - 0x00007fffb7443000 	C:\Windows\SYSTEM32\kernel.appcore.dll
0x00007fffb1a60000 - 0x00007fffb1a70000 	C:\Program Files\Java\jre1.8.0_311\bin\verify.dll
0x00007fffaa940000 - 0x00007fffaa96b000 	C:\Program Files\Java\jre1.8.0_311\bin\java.dll
0x00007fffaa880000 - 0x00007fffaa898000 	C:\Program Files\Java\jre1.8.0_311\bin\zip.dll
0x00007fffba640000 - 0x00007fffbad71000 	C:\Windows\System32\SHELL32.dll
0x00007fffb6c40000 - 0x00007fffb73ca000 	C:\Windows\SYSTEM32\windows.storage.dll
0x00007fffb9c40000 - 0x00007fffb9f94000 	C:\Windows\System32\combase.dll
0x00007fffb8550000 - 0x00007fffb857b000 	C:\Windows\SYSTEM32\Wldp.dll
0x00007fffba590000 - 0x00007fffba63e000 	C:\Windows\System32\SHCORE.dll
0x00007fffb96f0000 - 0x00007fffb9745000 	C:\Windows\System32\shlwapi.dll
0x00007fffb8a10000 - 0x00007fffb8a2f000 	C:\Windows\SYSTEM32\profapi.dll
0x00000232ed550000 - 0x00000232ed553000 	C:\Program Files\Java\jre1.8.0_311\bin\api-ms-win-core-console-l1-1-0.dll
0x00000232ed560000 - 0x00000232ed563000 	C:\Program Files\Java\jre1.8.0_311\bin\api-ms-win-core-console-l1-2-0.dll
0x00000232ed570000 - 0x00000232ed573000 	C:\Program Files\Java\jre1.8.0_311\bin\api-ms-win-core-datetime-l1-1-0.dll
0x00000232ed580000 - 0x00000232ed583000 	C:\Program Files\Java\jre1.8.0_311\bin\api-ms-win-core-debug-l1-1-0.dll
0x00000232ed590000 - 0x00000232ed593000 	C:\Program Files\Java\jre1.8.0_311\bin\api-ms-win-core-errorhandling-l1-1-0.dll
0x00000232ed5a0000 - 0x00000232ed5a4000 	C:\Program Files\Java\jre1.8.0_311\bin\api-ms-win-core-file-l1-1-0.dll
0x00000232ed5b0000 - 0x00000232ed5b3000 	C:\Program Files\Java\jre1.8.0_311\bin\api-ms-win-core-file-l1-2-0.dll
0x00000232ed5c0000 - 0x00000232ed5c3000 	C:\Program Files\Java\jre1.8.0_311\bin\api-ms-win-core-file-l2-1-0.dll
0x00000232ed5d0000 - 0x00000232ed5d3000 	C:\Program Files\Java\jre1.8.0_311\bin\api-ms-win-core-handle-l1-1-0.dll
0x00000232ed5e0000 - 0x00000232ed5e3000 	C:\Program Files\Java\jre1.8.0_311\bin\api-ms-win-core-heap-l1-1-0.dll
0x00000232ed5f0000 - 0x00000232ed5f3000 	C:\Program Files\Java\jre1.8.0_311\bin\api-ms-win-core-interlocked-l1-1-0.dll
0x00000232ed600000 - 0x00000232ed603000 	C:\Program Files\Java\jre1.8.0_311\bin\api-ms-win-core-libraryloader-l1-1-0.dll
0x00000232ed610000 - 0x00000232ed613000 	C:\Program Files\Java\jre1.8.0_311\bin\api-ms-win-core-localization-l1-2-0.dll
0x00000232ed620000 - 0x00000232ed623000 	C:\Program Files\Java\jre1.8.0_311\bin\api-ms-win-core-memory-l1-1-0.dll
0x00000232ed630000 - 0x00000232ed633000 	C:\Program Files\Java\jre1.8.0_311\bin\api-ms-win-core-namedpipe-l1-1-0.dll
0x00000232ed640000 - 0x00000232ed643000 	C:\Program Files\Java\jre1.8.0_311\bin\api-ms-win-core-processenvironment-l1-1-0.dll
0x00000232ed650000 - 0x00000232ed653000 	C:\Program Files\Java\jre1.8.0_311\bin\api-ms-win-core-processthreads-l1-1-0.dll
0x00000232ed660000 - 0x00000232ed663000 	C:\Program Files\Java\jre1.8.0_311\bin\api-ms-win-core-processthreads-l1-1-1.dll
0x00000232ed670000 - 0x00000232ed673000 	C:\Program Files\Java\jre1.8.0_311\bin\api-ms-win-core-profile-l1-1-0.dll
0x00000232ed680000 - 0x00000232ed683000 	C:\Program Files\Java\jre1.8.0_311\bin\api-ms-win-core-rtlsupport-l1-1-0.dll
0x00000232ed690000 - 0x00000232ed693000 	C:\Program Files\Java\jre1.8.0_311\bin\api-ms-win-core-string-l1-1-0.dll
0x00000232ed6a0000 - 0x00000232ed6a3000 	C:\Program Files\Java\jre1.8.0_311\bin\api-ms-win-core-synch-l1-1-0.dll
0x00000232ed6b0000 - 0x00000232ed6b3000 	C:\Program Files\Java\jre1.8.0_311\bin\api-ms-win-core-synch-l1-2-0.dll
0x00000232ed6c0000 - 0x00000232ed6c3000 	C:\Program Files\Java\jre1.8.0_311\bin\api-ms-win-core-sysinfo-l1-1-0.dll
0x00000232ed6d0000 - 0x00000232ed6d3000 	C:\Program Files\Java\jre1.8.0_311\bin\api-ms-win-core-timezone-l1-1-0.dll
0x00000232ed6e0000 - 0x00000232ed6e3000 	C:\Program Files\Java\jre1.8.0_311\bin\api-ms-win-core-util-l1-1-0.dll
0x00000232ed6f0000 - 0x00000232ed6f3000 	C:\Program Files\Java\jre1.8.0_311\bin\api-ms-win-crt-conio-l1-1-0.dll
0x00000232ed700000 - 0x00000232ed704000 	C:\Program Files\Java\jre1.8.0_311\bin\api-ms-win-crt-convert-l1-1-0.dll
0x00000232ed710000 - 0x00000232ed713000 	C:\Program Files\Java\jre1.8.0_311\bin\api-ms-win-crt-environment-l1-1-0.dll
0x00000232ed720000 - 0x00000232ed723000 	C:\Program Files\Java\jre1.8.0_311\bin\api-ms-win-crt-filesystem-l1-1-0.dll
0x00000232ed730000 - 0x00000232ed733000 	C:\Program Files\Java\jre1.8.0_311\bin\api-ms-win-crt-heap-l1-1-0.dll
0x00000232ed740000 - 0x00000232ed743000 	C:\Program Files\Java\jre1.8.0_311\bin\api-ms-win-crt-locale-l1-1-0.dll
0x00000232ed750000 - 0x00000232ed755000 	C:\Program Files\Java\jre1.8.0_311\bin\api-ms-win-crt-math-l1-1-0.dll
0x00000232ed760000 - 0x00000232ed765000 	C:\Program Files\Java\jre1.8.0_311\bin\api-ms-win-crt-multibyte-l1-1-0.dll
0x00000232ed770000 - 0x00000232ed780000 	C:\Program Files\Java\jre1.8.0_311\bin\api-ms-win-crt-private-l1-1-0.dll
0x00000232ed780000 - 0x00000232ed783000 	C:\Program Files\Java\jre1.8.0_311\bin\api-ms-win-crt-process-l1-1-0.dll
0x00000232ed790000 - 0x00000232ed794000 	C:\Program Files\Java\jre1.8.0_311\bin\api-ms-win-crt-runtime-l1-1-0.dll
0x00000232ed7a0000 - 0x00000232ed7a4000 	C:\Program Files\Java\jre1.8.0_311\bin\api-ms-win-crt-stdio-l1-1-0.dll
0x00000232ed7b0000 - 0x00000232ed7b4000 	C:\Program Files\Java\jre1.8.0_311\bin\api-ms-win-crt-string-l1-1-0.dll
0x00000232ed7c0000 - 0x00000232ed7c3000 	C:\Program Files\Java\jre1.8.0_311\bin\api-ms-win-crt-time-l1-1-0.dll
0x00000232ed7d0000 - 0x00000232ed7d3000 	C:\Program Files\Java\jre1.8.0_311\bin\api-ms-win-crt-utility-l1-1-0.dll
0x00007fff6bad0000 - 0x00007fff6bbca000 	C:\Program Files\Java\jre1.8.0_311\bin\ucrtbase.dll
0x00007fffb17f0000 - 0x00007fffb17fc000 	C:\Program Files\Java\jre1.8.0_311\bin\vcruntime140_1.dll
0x00007fffa9930000 - 0x00007fffa9953000 	C:\Program Files\Java\jre1.8.0_311\bin\prism_d3d.dll
0x00007fffa9ea0000 - 0x00007fffaa06d000 	C:\Windows\system32\d3d9.dll
0x00007fffb6630000 - 0x00007fffb665e000 	C:\Windows\SYSTEM32\dwmapi.dll
0x00007fffb6130000 - 0x00007fffb61cf000 	C:\Windows\system32\uxtheme.dll
0x00007fff89770000 - 0x00007fff89931000 	C:\Windows\System32\DriverStore\FileRepository\iigd_dch.inf_amd64_c4750617475dbc36\igdumdim64.dll
0x00007fffad2b0000 - 0x00007fffad3ca000 	C:\Windows\System32\DriverStore\FileRepository\iigd_dch.inf_amd64_c4750617475dbc36\igdgmm64.dll
0x00007fff78ef0000 - 0x00007fff7c872000 	C:\Windows\System32\DriverStore\FileRepository\iigd_dch.inf_amd64_c4750617475dbc36\igd9dxva64.dll
0x00007fffba010000 - 0x00007fffba13b000 	C:\Windows\System32\OLE32.dll
0x00007fffb9b60000 - 0x00007fffb9c35000 	C:\Windows\System32\OLEAUT32.dll
0x00007fff8a500000 - 0x00007fff8a542000 	C:\Program Files\Java\jre1.8.0_311\bin\glass.dll
0x00007fffb93f0000 - 0x00007fffb94ca000 	C:\Windows\System32\COMDLG32.dll
0x00007fffba470000 - 0x00007fffba585000 	C:\Windows\System32\MSCTF.dll
0x00007fffa9780000 - 0x00007fffa97c0000 	C:\Program Files\WIDCOMM\Bluetooth Software\btmmhook.dll
0x00007fffb8be0000 - 0x00007fffb8c5f000 	C:\Windows\System32\bcryptPrimitives.dll
0x00007fff90df0000 - 0x00007fff90e11000 	C:\Windows\System32\DriverStore\FileRepository\iigd_dch.inf_amd64_c4750617475dbc36\igdinfo64.dll
0x00007fffab2d0000 - 0x00007fffad295000 	C:\Windows\System32\DriverStore\FileRepository\iigd_dch.inf_amd64_c4750617475dbc36\igc64.dll
0x00007fffae890000 - 0x00007fffae8cb000 	C:\Windows\SYSTEM32\dxcore.dll
0x00007fffb93a0000 - 0x00007fffb93ed000 	C:\Windows\System32\cfgmgr32.dll
0x00007fffa3e10000 - 0x00007fffa3e24000 	C:\Program Files\Java\jre1.8.0_311\bin\javafx_font.dll
0x00007fff99d30000 - 0x00007fff99fae000 	C:\Windows\SYSTEM32\dwrite.dll
0x00007fffb84a0000 - 0x00007fffb84b8000 	C:\Windows\SYSTEM32\CRYPTSP.dll
0x00007fffb7b90000 - 0x00007fffb7bc4000 	C:\Windows\system32\rsaenh.dll
0x00007fffb8d00000 - 0x00007fffb8d27000 	C:\Windows\System32\bcrypt.dll
0x00007fffb89d0000 - 0x00007fffb89fe000 	C:\Windows\SYSTEM32\USERENV.dll
0x00007fffb84c0000 - 0x00007fffb84cc000 	C:\Windows\SYSTEM32\CRYPTBASE.dll
0x00007fff9c930000 - 0x00007fff9c94c000 	C:\Program Files\Java\jre1.8.0_311\bin\net.dll
0x00007fffb82d0000 - 0x00007fffb833a000 	C:\Windows\system32\mswsock.dll
0x00007fffb7f50000 - 0x00007fffb7f8b000 	C:\Windows\SYSTEM32\IPHLPAPI.DLL
0x00007fffba350000 - 0x00007fffba359000 	C:\Windows\System32\NSI.dll
0x00007fffb1220000 - 0x00007fffb1237000 	C:\Windows\SYSTEM32\dhcpcsvc6.DLL
0x00007fffb1200000 - 0x00007fffb121d000 	C:\Windows\SYSTEM32\dhcpcsvc.DLL
0x00007fffb7f90000 - 0x00007fffb805a000 	C:\Windows\SYSTEM32\DNSAPI.dll
0x00007fff9c910000 - 0x00007fff9c923000 	C:\Program Files\Java\jre1.8.0_311\bin\nio.dll
0x00007fff6b580000 - 0x00007fff6b66c000 	C:\Users\id-05\AppData\Local\Temp\sqlite-3.42.0.1-aeb33e31-a97e-41f2-9eba-fefcf87fbc81-sqlitejdbc.dll
0x0000000071100000 - 0x0000000071125000 	C:\Users\id-05\.jssc\windows\jSSC-2.8_x86_64.dll
0x00007fffa68b0000 - 0x00007fffa6a94000 	C:\Windows\SYSTEM32\dbghelp.dll

VM Arguments:
java_command: C:\Users\id-05\Dropbox\PROGRAMS_JAVA\RiedelChillerMonitor\out\artifacts\RiedelChillerMonitor_jar\RiedelChillerMonitor.jar
java_class_path (initial): C:\Users\id-05\Dropbox\PROGRAMS_JAVA\RiedelChillerMonitor\out\artifacts\RiedelChillerMonitor_jar\RiedelChillerMonitor.jar
Launcher Type: SUN_STANDARD

Environment Variables:
PATH=C:\PROGRAM FILES (X86)\COMMON FILES\ORACLE\JAVA\JAVAPATH;C:\WINDOWS\SYSTEM32;C:\WINDOWS;C:\WINDOWS\SYSTEM32\WBEM;C:\WINDOWS\SYSTEM32\WINDOWSPOWERSHELL\V1.0\;C:\WINDOWS\SYSTEM32\OPENSSH\;C:\PROGRAM FILES (X86)\NVIDIA CORPORATION\PHYSX\COMMON;C:\PROGRAM FILES\NVIDIA CORPORATION\NVIDIA NVDLISR;C:\PROGRAM FILES\GIT\CMD;C:\Program Files\Apache\Maven\BIN;C:\Program Files\WIDCOMM\Bluetooth Software\;C:\Program Files\WIDCOMM\Bluetooth Software\syswow64;C:\Program Files\Git\cmd;C:\Program Files (x86)\STMicroelectronics\STM32 ST-LINK Utility\ST-LINK Utility;C:\Program Files\Microsoft SQL Server\150\Tools\Binn\;C:\Program Files (x86)\Borland\Delphi7\Bin;C:\Program Files (x86)\Borland\Delphi7\Projects\Bpl;C:\Users\id-05\AppData\Local\Microsoft\WindowsApps;C:\Users\id-05\AppData\Local\Programs\Microsoft VS Code\bin
USERNAME=id-05
OS=Windows_NT
PROCESSOR_IDENTIFIER=Intel64 Family 6 Model 158 Stepping 10, GenuineIntel



---------------  S Y S T E M  ---------------

OS: Windows 10.0 , 64 bit Build 19041 (10.0.19041.1)

CPU:total 8 (initial active 8) (4 cores per cpu, 2 threads per core) family 6 model 158 stepping 10, cmov, cx8, fxsr, mmx, sse, sse2, sse3, ssse3, sse4.1, sse4.2, popcnt, avx, avx2, aes, clmul, erms, 3dnowpref, lzcnt, ht, tsc, tscinvbit, bmi1, bmi2, adx

Memory: 4k page, physical 8227448k(957764k free), swap 14518904k(2654636k free)

vm_info: Java HotSpot(TM) 64-Bit Server VM (25.311-b11) for windows-amd64 JRE (1.8.0_311-b11), built on Sep 27 2021 05:15:14 by "java_re" with MS VC++ 15.9 (VS2017)

time: Sat Jun 29 23:53:39 2024
timezone: Забайкальское стандартное время
elapsed time: 0.916338 seconds (0d 0h 0m 0s)

