#
# A fatal error has been detected by the Java Runtime Environment:
#
#  EXCEPTION_ACCESS_VIOLATION (0xc0000005) at pc=0x000000007110b5db, pid=920, tid=0x0000000000004918
#
# JRE version: Java(TM) SE Runtime Environment (8.0_311-b11) (build 1.8.0_311-b11)
# Java VM: Java HotSpot(TM) 64-Bit Server VM (25.311-b11 mixed mode windows-amd64 compressed oops)
# Problematic frame:
# C  [jSSC-2.8_x86_64.dll+0xb5db]
#
# Failed to write core dump. Minidumps are not enabled by default on client versions of Windows
#
# If you would like to submit a bug report, please visit:
#   http://bugreport.java.com/bugreport/crash.jsp
# The crash happened outside the Java Virtual Machine in native code.
# See problematic frame for where to report the bug.
#

---------------  T H R E A D  ---------------

Current thread (0x00000203295ae800):  JavaThread "JavaFX Application Thread" [_thread_in_native, id=18712, stack(0x000000fe36500000,0x000000fe36600000)]

siginfo: ExceptionCode=0xc0000005, reading address 0x000000002e413393

Registers:
RAX=0x000000002e413393, RBX=0x000000fe365fd210, RCX=0x00007fffbb42afb4, RDX=0x0000000000000000
RSP=0x000000fe365fd1a0, RBP=0x000000fe365fd320, RSI=0x00000203295aea00, RDI=0x000000000000069c
R8 =0x000000fe365fd098, R9 =0x000000fe365fd190, R10=0x0000000000000000, R11=0x0000000000000246
R12=0x000000fe365fd3d8, R13=0x00000203295f30e0, R14=0x000000fe365fd2d0, R15=0x00000203295ae800
RIP=0x000000007110b5db, EFLAGS=0x0000000000010206

Top of Stack: (sp=0x000000fe365fd1a0)
0x000000fe365fd1a0:   0000020329b41310 00000203295f2d30
0x000000fe365fd1b0:   000000007110b230 0000020310d20000
0x000000fe365fd1c0:   0000020310cb0000 0000000000000004
0x000000fe365fd1d0:   00000203295aea00 000000000000069c
0x000000fe365fd1e0:   000000fe365fd320 0000000071112590
0x000000fe365fd1f0:   00000203295ae800 000000fe365fd2d0
0x000000fe365fd200:   00000203295f30e0 000000fe365fd3d8
0x000000fe365fd210:   00000203295f30e0 00007fffbb3a5d21
0x000000fe365fd220:   000000fe365fd250 0000020310d20000
0x000000fe365fd230:   000000fe365fd320 0000000000000000
0x000000fe365fd240:   0000000071113500 0000000071113be8
0x000000fe365fd250:   000000fe365fd280 0000000071112641
0x000000fe365fd260:   000000fe365fd1f0 00000203295aea00
0x000000fe365fd270:   0000000000000000 0000000000000000
0x000000fe365fd280:   000000fe365fd320 0000000071101595
0x000000fe365fd290:   000000000000001c 0000020300000000 

Instructions: (pc=0x000000007110b5db)
0x000000007110b5bb:   c5 0f 1f 40 00 55 57 56 53 48 83 ec 28 48 8b 05
0x000000007110b5cb:   39 33 01 00 48 89 cb 48 85 c0 0f 84 c5 00 00 00
0x000000007110b5db:   8b 38 85 ff 0f 88 ab 00 00 00 48 8b 05 1c 33 01
0x000000007110b5eb:   00 48 85 c0 0f 84 bc 00 00 00 8b 30 85 f6 74 57 


Register to memory mapping:

RAX=0x000000002e413393 is an unknown value
RBX=0x000000fe365fd210 is pointing into the stack for thread: 0x00000203295ae800
RCX=0x00007fffbb42afb4 is an unknown value
RDX=0x0000000000000000 is an unknown value
RSP=0x000000fe365fd1a0 is pointing into the stack for thread: 0x00000203295ae800
RBP=0x000000fe365fd320 is pointing into the stack for thread: 0x00000203295ae800
RSI=0x00000203295aea00 is an unknown value
RDI=0x000000000000069c is an unknown value
R8 =0x000000fe365fd098 is pointing into the stack for thread: 0x00000203295ae800
R9 =0x000000fe365fd190 is pointing into the stack for thread: 0x00000203295ae800
R10=0x0000000000000000 is an unknown value
R11=0x0000000000000246 is an unknown value
R12=0x000000fe365fd3d8 is pointing into the stack for thread: 0x00000203295ae800
R13=0x00000203295f30e0 is an unknown value
R14=0x000000fe365fd2d0 is pointing into the stack for thread: 0x00000203295ae800
R15=0x00000203295ae800 is a thread


Stack: [0x000000fe36500000,0x000000fe36600000],  sp=0x000000fe365fd1a0,  free space=1012k
Native frames: (J=compiled Java code, j=interpreted, Vv=VM code, C=native code)
C  [jSSC-2.8_x86_64.dll+0xb5db]
C  [jSSC-2.8_x86_64.dll+0x12590]
C  [jSSC-2.8_x86_64.dll+0x1595]
C  0x00000203127ca02e

Java frames: (J=compiled Java code, j=interpreted, Vv=VM code)
j  jssc.SerialNativeInterface.openPort(Ljava/lang/String;Z)J+0
j  jssc.SerialPort.openPort()Z+65
j  main.DisplayController.comPortInit()V+446
j  main.DisplayController.initialize(Ljava/net/URL;Ljava/util/ResourceBundle;)V+35
j  javafx.fxml.FXMLLoader.loadImpl(Ljava/io/InputStream;Ljava/lang/Class;)Ljava/lang/Object;+265
j  javafx.fxml.FXMLLoader.loadImpl(Ljava/lang/Class;)Ljava/lang/Object;+30
j  javafx.fxml.FXMLLoader.loadImpl(Ljava/net/URL;Ljava/util/ResourceBundle;Ljavafx/util/BuilderFactory;Ljavafx/util/Callback;Ljava/nio/charset/Charset;Ljava/lang/Class;)Ljava/lang/Object;+34
j  javafx.fxml.FXMLLoader.loadImpl(Ljava/net/URL;Ljava/util/ResourceBundle;Ljavafx/util/BuilderFactory;Ljavafx/util/Callback;Ljava/lang/Class;)Ljava/lang/Object;+11
j  javafx.fxml.FXMLLoader.loadImpl(Ljava/net/URL;Ljava/util/ResourceBundle;Ljavafx/util/BuilderFactory;Ljava/lang/Class;)Ljava/lang/Object;+5
j  javafx.fxml.FXMLLoader.loadImpl(Ljava/net/URL;Ljava/util/ResourceBundle;Ljava/lang/Class;)Ljava/lang/Object;+4
j  javafx.fxml.FXMLLoader.loadImpl(Ljava/net/URL;Ljava/lang/Class;)Ljava/lang/Object;+3
j  javafx.fxml.FXMLLoader.load(Ljava/net/URL;)Ljava/lang/Object;+14
j  main.Main.start(Ljavafx/stage/Stage;)V+9
j  com.sun.javafx.application.LauncherImpl.lambda$launchApplication1$8(Ljava/util/concurrent/atomic/AtomicBoolean;Ljavafx/application/Application;)V+20
j  com.sun.javafx.application.LauncherImpl$$Lambda$55.run()V+8
j  com.sun.javafx.application.PlatformImpl.lambda$runAndWait$7(Ljava/lang/Runnable;Ljava/util/concurrent/CountDownLatch;)V+1
j  com.sun.javafx.application.PlatformImpl$$Lambda$47.run()V+8
j  com.sun.javafx.application.PlatformImpl.lambda$null$5(Ljava/lang/Runnable;)Ljava/lang/Void;+1
j  com.sun.javafx.application.PlatformImpl$$Lambda$50.run()Ljava/lang/Object;+4
v  ~StubRoutines::call_stub
j  java.security.AccessController.doPrivileged(Ljava/security/PrivilegedAction;Ljava/security/AccessControlContext;)Ljava/lang/Object;+0
j  com.sun.javafx.application.PlatformImpl.lambda$runLater$6(Ljava/lang/Runnable;Ljava/security/AccessControlContext;)V+7
j  com.sun.javafx.application.PlatformImpl$$Lambda$49.run()V+8
j  com.sun.glass.ui.InvokeLaterDispatcher$Future.run()V+4
v  ~StubRoutines::call_stub
j  com.sun.glass.ui.win.WinApplication._runLoop(Ljava/lang/Runnable;)V+0
j  com.sun.glass.ui.win.WinApplication.lambda$null$4(ILjava/lang/Runnable;)V+8
j  com.sun.glass.ui.win.WinApplication$$Lambda$38.run()V+12
j  java.lang.Thread.run()V+11
v  ~StubRoutines::call_stub

---------------  P R O C E S S  ---------------

Java Threads: ( => current thread )
  0x000002032989c800 JavaThread "Prism Font Disposer" daemon [_thread_blocked, id=17284, stack(0x000000fe36c00000,0x000000fe36d00000)]
  0x0000020329735000 JavaThread "Thread-4" daemon [_thread_in_native, id=7780, stack(0x000000fe36900000,0x000000fe36a00000)]
  0x000002032974c000 JavaThread "Timer-0" [_thread_blocked, id=14644, stack(0x000000fe36b00000,0x000000fe36c00000)]
  0x0000020329754800 JavaThread "JavaFX-Launcher" [_thread_blocked, id=10356, stack(0x000000fe36a00000,0x000000fe36b00000)]
=>0x00000203295ae800 JavaThread "JavaFX Application Thread" [_thread_in_native, id=18712, stack(0x000000fe36500000,0x000000fe36600000)]
  0x0000020329590000 JavaThread "Thread-1" daemon [_thread_blocked, id=12088, stack(0x000000fe36400000,0x000000fe36500000)]
  0x0000020329191000 JavaThread "QuantumRenderer-0" daemon [_thread_blocked, id=132, stack(0x000000fe36300000,0x000000fe36400000)]
  0x0000020328db0800 JavaThread "Service Thread" daemon [_thread_blocked, id=12360, stack(0x000000fe36100000,0x000000fe36200000)]
  0x00000203279e8000 JavaThread "C1 CompilerThread3" daemon [_thread_blocked, id=18680, stack(0x000000fe36000000,0x000000fe36100000)]
  0x00000203279da000 JavaThread "C2 CompilerThread2" daemon [_thread_blocked, id=11148, stack(0x000000fe35f00000,0x000000fe36000000)]
  0x00000203279d9000 JavaThread "C2 CompilerThread1" daemon [_thread_blocked, id=15176, stack(0x000000fe35e00000,0x000000fe35f00000)]
  0x00000203279c9800 JavaThread "C2 CompilerThread0" daemon [_thread_blocked, id=12648, stack(0x000000fe35d00000,0x000000fe35e00000)]
  0x00000203279c5800 JavaThread "Attach Listener" daemon [_thread_blocked, id=9660, stack(0x000000fe35c00000,0x000000fe35d00000)]
  0x00000203279c5000 JavaThread "Signal Dispatcher" daemon [_thread_blocked, id=2796, stack(0x000000fe35b00000,0x000000fe35c00000)]
  0x00000203279b0800 JavaThread "Finalizer" daemon [_thread_blocked, id=9796, stack(0x000000fe35a00000,0x000000fe35b00000)]
  0x0000020326db9000 JavaThread "Reference Handler" daemon [_thread_blocked, id=12888, stack(0x000000fe35900000,0x000000fe35a00000)]
  0x0000020310d50800 JavaThread "main" [_thread_blocked, id=11176, stack(0x000000fe34f00000,0x000000fe35000000)]

Other Threads:
  0x0000020327984000 VMThread [stack: 0x000000fe35800000,0x000000fe35900000] [id=10128]
  0x0000020328ddc000 WatcherThread [stack: 0x000000fe36200000,0x000000fe36300000] [id=17376]

VM state:not at safepoint (normal execution)

VM Mutex/Monitor currently owned by a thread: None

heap address: 0x0000000082600000, size: 2010 MB, Compressed Oops mode: 32-bit
Narrow klass base: 0x0000000000000000, Narrow klass shift: 3
Compressed class space size: 1073741824 Address: 0x0000000100000000

Heap:
 PSYoungGen      total 37888K, used 28188K [0x00000000d6200000, 0x00000000d8c00000, 0x0000000100000000)
  eden space 32768K, 86% used [0x00000000d6200000,0x00000000d7d873a8,0x00000000d8200000)
  from space 5120K, 0% used [0x00000000d8700000,0x00000000d8700000,0x00000000d8c00000)
  to   space 5120K, 0% used [0x00000000d8200000,0x00000000d8200000,0x00000000d8700000)
 ParOldGen       total 86016K, used 0K [0x0000000082600000, 0x0000000087a00000, 0x00000000d6200000)
  object space 86016K, 0% used [0x0000000082600000,0x0000000082600000,0x0000000087a00000)
 Metaspace       used 13964K, capacity 14448K, committed 14720K, reserved 1062912K
  class space    used 1754K, capacity 1902K, committed 1920K, reserved 1048576K

Card table byte_map: [0x0000020321b70000,0x0000020321f60000] byte_map_base: 0x000002032175d000

Marking Bits: (ParMarkBitMap*) 0x0000000062ca8030
 Begin Bits: [0x0000020322200000, 0x0000020324168000)
 End Bits:   [0x0000020324168000, 0x00000203260d0000)

Polling page: 0x0000020310d10000

CodeCache: size=245760Kb used=3770Kb max_used=3783Kb free=241990Kb
 bounds [0x00000203127b0000, 0x0000020312b70000, 0x00000203217b0000]
 total_blobs=1587 nmethods=1075 adapters=425
 compilation: enabled

Compilation events (10 events):
Event: 0.831 Thread 0x00000203279e8000 nmethod 1071 0x0000020312b4f590 code [0x0000020312b4f720, 0x0000020312b4fb80]
Event: 0.831 Thread 0x00000203279e8000 1068       3       jdk.internal.org.objectweb.asm.MethodWriter::visitEnd (1 bytes)
Event: 0.831 Thread 0x00000203279e8000 nmethod 1068 0x0000020312b4f250 code [0x0000020312b4f3a0, 0x0000020312b4f4f8]
Event: 0.831 Thread 0x00000203279e8000 1069       3       jdk.internal.org.objectweb.asm.MethodWriter::getSize (838 bytes)
Event: 0.831 Thread 0x00000203279da000 1074   !   4       sun.misc.URLClassPath$JarLoader::getResource (85 bytes)
Event: 0.832 Thread 0x00000203279e8000 nmethod 1069 0x0000020312b5c690 code [0x0000020312b5cb00, 0x0000020312b5eef0]
Event: 0.832 Thread 0x00000203279e8000 1072       1       java.util.Formatter$FormatSpecifier::index (5 bytes)
Event: 0.832 Thread 0x00000203279e8000 nmethod 1072 0x0000020312b4ed50 code [0x0000020312b4eea0, 0x0000020312b4efb8]
Event: 0.832 Thread 0x00000203279e8000 1075       3       java.lang.System::checkKey (34 bytes)
Event: 0.832 Thread 0x00000203279e8000 nmethod 1075 0x0000020312b4e690 code [0x0000020312b4e820, 0x0000020312b4ec10]

GC Heap History (0 events):
No events

Deoptimization events (6 events):
Event: 0.252 Thread 0x00000203295ae800 Uncommon trap: reason=unstable_if action=reinterpret pc=0x0000020312966410 method=java.lang.String.replace(CC)Ljava/lang/String; @ 26
Event: 0.398 Thread 0x00000203295ae800 Uncommon trap: reason=unstable_if action=reinterpret pc=0x00000203129a5678 method=java.lang.String.indexOf([CII[CIII)I @ 3
Event: 0.700 Thread 0x00000203295ae800 Uncommon trap: reason=unstable_if action=reinterpret pc=0x0000020312a20118 method=java.util.HashMap.getNode(ILjava/lang/Object;)Ljava/util/HashMap$Node; @ 84
Event: 0.700 Thread 0x00000203295ae800 Uncommon trap: reason=unstable_if action=reinterpret pc=0x0000020312a1a410 method=java.util.HashMap.getNode(ILjava/lang/Object;)Ljava/util/HashMap$Node; @ 84
Event: 0.731 Thread 0x00000203295ae800 Uncommon trap: reason=unstable_if action=reinterpret pc=0x0000020312a1f928 method=java.lang.AbstractStringBuilder.append(Ljava/lang/String;)Ljava/lang/AbstractStringBuilder; @ 1
Event: 0.806 Thread 0x00000203295ae800 Uncommon trap: reason=unstable_if action=reinterpret pc=0x0000020312b33684 method=org.sqlite.SQLiteJDBCLoader.contentsEquals(Ljava/io/InputStream;Ljava/io/InputStream;)Z @ 39

Classes redefined (0 events):
No events

Internal exceptions (10 events):
Event: 0.101 Thread 0x0000020310d50800 Exception <a 'java/security/PrivilegedActionException'> (0x00000000d64dd8c0) thrown at [C:\jenkins\workspace\8-2-build-windows-amd64-cygwin\jdk8u311\1894\hotspot\src\share\vm\prims\jvm.cpp, line 1523]
Event: 0.101 Thread 0x0000020310d50800 Exception <a 'java/security/PrivilegedActionException'> (0x00000000d64ddad0) thrown at [C:\jenkins\workspace\8-2-build-windows-amd64-cygwin\jdk8u311\1894\hotspot\src\share\vm\prims\jvm.cpp, line 1523]
Event: 0.102 Thread 0x0000020310d50800 Exception <a 'java/lang/NullPointerException'> (0x00000000d64de0a8) thrown at [C:\jenkins\workspace\8-2-build-windows-amd64-cygwin\jdk8u311\1894\hotspot\src\share\vm\interpreter\linkResolver.cpp, line 1185]
Event: 0.320 Thread 0x00000203295ae800 Exception <a 'java/lang/NullPointerException'> (0x00000000d6fde2d8) thrown at [C:\jenkins\workspace\8-2-build-windows-amd64-cygwin\jdk8u311\1894\hotspot\src\share\vm\interpreter\linkResolver.cpp, line 1185]
Event: 0.320 Thread 0x00000203295ae800 Exception <a 'java/lang/NullPointerException'> (0x00000000d6fde2d8) thrown at [C:\jenkins\workspace\8-2-build-windows-amd64-cygwin\jdk8u311\1894\hotspot\src\share\vm\prims\jvm.cpp, line 1527]
Event: 0.328 Thread 0x00000203295ae800 Exception <a 'java/io/IOException'> (0x00000000d7017020) thrown at [C:\jenkins\workspace\8-2-build-windows-amd64-cygwin\jdk8u311\1894\hotspot\src\share\vm\prims\jni.cpp, line 710]
Event: 0.731 Thread 0x00000203295ae800 Implicit null exception at 0x0000020312a1f559 to 0x0000020312a1f911
Event: 0.762 Thread 0x00000203295ae800 Exception <a 'sun/nio/fs/WindowsException'> (0x00000000d7c08598) thrown at [C:\jenkins\workspace\8-2-build-windows-amd64-cygwin\jdk8u311\1894\hotspot\src\share\vm\prims\jni.cpp, line 710]
Event: 0.762 Thread 0x00000203295ae800 Exception <a 'sun/nio/fs/WindowsException'> (0x00000000d7c08ec0) thrown at [C:\jenkins\workspace\8-2-build-windows-amd64-cygwin\jdk8u311\1894\hotspot\src\share\vm\prims\jni.cpp, line 710]
Event: 0.763 Thread 0x00000203295ae800 Exception <a 'sun/nio/fs/WindowsException'> (0x00000000d7c0a7a8) thrown at [C:\jenkins\workspace\8-2-build-windows-amd64-cygwin\jdk8u311\1894\hotspot\src\share\vm\prims\jni.cpp, line 710]

Events (10 events):
Event: 0.826 loading class org/sqlite/jdbc3/JDBC3ResultSet
Event: 0.826 loading class org/sqlite/jdbc3/JDBC3ResultSet done
Event: 0.830 loading class jssc/SerialPort$EventThread
Event: 0.830 loading class jssc/SerialPort$EventThread done
Event: 0.831 loading class jssc/SerialPort$LinuxEventThread
Event: 0.831 loading class jssc/SerialPort$LinuxEventThread done
Event: 0.831 loading class jssc/SerialPortTimeoutException
Event: 0.831 loading class jssc/SerialPortTimeoutException done
Event: 0.831 loading class jssc/SerialNativeInterface
Event: 0.831 loading class jssc/SerialNativeInterface done


Dynamic libraries:
0x00007ff640860000 - 0x00007ff6408a7000 	C:\Program Files\Java\jre1.8.0_311\bin\javaw.exe
0x00007fffbb390000 - 0x00007fffbb584000 	C:\Windows\SYSTEM32\ntdll.dll
0x00007fffb9560000 - 0x00007fffb961d000 	C:\Windows\System32\KERNEL32.DLL
0x00007fffb8d30000 - 0x00007fffb8ff7000 	C:\Windows\System32\KERNELBASE.dll
0x00007fffb9ab0000 - 0x00007fffb9b5a000 	C:\Windows\System32\ADVAPI32.dll
0x00007fffba3d0000 - 0x00007fffba46e000 	C:\Windows\System32\msvcrt.dll
0x00007fffb9640000 - 0x00007fffb96db000 	C:\Windows\System32\sechost.dll
0x00007fffb9980000 - 0x00007fffb9aa3000 	C:\Windows\System32\RPCRT4.dll
0x00007fffb9750000 - 0x00007fffb98f0000 	C:\Windows\System32\USER32.dll
0x00007fffb9160000 - 0x00007fffb9182000 	C:\Windows\System32\win32u.dll
0x00007fffb9530000 - 0x00007fffb955a000 	C:\Windows\System32\GDI32.dll
0x00007fffb8ad0000 - 0x00007fffb8bda000 	C:\Windows\System32\gdi32full.dll
0x00007fffb8c60000 - 0x00007fffb8cfd000 	C:\Windows\System32\msvcp_win.dll
0x00007fffb92a0000 - 0x00007fffb93a0000 	C:\Windows\System32\ucrtbase.dll
0x00007fffa5cc0000 - 0x00007fffa5f5a000 	C:\Windows\WinSxS\amd64_microsoft.windows.common-controls_6595b64144ccf1df_6.0.19041.1_none_b555e41d4684ddec\COMCTL32.dll
0x00007fffbb320000 - 0x00007fffbb350000 	C:\Windows\System32\IMM32.DLL
0x00007fffaaa10000 - 0x00007fffaaa25000 	C:\Program Files\Java\jre1.8.0_311\bin\vcruntime140.dll
0x00007fff6bbd0000 - 0x00007fff6bc6b000 	C:\Program Files\Java\jre1.8.0_311\bin\msvcp140.dll
0x00000000624c0000 - 0x0000000062d20000 	C:\Program Files\Java\jre1.8.0_311\bin\server\jvm.dll
0x00007fffb96e0000 - 0x00007fffb96e8000 	C:\Windows\System32\PSAPI.DLL
0x00007fffa2850000 - 0x00007fffa2859000 	C:\Windows\SYSTEM32\WSOCK32.dll
0x00007fffa6b60000 - 0x00007fffa6b87000 	C:\Windows\SYSTEM32\WINMM.dll
0x00007fffb2720000 - 0x00007fffb272a000 	C:\Windows\SYSTEM32\VERSION.dll
0x00007fffba360000 - 0x00007fffba3cb000 	C:\Windows\System32\WS2_32.dll
0x00007fffb7430000 - 0x00007fffb7443000 	C:\Windows\SYSTEM32\kernel.appcore.dll
0x00007fffb1a60000 - 0x00007fffb1a70000 	C:\Program Files\Java\jre1.8.0_311\bin\verify.dll
0x00007fffaa940000 - 0x00007fffaa96b000 	C:\Program Files\Java\jre1.8.0_311\bin\java.dll
0x00007fffaa880000 - 0x00007fffaa898000 	C:\Program Files\Java\jre1.8.0_311\bin\zip.dll
0x00007fffba640000 - 0x00007fffbad71000 	C:\Windows\System32\SHELL32.dll
0x00007fffb6c40000 - 0x00007fffb73ca000 	C:\Windows\SYSTEM32\windows.storage.dll
0x00007fffb9c40000 - 0x00007fffb9f94000 	C:\Windows\System32\combase.dll
0x00007fffb8550000 - 0x00007fffb857b000 	C:\Windows\SYSTEM32\Wldp.dll
0x00007fffba590000 - 0x00007fffba63e000 	C:\Windows\System32\SHCORE.dll
0x00007fffb96f0000 - 0x00007fffb9745000 	C:\Windows\System32\shlwapi.dll
0x00007fffb8a10000 - 0x00007fffb8a2f000 	C:\Windows\SYSTEM32\profapi.dll
0x0000020310fc0000 - 0x0000020310fc3000 	C:\Program Files\Java\jre1.8.0_311\bin\api-ms-win-core-console-l1-1-0.dll
0x0000020310fd0000 - 0x0000020310fd3000 	C:\Program Files\Java\jre1.8.0_311\bin\api-ms-win-core-console-l1-2-0.dll
0x0000020310fe0000 - 0x0000020310fe3000 	C:\Program Files\Java\jre1.8.0_311\bin\api-ms-win-core-datetime-l1-1-0.dll
0x0000020310ff0000 - 0x0000020310ff3000 	C:\Program Files\Java\jre1.8.0_311\bin\api-ms-win-core-debug-l1-1-0.dll
0x00000203292f0000 - 0x00000203292f3000 	C:\Program Files\Java\jre1.8.0_311\bin\api-ms-win-core-errorhandling-l1-1-0.dll
0x0000020329300000 - 0x0000020329304000 	C:\Program Files\Java\jre1.8.0_311\bin\api-ms-win-core-file-l1-1-0.dll
0x0000020329310000 - 0x0000020329313000 	C:\Program Files\Java\jre1.8.0_311\bin\api-ms-win-core-file-l1-2-0.dll
0x0000020329320000 - 0x0000020329323000 	C:\Program Files\Java\jre1.8.0_311\bin\api-ms-win-core-file-l2-1-0.dll
0x0000020329330000 - 0x0000020329333000 	C:\Program Files\Java\jre1.8.0_311\bin\api-ms-win-core-handle-l1-1-0.dll
0x0000020329340000 - 0x0000020329343000 	C:\Program Files\Java\jre1.8.0_311\bin\api-ms-win-core-heap-l1-1-0.dll
0x0000020329350000 - 0x0000020329353000 	C:\Program Files\Java\jre1.8.0_311\bin\api-ms-win-core-interlocked-l1-1-0.dll
0x0000020329360000 - 0x0000020329363000 	C:\Program Files\Java\jre1.8.0_311\bin\api-ms-win-core-libraryloader-l1-1-0.dll
0x0000020329370000 - 0x0000020329373000 	C:\Program Files\Java\jre1.8.0_311\bin\api-ms-win-core-localization-l1-2-0.dll
0x0000020329380000 - 0x0000020329383000 	C:\Program Files\Java\jre1.8.0_311\bin\api-ms-win-core-memory-l1-1-0.dll
0x0000020329390000 - 0x0000020329393000 	C:\Program Files\Java\jre1.8.0_311\bin\api-ms-win-core-namedpipe-l1-1-0.dll
0x00000203293a0000 - 0x00000203293a3000 	C:\Program Files\Java\jre1.8.0_311\bin\api-ms-win-core-processenvironment-l1-1-0.dll
0x00000203293b0000 - 0x00000203293b3000 	C:\Program Files\Java\jre1.8.0_311\bin\api-ms-win-core-processthreads-l1-1-0.dll
0x00000203293c0000 - 0x00000203293c3000 	C:\Program Files\Java\jre1.8.0_311\bin\api-ms-win-core-processthreads-l1-1-1.dll
0x00000203293d0000 - 0x00000203293d3000 	C:\Program Files\Java\jre1.8.0_311\bin\api-ms-win-core-profile-l1-1-0.dll
0x00000203293e0000 - 0x00000203293e3000 	C:\Program Files\Java\jre1.8.0_311\bin\api-ms-win-core-rtlsupport-l1-1-0.dll
0x00000203293f0000 - 0x00000203293f3000 	C:\Program Files\Java\jre1.8.0_311\bin\api-ms-win-core-string-l1-1-0.dll
0x0000020329400000 - 0x0000020329403000 	C:\Program Files\Java\jre1.8.0_311\bin\api-ms-win-core-synch-l1-1-0.dll
0x0000020329410000 - 0x0000020329413000 	C:\Program Files\Java\jre1.8.0_311\bin\api-ms-win-core-synch-l1-2-0.dll
0x0000020329420000 - 0x0000020329423000 	C:\Program Files\Java\jre1.8.0_311\bin\api-ms-win-core-sysinfo-l1-1-0.dll
0x0000020329430000 - 0x0000020329433000 	C:\Program Files\Java\jre1.8.0_311\bin\api-ms-win-core-timezone-l1-1-0.dll
0x0000020329440000 - 0x0000020329443000 	C:\Program Files\Java\jre1.8.0_311\bin\api-ms-win-core-util-l1-1-0.dll
0x0000020329450000 - 0x0000020329453000 	C:\Program Files\Java\jre1.8.0_311\bin\api-ms-win-crt-conio-l1-1-0.dll
0x0000020329460000 - 0x0000020329464000 	C:\Program Files\Java\jre1.8.0_311\bin\api-ms-win-crt-convert-l1-1-0.dll
0x0000020329470000 - 0x0000020329473000 	C:\Program Files\Java\jre1.8.0_311\bin\api-ms-win-crt-environment-l1-1-0.dll
0x0000020329480000 - 0x0000020329483000 	C:\Program Files\Java\jre1.8.0_311\bin\api-ms-win-crt-filesystem-l1-1-0.dll
0x0000020329490000 - 0x0000020329493000 	C:\Program Files\Java\jre1.8.0_311\bin\api-ms-win-crt-heap-l1-1-0.dll
0x00000203294a0000 - 0x00000203294a3000 	C:\Program Files\Java\jre1.8.0_311\bin\api-ms-win-crt-locale-l1-1-0.dll
0x00000203294b0000 - 0x00000203294b5000 	C:\Program Files\Java\jre1.8.0_311\bin\api-ms-win-crt-math-l1-1-0.dll
0x00000203294c0000 - 0x00000203294c5000 	C:\Program Files\Java\jre1.8.0_311\bin\api-ms-win-crt-multibyte-l1-1-0.dll
0x00000203294d0000 - 0x00000203294e0000 	C:\Program Files\Java\jre1.8.0_311\bin\api-ms-win-crt-private-l1-1-0.dll
0x00000203294e0000 - 0x00000203294e3000 	C:\Program Files\Java\jre1.8.0_311\bin\api-ms-win-crt-process-l1-1-0.dll
0x00000203294f0000 - 0x00000203294f4000 	C:\Program Files\Java\jre1.8.0_311\bin\api-ms-win-crt-runtime-l1-1-0.dll
0x0000020329500000 - 0x0000020329504000 	C:\Program Files\Java\jre1.8.0_311\bin\api-ms-win-crt-stdio-l1-1-0.dll
0x0000020329510000 - 0x0000020329514000 	C:\Program Files\Java\jre1.8.0_311\bin\api-ms-win-crt-string-l1-1-0.dll
0x0000020329520000 - 0x0000020329523000 	C:\Program Files\Java\jre1.8.0_311\bin\api-ms-win-crt-time-l1-1-0.dll
0x0000020329530000 - 0x0000020329533000 	C:\Program Files\Java\jre1.8.0_311\bin\api-ms-win-crt-utility-l1-1-0.dll
0x00007fff6bad0000 - 0x00007fff6bbca000 	C:\Program Files\Java\jre1.8.0_311\bin\ucrtbase.dll
0x00007fffb17f0000 - 0x00007fffb17fc000 	C:\Program Files\Java\jre1.8.0_311\bin\vcruntime140_1.dll
0x00007fffa9930000 - 0x00007fffa9953000 	C:\Program Files\Java\jre1.8.0_311\bin\prism_d3d.dll
0x00007fffa9ea0000 - 0x00007fffaa06d000 	C:\Windows\system32\d3d9.dll
0x00007fffb6630000 - 0x00007fffb665e000 	C:\Windows\SYSTEM32\dwmapi.dll
0x00007fffb6130000 - 0x00007fffb61cf000 	C:\Windows\system32\uxtheme.dll
0x00007fff89770000 - 0x00007fff89931000 	C:\Windows\System32\DriverStore\FileRepository\iigd_dch.inf_amd64_c4750617475dbc36\igdumdim64.dll
0x00007fffad2b0000 - 0x00007fffad3ca000 	C:\Windows\System32\DriverStore\FileRepository\iigd_dch.inf_amd64_c4750617475dbc36\igdgmm64.dll
0x00007fff78ef0000 - 0x00007fff7c872000 	C:\Windows\System32\DriverStore\FileRepository\iigd_dch.inf_amd64_c4750617475dbc36\igd9dxva64.dll
0x00007fffba010000 - 0x00007fffba13b000 	C:\Windows\System32\OLE32.dll
0x00007fffb9b60000 - 0x00007fffb9c35000 	C:\Windows\System32\OLEAUT32.dll
0x00007fff8a500000 - 0x00007fff8a542000 	C:\Program Files\Java\jre1.8.0_311\bin\glass.dll
0x00007fffb93f0000 - 0x00007fffb94ca000 	C:\Windows\System32\COMDLG32.dll
0x00007fffba470000 - 0x00007fffba585000 	C:\Windows\System32\MSCTF.dll
0x00007fffa9780000 - 0x00007fffa97c0000 	C:\Program Files\WIDCOMM\Bluetooth Software\btmmhook.dll
0x00007fffb8be0000 - 0x00007fffb8c5f000 	C:\Windows\System32\bcryptPrimitives.dll
0x00007fff90df0000 - 0x00007fff90e11000 	C:\Windows\System32\DriverStore\FileRepository\iigd_dch.inf_amd64_c4750617475dbc36\igdinfo64.dll
0x00007fffab2d0000 - 0x00007fffad295000 	C:\Windows\System32\DriverStore\FileRepository\iigd_dch.inf_amd64_c4750617475dbc36\igc64.dll
0x00007fffae890000 - 0x00007fffae8cb000 	C:\Windows\SYSTEM32\dxcore.dll
0x00007fffb93a0000 - 0x00007fffb93ed000 	C:\Windows\System32\cfgmgr32.dll
0x00007fffa3e10000 - 0x00007fffa3e24000 	C:\Program Files\Java\jre1.8.0_311\bin\javafx_font.dll
0x00007fff99d30000 - 0x00007fff99fae000 	C:\Windows\SYSTEM32\dwrite.dll
0x00007fffb84a0000 - 0x00007fffb84b8000 	C:\Windows\SYSTEM32\CRYPTSP.dll
0x00007fffb7b90000 - 0x00007fffb7bc4000 	C:\Windows\system32\rsaenh.dll
0x00007fffb8d00000 - 0x00007fffb8d27000 	C:\Windows\System32\bcrypt.dll
0x00007fffb89d0000 - 0x00007fffb89fe000 	C:\Windows\SYSTEM32\USERENV.dll
0x00007fffb84c0000 - 0x00007fffb84cc000 	C:\Windows\SYSTEM32\CRYPTBASE.dll
0x00007fff9c930000 - 0x00007fff9c94c000 	C:\Program Files\Java\jre1.8.0_311\bin\net.dll
0x00007fffb82d0000 - 0x00007fffb833a000 	C:\Windows\system32\mswsock.dll
0x00007fffb7f50000 - 0x00007fffb7f8b000 	C:\Windows\SYSTEM32\IPHLPAPI.DLL
0x00007fffba350000 - 0x00007fffba359000 	C:\Windows\System32\NSI.dll
0x00007fffb1220000 - 0x00007fffb1237000 	C:\Windows\SYSTEM32\dhcpcsvc6.DLL
0x00007fffb1200000 - 0x00007fffb121d000 	C:\Windows\SYSTEM32\dhcpcsvc.DLL
0x00007fffb7f90000 - 0x00007fffb805a000 	C:\Windows\SYSTEM32\DNSAPI.dll
0x00007fff9c910000 - 0x00007fff9c923000 	C:\Program Files\Java\jre1.8.0_311\bin\nio.dll
0x00007fff6b580000 - 0x00007fff6b66c000 	C:\Users\id-05\AppData\Local\Temp\sqlite-3.42.0.1-9b793a92-5751-4212-ab25-09c37fbd9c57-sqlitejdbc.dll
0x0000000071100000 - 0x0000000071125000 	C:\Users\id-05\.jssc\windows\jSSC-2.8_x86_64.dll
0x00007fffa68b0000 - 0x00007fffa6a94000 	C:\Windows\SYSTEM32\dbghelp.dll

VM Arguments:
java_command: C:\Users\id-05\Dropbox\PROGRAMS_JAVA\RiedelChillerMonitor\out\artifacts\RiedelChillerMonitor_jar\RiedelChillerMonitor.jar
java_class_path (initial): C:\Users\id-05\Dropbox\PROGRAMS_JAVA\RiedelChillerMonitor\out\artifacts\RiedelChillerMonitor_jar\RiedelChillerMonitor.jar
Launcher Type: SUN_STANDARD

Environment Variables:
PATH=C:\PROGRAM FILES (X86)\COMMON FILES\ORACLE\JAVA\JAVAPATH;C:\WINDOWS\SYSTEM32;C:\WINDOWS;C:\WINDOWS\SYSTEM32\WBEM;C:\WINDOWS\SYSTEM32\WINDOWSPOWERSHELL\V1.0\;C:\WINDOWS\SYSTEM32\OPENSSH\;C:\PROGRAM FILES (X86)\NVIDIA CORPORATION\PHYSX\COMMON;C:\PROGRAM FILES\NVIDIA CORPORATION\NVIDIA NVDLISR;C:\PROGRAM FILES\GIT\CMD;C:\Program Files\Apache\Maven\BIN;C:\Program Files\WIDCOMM\Bluetooth Software\;C:\Program Files\WIDCOMM\Bluetooth Software\syswow64;C:\Program Files\Git\cmd;C:\Program Files (x86)\STMicroelectronics\STM32 ST-LINK Utility\ST-LINK Utility;C:\Program Files\Microsoft SQL Server\150\Tools\Binn\;C:\Program Files (x86)\Borland\Delphi7\Bin;C:\Program Files (x86)\Borland\Delphi7\Projects\Bpl;C:\Users\id-05\AppData\Local\Microsoft\WindowsApps;C:\Users\id-05\AppData\Local\Programs\Microsoft VS Code\bin
USERNAME=id-05
OS=Windows_NT
PROCESSOR_IDENTIFIER=Intel64 Family 6 Model 158 Stepping 10, GenuineIntel



---------------  S Y S T E M  ---------------

OS: Windows 10.0 , 64 bit Build 19041 (10.0.19041.1)

CPU:total 8 (initial active 8) (4 cores per cpu, 2 threads per core) family 6 model 158 stepping 10, cmov, cx8, fxsr, mmx, sse, sse2, sse3, ssse3, sse4.1, sse4.2, popcnt, avx, avx2, aes, clmul, erms, 3dnowpref, lzcnt, ht, tsc, tscinvbit, bmi1, bmi2, adx

Memory: 4k page, physical 8227448k(951912k free), swap 14518904k(2644020k free)

vm_info: Java HotSpot(TM) 64-Bit Server VM (25.311-b11) for windows-amd64 JRE (1.8.0_311-b11), built on Sep 27 2021 05:15:14 by "java_re" with MS VC++ 15.9 (VS2017)

time: Sat Jun 29 23:53:50 2024
timezone: Забайкальское стандартное время
elapsed time: 0.904152 seconds (0d 0h 0m 0s)

